MPIDI_Process.*
  verbose               : 22176840
  statistics            : 1
  contexts              : 0
  async_progress        : 1
  context_post          : 0
  pt2pt.limits
    application
      eager
        remote, local   : 1, 4097
      short
        remote, local   : 4097, 113
    internal
      eager
        remote, local   : 113, 4097
      short
        remote, local   : 4097, 113
  rma_pending           : 113
  shmem_pt2pt           : 1000
  disable_internal_eager_scale : 1
  optimized.collectives : 524288
  optimized.select_colls: 1
  optimized.subcomms    : 2
  optimized.memory      : 1
  optimized.num_requests: 0
  mpir_nbc              : 16
  numTasks              : 1
mpi thread level        : 'MPI_THREAD_SINGLE'
MPIU_THREAD_GRANULARITY : 'per object'
ASSERT_LEVEL            : 2
MPICH_LIBDIR           : not defined
The following MPICH_* environment variables were specified:
The following PAMID_* environment variables were specified:
  PAMID_VERBOSE=1
The following PAMI_* environment variables were specified:
The following COMMAGENT_* environment variables were specified:
The following MUSPI_* environment variables were specified:
The following BG_* environment variables were specified:
  BG_SHAREDMEMSIZE=64MB
model /projects/HighLift/cwsmith/phasta-boeing-1B/translated-model.dmg loaded in 2.074877 seconds
mesh bz2:/projects/HighLift/cwsmith/phasta-boeing-1B/256Ki/mdsMesh_bz2/ loaded in 6.283152 seconds
number of tet 1289217728 hex 0 prism 0 pyramid 0
mesh entity counts: v 223775111 e 1518185201 f 2583627817 r 1289217728
PARMA_STATUS initial disconnected <max avg> 4 0.003
PARMA_STATUS initial neighbors <max avg> 82 16.029
PARMA_STATUS initial smallest side of max neighbor part 1
PARMA_STATUS initial num parts with max neighbors 1
PARMA_STATUS initial empty parts 0
PARMA_STATUS initial small neighbor counts 1:188156 2:90248 3:77418 4:75292 5:73396 6:69554 7:68138 8:65704 9:63804 10:62794 
PARMA_STATUS initial weighted vtx <tot max min avg> 298550833.0 1341.0 933.0 1138.881
PARMA_STATUS initial weighted edge <tot max min avg> 1726270330.0 7079.0 5695.0 6585.199
PARMA_STATUS initial weighted face <tot max min avg> 2717199569.0 10710.0 9224.0 10365.294
PARMA_STATUS initial weighted rgn <tot max min avg> 1289217728.0 5005.0 4379.0 4917.975
PARMA_STATUS initial owned bdry vtx <tot max min avg> 60331057 850 0 230.145
PARMA_STATUS initial shared bdry vtx <tot max min avg> 135106779 871 221 515.391
PARMA_STATUS initial model bdry vtx <tot max min avg> 6340019 297 0 24.185
PARMA_STATUS initial sharedSidesToElements <max min avg> 0.354 0.080 0.207
PARMA_STATUS initial entity imbalance <v e f r>: 1.18 1.07 1.03 1.02
PARMA_STATUS stepFactor 0.500
PARMA_STATUS sideTol 515
PARMA_STATUS measureGraphDist elapsed time 1.236040 seconds
PARMA_STATUS vtxImb 1.177472 avgSides 515.391460
PARMA_STATUS vtx imbalance 1.177 avg 1138.881
PARMA_STATUS imbSlope 1.000000 sidesSlope 1.000000
PARMA_STATUS 4477438 elements migrated in 0.486741 seconds
PARMA_STATUS measureGraphDist update  elapsed time 0.170213 seconds
PARMA_STATUS vtxImb 1.080155 avgSides 515.140312
PARMA_STATUS vtx imbalance 1.080 avg 1138.725
PARMA_STATUS imbSlope 1.000000 sidesSlope 1.000000
PARMA_STATUS 2613169 elements migrated in 0.299350 seconds
PARMA_STATUS measureGraphDist update  elapsed time 0.166609 seconds
PARMA_STATUS vtxImb 1.066427 avgSides 514.646221
PARMA_STATUS vtx imbalance 1.066 avg 1138.381
PARMA_STATUS imbSlope 0.620297 sidesSlope 0.623441
PARMA_STATUS 1917777 elements migrated in 0.240178 seconds
PARMA_STATUS measureGraphDist update  elapsed time 0.165453 seconds
PARMA_STATUS vtxImb 1.058785 avgSides 514.247101
PARMA_STATUS vtx imbalance 1.059 avg 1138.097
PARMA_STATUS imbSlope 0.461029 sidesSlope 0.332187
PARMA_STATUS vertices balanced in 3 steps to 1.060000 in 5.128924 seconds
PARMA_STATUS post vertices disconnected <max avg> 3 0.024
PARMA_STATUS post vertices neighbors <max avg> 80 16.012
PARMA_STATUS post vertices smallest side of max neighbor part 1
PARMA_STATUS post vertices num parts with max neighbors 1
PARMA_STATUS post vertices empty parts 0
PARMA_STATUS post vertices small neighbor counts 1:178556 2:89506 3:79724 4:74318 5:73748 6:70370 7:68366 8:67126 9:64788 10:63298 
PARMA_STATUS post vertices weighted vtx <tot max min avg> 298345187.0 1205.0 970.0 1138.097
PARMA_STATUS post vertices weighted edge <tot max min avg> 1725767976.0 6798.0 5830.0 6583.282
PARMA_STATUS post vertices weighted face <tot max min avg> 2716902332.0 10760.0 9222.0 10364.160
PARMA_STATUS post vertices weighted rgn <tot max min avg> 1289217728.0 5180.0 4329.0 4917.975
PARMA_STATUS post vertices owned bdry vtx <tot max min avg> 60236716 732 0 229.785
PARMA_STATUS post vertices shared bdry vtx <tot max min avg> 134806792 732 238 514.247
PARMA_STATUS post vertices model bdry vtx <tot max min avg> 6359095 325 0 24.258
PARMA_STATUS post vertices sharedSidesToElements <max min avg> 0.333 0.080 0.207
PARMA_STATUS post vertices entity imbalance <v e f r>: 1.06 1.03 1.04 1.05
PARMA_STATUS stepFactor 0.500
PARMA_STATUS maxVtx 1205.000
PARMA_STATUS sideTol 514
PARMA_STATUS vtx imbalance 1.059
PARMA_STATUS measureGraphDist elapsed time 1.090172 seconds
PARMA_STATUS elmImb 1.053279 avgSides 514.247101
PARMA_STATUS elm imbalance 1.053 avg 4917.975
PARMA_STATUS imbSlope 1.000000 sidesSlope 1.000000
PARMA_STATUS 3563658 elements migrated in 0.314199 seconds
PARMA_STATUS vtx imbalance 1.059
PARMA_STATUS measureGraphDist update  elapsed time 0.170265 seconds
PARMA_STATUS elmImb 1.025422 avgSides 513.340900
PARMA_STATUS elm imbalance 1.025 avg 4917.975
PARMA_STATUS imbSlope 1.000000 sidesSlope 1.000000
PARMA_STATUS elements balanced in 1 steps to 1.050000 in 2.587568 seconds
PARMA_STATUS final disconnected <max avg> 5 0.113
PARMA_STATUS final neighbors <max avg> 81 16.002
PARMA_STATUS final smallest side of max neighbor part 1
PARMA_STATUS final num parts with max neighbors 1
PARMA_STATUS final empty parts 0
PARMA_STATUS final small neighbor counts 1:178690 2:89568 3:76676 4:72190 5:73034 6:69934 7:68978 8:67264 9:64968 10:63920 
PARMA_STATUS final weighted vtx <tot max min avg> 298213370.0 1205.0 952.0 1137.594
PARMA_STATUS final weighted edge <tot max min avg> 1725410663.0 6782.0 5794.0 6581.919
PARMA_STATUS final weighted face <tot max min avg> 2716675834.0 10572.0 9373.0 10363.296
PARMA_STATUS final weighted rgn <tot max min avg> 1289217728.0 5043.0 4418.0 4917.975
PARMA_STATUS final owned bdry vtx <tot max min avg> 60130978 758 0 229.381
PARMA_STATUS final shared bdry vtx <tot max min avg> 134569237 758 227 513.341
PARMA_STATUS final model bdry vtx <tot max min avg> 6362496 313 0 24.271
PARMA_STATUS final sharedSidesToElements <max min avg> 0.335 0.079 0.206
PARMA_STATUS final entity imbalance <v e f r>: 1.06 1.03 1.02 1.03
