MPIDI_Process.*
  verbose               : 22302936
  statistics            : 1
  contexts              : 0
  async_progress        : 1
  context_post          : 0
  pt2pt.limits
    application
      eager
        remote, local   : 1, 4097
      short
        remote, local   : 4097, 113
    internal
      eager
        remote, local   : 113, 4097
      short
        remote, local   : 4097, 113
  rma_pending           : 113
  shmem_pt2pt           : 1000
  disable_internal_eager_scale : 1
  optimized.collectives : 524288
  optimized.select_colls: 1
  optimized.subcomms    : 2
  optimized.memory      : 1
  optimized.num_requests: 0
  mpir_nbc              : 16
  numTasks              : 1
mpi thread level        : 'MPI_THREAD_SINGLE'
MPIU_THREAD_GRANULARITY : 'per object'
ASSERT_LEVEL            : 2
MPICH_LIBDIR           : not defined
The following MPICH_* environment variables were specified:
The following PAMID_* environment variables were specified:
  PAMID_VERBOSE=1
The following PAMI_* environment variables were specified:
The following COMMAGENT_* environment variables were specified:
The following MUSPI_* environment variables were specified:
The following BG_* environment variables were specified:
  BG_SHAREDMEMSIZE=64MB
EnGPar Git hash 50c591a477b982469cef63655078b98daf838688
model /projects/TRAssembly_2/cwsmith/phasta-boeing-1B//translated-model.dmg loaded in 1.048286 seconds
mesh bz2:/projects/TRAssembly_2/cwsmith/phasta-boeing-1B//128Ki/mdsMesh_bz2/ loaded in 29.875568 seconds
number of tet 1289217728 hex 0 prism 0 pyramid 0
mesh entity counts: v 223775111 e 1518185201 f 2583627817 r 1289217728
render vtk off
PARMA_STATUS before disconnected <max avg> 3 0.003
PARMA_STATUS before neighbors <max avg> 98 15.341
PARMA_STATUS before smallest side of max neighbor part 1
PARMA_STATUS before num parts with max neighbors 1
PARMA_STATUS before empty parts 0
PARMA_STATUS before small neighbor counts 1:69768 2:35000 3:29408 4:27584 5:26862 6:25168 7:24484 8:23260 9:22646 10:22410 
PARMA_STATUS before weighted vtx <tot max min avg> 281333402.0 2424.0 1802.0 2146.404
PARMA_STATUS before weighted edge <tot max min avg> 1680751703.0 13450.0 11304.0 12823.118
PARMA_STATUS before weighted face <tot max min avg> 2688767101.0 21017.0 18297.0 20513.665
PARMA_STATUS before weighted rgn <tot max min avg> 1289217728.0 10013.0 8778.0 9835.951
PARMA_STATUS before owned bdry vtx <tot max min avg> 48683062 1197 0 371.422
PARMA_STATUS before shared bdry vtx <tot max min avg> 106241353 1246 280 810.557
PARMA_STATUS before model bdry vtx <tot max min avg> 6123536 423 0 46.719
PARMA_STATUS before sharedSidesToElements <max min avg> 0.255 0.057 0.163
PARMA_STATUS before entity imbalance <v e f r>: 1.13 1.05 1.02 1.02
Starting criteria type 0 with imbalances: 1.0180 1.1293 
Side Tolerance is: 1028
  Step took 0.276577 seconds
  Imbalances <v, e0, ...>: 1.0208 1.1123 
    Migrating 2503239 vertices took 0.364123 seconds
  Step took 0.276158 seconds
  Imbalances <v, e0, ...>: 1.0247 1.0964 
    Migrating 2597840 vertices took 0.687763 seconds
  Step took 0.274856 seconds
  Imbalances <v, e0, ...>: 1.0280 1.0800 
    Slope: -0.057281
    Migrating 2593253 vertices took 0.991242 seconds
  Step took 0.271238 seconds
  Imbalances <v, e0, ...>: 1.0308 1.0662 
    Slope: -0.056628
    Migrating 2406364 vertices took 1.286667 seconds
  Step took 0.270807 seconds
  Imbalances <v, e0, ...>: 1.0354 1.0577 
    Slope: -0.052204
    Migrating 2220814 vertices took 1.593248 seconds
  Step took 0.268849 seconds
  Imbalances <v, e0, ...>: 1.0412 1.0545 
    Slope: -0.037661
    Migrating 2095407 vertices took 1.883970 seconds
  Step took 0.272282 seconds
  Imbalances <v, e0, ...>: 1.0462 1.0509 
    Slope: -0.019204
    Migrating 2004389 vertices took 2.179493 seconds
  Step took 0.263675 seconds
  Imbalances <v, e0, ...>: 1.0465 1.0469 
    Slope: -0.012094
    Migrating 1939265 vertices took 2.475082 seconds
Completed criteria type 0 in 8 steps and took 5.464139 seconds
Starting criteria type -1 with imbalances: 1.0465 1.0469 
Side Tolerance is: 1092
Completed criteria type -1 in 0 steps and took 0.037834 seconds
EnGPar converged in 8 iterations in 5.504673 seconds
Migration took 2.476273 s, 44.984925% of the total time
Planning took 2.837199 s, 51.541651% of the total time
Distance Computation (part of Planning) took 0.886538 seconds, 16.105192% of the total time
Local Vertices <max, min, avg, imb> = <10293.000000 8847.000000 9835.950684 1.046467>
Total Vertices <max, min, avg, imb> = <20824 12940 16765.230843 1.242094>
Edges type 0 <max, min, avg, imb> = <2262.000000 1957.000000 2160.694153 1.046886>
Total Time: 8.874574
Construct Time: 1.653786
Balancing Time: 5.589301
Repartition Time: 1.432987
PARMA_STATUS after disconnected <max avg> 35 2.186
PARMA_STATUS after neighbors <max avg> 123 16.657
PARMA_STATUS after smallest side of max neighbor part 1
PARMA_STATUS after num parts with max neighbors 1
PARMA_STATUS after empty parts 0
PARMA_STATUS after small neighbor counts 1:35044 2:17116 3:20568 4:24448 5:28310 6:32562 7:36638 8:38522 9:38418 10:37894 
PARMA_STATUS after weighted vtx <tot max min avg> 283206504.0 2262.0 1957.0 2160.694
PARMA_STATUS after weighted edge <tot max min avg> 1684840912.0 13264.0 11842.0 12854.316
PARMA_STATUS after weighted face <tot max min avg> 2690964726.0 21268.0 18584.0 20530.432
PARMA_STATUS after weighted rgn <tot max min avg> 1289217728.0 10293.0 8847.0 9835.951
PARMA_STATUS after owned bdry vtx <tot max min avg> 48912803 1140 0 373.175
PARMA_STATUS after shared bdry vtx <tot max min avg> 108344196 1140 400 826.601
PARMA_STATUS after model bdry vtx <tot max min avg> 6157268 420 0 46.976
PARMA_STATUS after sharedSidesToElements <max min avg> 0.254 0.074 0.167
PARMA_STATUS after entity imbalance <v e f r>: 1.05 1.03 1.04 1.05

All tests passed
