MPIDI_Process.*
  verbose               : 22270104
  statistics            : 1
  contexts              : 0
  async_progress        : 1
  context_post          : 0
  pt2pt.limits
    application
      eager
        remote, local   : 1, 4097
      short
        remote, local   : 4097, 113
    internal
      eager
        remote, local   : 113, 4097
      short
        remote, local   : 4097, 113
  rma_pending           : 113
  shmem_pt2pt           : 1000
  disable_internal_eager_scale : 1
  optimized.collectives : 524288
  optimized.select_colls: 1
  optimized.subcomms    : 2
  optimized.memory      : 1
  optimized.num_requests: 0
  mpir_nbc              : 16
  numTasks              : 1
mpi thread level        : 'MPI_THREAD_SINGLE'
MPIU_THREAD_GRANULARITY : 'per object'
ASSERT_LEVEL            : 2
MPICH_LIBDIR           : not defined
The following MPICH_* environment variables were specified:
The following PAMID_* environment variables were specified:
  PAMID_VERBOSE=1
The following PAMI_* environment variables were specified:
The following COMMAGENT_* environment variables were specified:
The following MUSPI_* environment variables were specified:
The following BG_* environment variables were specified:
  BG_SHAREDMEMSIZE=64MB
EnGPar Git hash 4d85351e5fec9092b554bb22d1d9d919f3932d61
model /projects/HighLift/cwsmith/phasta-boeing-1B/translated-model.dmg loaded in 0.704299 seconds
mesh bz2:/projects/HighLift/cwsmith/phasta-boeing-1B/256Ki/mdsMesh_bz2/ loaded in 31.754092 seconds
number of tet 1289217728 hex 0 prism 0 pyramid 0
mesh entity counts: v 223775111 e 1518185201 f 2583627817 r 1289217728
render vtk off
PARMA_STATUS before disconnected <max avg> 4 0.003
PARMA_STATUS before neighbors <max avg> 82 16.029
PARMA_STATUS before smallest side of max neighbor part 1
PARMA_STATUS before num parts with max neighbors 1
PARMA_STATUS before empty parts 0
PARMA_STATUS before small neighbor counts 1:188156 2:90248 3:77418 4:75292 5:73396 6:69554 7:68138 8:65704 9:63804 10:62794 
PARMA_STATUS before weighted vtx <tot max min avg> 298550833.0 1341.0 933.0 1138.881
PARMA_STATUS before weighted edge <tot max min avg> 1726270330.0 7079.0 5695.0 6585.199
PARMA_STATUS before weighted face <tot max min avg> 2717199569.0 10710.0 9224.0 10365.294
PARMA_STATUS before weighted rgn <tot max min avg> 1289217728.0 5005.0 4379.0 4917.975
PARMA_STATUS before owned bdry vtx <tot max min avg> 60331057 850 0 230.145
PARMA_STATUS before shared bdry vtx <tot max min avg> 135106779 871 221 515.391
PARMA_STATUS before model bdry vtx <tot max min avg> 6340019 297 0 24.185
PARMA_STATUS before sharedSidesToElements <max min avg> 0.354 0.080 0.207
PARMA_STATUS before entity imbalance <v e f r>: 1.18 1.07 1.03 1.02
Starting criteria type 0 with imbalances: 1.0177 1.1775 
Step took 0.216666 seconds
Imbalances <v, e0, ...>: 1.0252 1.1509 
Step took 0.212718 seconds
Imbalances <v, e0, ...>: 1.0301 1.1281 
Step took 0.210277 seconds
Imbalances <v, e0, ...>: 1.0378 1.1032 
Step took 0.206745 seconds
Imbalances <v, e0, ...>: 1.0431 1.0799 
Step took 0.205118 seconds
Imbalances <v, e0, ...>: 1.0474 1.0589 
Step took 0.198380 seconds
Imbalances <v, e0, ...>: 1.0500 1.0616 
Step took 0.204425 seconds
Imbalances <v, e0, ...>: 1.0545 1.0557 
Step took 0.210489 seconds
Imbalances <v, e0, ...>: 1.0590 1.0560 
Step took 0.214328 seconds
Imbalances <v, e0, ...>: 1.0606 1.0633 
Completed criteria type 0 in 9 steps and took 3.984068 seconds
Starting criteria type -1 with imbalances: 1.0606 1.0633 
Step took 0.226701 seconds
Imbalances <v, e0, ...>: 1.0549 1.0621 
Step took 0.231153 seconds
Imbalances <v, e0, ...>: 1.0504 1.0624 
Step took 0.232567 seconds
Imbalances <v, e0, ...>: 1.0445 1.0616 
Completed criteria type -1 in 3 steps and took 1.324855 seconds
EnGPar converged in 14 iterations in 5.311763 seconds
Local Vertices <max, min, avg, imb> = <5137.000000 4422.000000 4917.975342 1.044536>
Total Vertices <max, min, avg, imb> = <14214 6747 9595.835426 1.481268>
Edges type 0 <max, min, avg, imb> = <1229.000000 1029.000000 1157.696079 1.061591>
Total Time: 7.534911
Construct Time: 0.848641
Balancing Time: 5.340101
Repartition Time: 1.251577
PARMA_STATUS after disconnected <max avg> 58 3.468
PARMA_STATUS after neighbors <max avg> 147 18.271
PARMA_STATUS after smallest side of max neighbor part 1
PARMA_STATUS after num parts with max neighbors 1
PARMA_STATUS after empty parts 0
PARMA_STATUS after small neighbor counts 1:101040 2:60884 3:81418 4:94952 5:103756 6:110580 7:114452 8:114462 9:109172 10:103612 
PARMA_STATUS after weighted vtx <tot max min avg> 303483081.0 1229.0 1029.0 1157.696
PARMA_STATUS after weighted edge <tot max min avg> 1737384076.0 6874.0 6093.0 6627.594
PARMA_STATUS after weighted face <tot max min avg> 2723317918.0 10681.0 9620.0 10388.633
PARMA_STATUS after weighted rgn <tot max min avg> 1289217728.0 5137.0 4422.0 4917.975
PARMA_STATUS after owned bdry vtx <tot max min avg> 61261399 799 0 233.694
PARMA_STATUS after shared bdry vtx <tot max min avg> 140969369 799 250 537.755
PARMA_STATUS after model bdry vtx <tot max min avg> 6394752 331 0 24.394
PARMA_STATUS after sharedSidesToElements <max min avg> 0.361 0.084 0.217
PARMA_STATUS after entity imbalance <v e f r>: 1.06 1.04 1.03 1.04

All tests passed
