MPIDI_Process.*
  verbose               : 22306640
  statistics            : 1
  contexts              : 0
  async_progress        : 1
  context_post          : 0
  pt2pt.limits
    application
      eager
        remote, local   : 1, 4097
      short
        remote, local   : 4097, 113
    internal
      eager
        remote, local   : 113, 4097
      short
        remote, local   : 4097, 113
  rma_pending           : 113
  shmem_pt2pt           : 1000
  disable_internal_eager_scale : 1
  optimized.collectives : 524288
  optimized.select_colls: 1
  optimized.subcomms    : 2
  optimized.memory      : 1
  optimized.num_requests: 0
  mpir_nbc              : 16
  numTasks              : 1
mpi thread level        : 'MPI_THREAD_SINGLE'
MPIU_THREAD_GRANULARITY : 'per object'
ASSERT_LEVEL            : 2
MPICH_LIBDIR           : not defined
The following MPICH_* environment variables were specified:
The following PAMID_* environment variables were specified:
  PAMID_VERBOSE=1
The following PAMI_* environment variables were specified:
The following COMMAGENT_* environment variables were specified:
The following MUSPI_* environment variables were specified:
The following BG_* environment variables were specified:
  BG_SHAREDMEMSIZE=64MB
EnGPar Git hash f6feb49cceea3d475ca3b66d318773fcb022e9e8
model /projects/TRAssembly_2/cwsmith/phasta-boeing-1B/translated-model.dmg loaded in 12.722961 seconds
mesh bz2:/projects/TRAssembly_2/cwsmith/phasta-boeing-1B/256Ki/mdsMesh_bz2/ loaded in 24.386717 seconds
number of tet 1289217728 hex 0 prism 0 pyramid 0
mesh entity counts: v 223775111 e 1518185201 f 2583627817 r 1289217728
render vtk off
PARMA_STATUS before disconnected <max avg> 4 0.003
PARMA_STATUS before neighbors <max avg> 82 16.029
PARMA_STATUS before smallest side of max neighbor part 1
PARMA_STATUS before num parts with max neighbors 1
PARMA_STATUS before empty parts 0
PARMA_STATUS before small neighbor counts 1:188156 2:90248 3:77418 4:75292 5:73396 6:69554 7:68138 8:65704 9:63804 10:62794 
PARMA_STATUS before weighted vtx <tot max min avg> 298550833.0 1341.0 933.0 1138.881
PARMA_STATUS before weighted edge <tot max min avg> 1726270330.0 7079.0 5695.0 6585.199
PARMA_STATUS before weighted face <tot max min avg> 2717199569.0 10710.0 9224.0 10365.294
PARMA_STATUS before weighted rgn <tot max min avg> 1289217728.0 5005.0 4379.0 4917.975
PARMA_STATUS before owned bdry vtx <tot max min avg> 60331057 850 0 230.145
PARMA_STATUS before shared bdry vtx <tot max min avg> 135106779 871 221 515.391
PARMA_STATUS before model bdry vtx <tot max min avg> 6340019 297 0 24.185
PARMA_STATUS before sharedSidesToElements <max min avg> 0.354 0.080 0.207
PARMA_STATUS before entity imbalance <v e f r>: 1.18 1.07 1.03 1.02
Starting criteria type 0 with imbalances: 1.0177 1.1775 
Side Tolerance is: 515
  Step took 0.195006 seconds
  Imbalances <v, e0, ...>: 1.0311 1.1322 
  Step took 0.197665 seconds
  Imbalances <v, e0, ...>: 1.0417 1.0913 
  Step took 0.200471 seconds
  Imbalances <v, e0, ...>: 1.0543 1.0687 
  Step took 0.201666 seconds
  Imbalances <v, e0, ...>: 1.0655 1.0510 
  Step took 0.201504 seconds
  Imbalances <v, e0, ...>: 1.0763 1.0448 
Completed criteria type 0 in 5 steps and took 2.600455 seconds
Starting criteria type -1 with imbalances: 1.0763 1.0448 
Side Tolerance is: 522
  Step took 0.267686 seconds
  Imbalances <v, e0, ...>: 1.0614 1.0494 
  Step took 0.281657 seconds
  Imbalances <v, e0, ...>: 1.0498 1.0499 
Completed criteria type -1 in 2 steps and took 0.965205 seconds
EnGPar converged in 7 iterations in 3.568493 seconds
Local Vertices <max, min, avg, imb> = <5163.000000 4410.000000 4917.975342 1.049822>
Total Vertices <max, min, avg, imb> = <13029 6684 9376.097672 1.389597>
Edges type 0 <max, min, avg, imb> = <1201.000000 975.000000 1143.970234 1.049852>
Total Time (s): 5.359950
Construct N-Graph from Mesh Time (s): 0.871623
EnGPar Balancing Time (s): 3.618559
Mesh Repartition Time (s): 0.897537
PARMA_STATUS after disconnected <max avg> 8 0.336
PARMA_STATUS after neighbors <max avg> 84 16.034
PARMA_STATUS after smallest side of max neighbor part 1
PARMA_STATUS after num parts with max neighbors 1
PARMA_STATUS after empty parts 0
PARMA_STATUS after small neighbor counts 1:164838 2:74826 3:53282 4:47258 5:48176 6:52368 7:57206 8:61334 9:64648 10:66464 
PARMA_STATUS after weighted vtx <tot max min avg> 299884933.0 1201.0 975.0 1143.970
PARMA_STATUS after weighted edge <tot max min avg> 1729428985.0 6811.0 5908.0 6597.248
PARMA_STATUS after weighted face <tot max min avg> 2719017498.0 10682.0 9540.0 10372.229
PARMA_STATUS after weighted rgn <tot max min avg> 1289217728.0 5163.0 4410.0 4917.975
PARMA_STATUS after owned bdry vtx <tot max min avg> 60684793 768 0 231.494
PARMA_STATUS after shared bdry vtx <tot max min avg> 136794615 768 234 521.830
PARMA_STATUS after model bdry vtx <tot max min avg> 6375280 325 0 24.320
PARMA_STATUS after sharedSidesToElements <max min avg> 0.346 0.084 0.210
PARMA_STATUS after entity imbalance <v e f r>: 1.05 1.03 1.03 1.05

All tests passed
