MPIDI_Process.*
  verbose               : 22306640
  statistics            : 1
  contexts              : 0
  async_progress        : 1
  context_post          : 0
  pt2pt.limits
    application
      eager
        remote, local   : 1, 4097
      short
        remote, local   : 4097, 113
    internal
      eager
        remote, local   : 113, 0
      short
        remote, local   : 0, 0
  rma_pending           : 0
  shmem_pt2pt           : 1000
  disable_internal_eager_scale : 1
  optimized.collectives : 524288
  optimized.select_colls: 1
  optimized.subcomms    : 2
  optimized.memory      : 1
  optimized.num_requests: 0
  mpir_nbc              : 16
  numTasks              : 1
mpi thread level        : 'MPI_THREAD_SINGLE'
MPIU_THREAD_GRANULARITY : 'per object'
ASSERT_LEVEL            : 2
MPICH_LIBDIR           : not defined
The following MPICH_* environment variables were specified:
The following PAMID_* environment variables were specified:
  PAMID_VERBOSE=1
The following PAMI_* environment variables were specified:
The following COMMAGENT_* environment variables were specified:
The following MUSPI_* environment variables were specified:
The following BG_* environment variables were specified:
  BG_SHAREDMEMSIZE=64MB
EnGPar Git hash f6feb49cceea3d475ca3b66d318773fcb022e9e8
model /projects/TRAssembly_2/cwsmith/phasta-boeing-1B/translated-model.dmg loaded in 10.343503 seconds
mesh bz2:/projects/TRAssembly_2/cwsmith/phasta-boeing-1B/512Ki/mdsMesh_bz2/ loaded in 34.681528 seconds
number of tet 1289217728 hex 0 prism 0 pyramid 0
mesh entity counts: v 223775111 e 1518185201 f 2583627817 r 1289217728
render vtk off
PARMA_STATUS before disconnected <max avg> 82 0.006
PARMA_STATUS before neighbors <max avg> 85 16.632
PARMA_STATUS before smallest side of max neighbor part 1
PARMA_STATUS before num parts with max neighbors 2
PARMA_STATUS before empty parts 0
PARMA_STATUS before small neighbor counts 1:511636 2:244088 3:211194 4:208394 5:206964 6:196330 7:193678 8:188466 9:182744 10:179882 
PARMA_STATUS before weighted vtx <tot max min avg> 320692946.0 938.0 494.0 611.673
PARMA_STATUS before weighted edge <tot max min avg> 1782967988.0 4575.0 2924.0 3400.742
PARMA_STATUS before weighted face <tot max min avg> 2752018224.0 6103.0 4666.0 5249.058
PARMA_STATUS before weighted rgn <tot max min avg> 1289217728.0 2503.0 2190.0 2458.988
PARMA_STATUS before owned bdry vtx <tot max min avg> 73769964 476 0 140.705
PARMA_STATUS before shared bdry vtx <tot max min avg> 170687799 844 116 325.561
PARMA_STATUS before model bdry vtx <tot max min avg> 6657577 186 0 12.698
PARMA_STATUS before sharedSidesToElements <max min avg> 0.912 0.093 0.261
PARMA_STATUS before entity imbalance <v e f r>: 1.53 1.35 1.16 1.02
Starting criteria type 0 with imbalances: 1.0179 1.5335 
Side Tolerance is: 325
  Step took 0.137230 seconds
  Imbalances <v, e0, ...>: 1.0911 1.3356 
  Step took 0.131972 seconds
  Imbalances <v, e0, ...>: 1.0765 1.2038 
  Step took 0.129238 seconds
  Imbalances <v, e0, ...>: 1.0911 1.1049 
  Step took 0.128734 seconds
  Imbalances <v, e0, ...>: 1.1000 1.0882 
  Step took 0.128236 seconds
  Imbalances <v, e0, ...>: 1.1269 1.0718 
  Step took 0.127872 seconds
  Imbalances <v, e0, ...>: 1.1273 1.0654 
  Step took 0.129895 seconds
  Imbalances <v, e0, ...>: 1.1456 1.0589 
  Step took 0.127817 seconds
  Imbalances <v, e0, ...>: 1.1399 1.0590 
  Step took 0.128446 seconds
  Imbalances <v, e0, ...>: 1.1562 1.0558 
  Step took 0.129407 seconds
  Imbalances <v, e0, ...>: 1.1436 1.0640 
Completed criteria type 0 in 10 steps and took 3.644258 seconds
Starting criteria type -1 with imbalances: 1.1436 1.0640 
Side Tolerance is: 335
  Step took 0.172139 seconds
  Imbalances <v, e0, ...>: 1.1196 1.0644 
  Step took 0.179171 seconds
  Imbalances <v, e0, ...>: 1.0992 1.0647 
  Step took 0.182092 seconds
  Imbalances <v, e0, ...>: 1.0878 1.0644 
  Step took 0.181081 seconds
  Imbalances <v, e0, ...>: 1.0761 1.0641 
  Step took 0.183719 seconds
  Imbalances <v, e0, ...>: 1.0679 1.0641 
  Step took 0.180806 seconds
  Imbalances <v, e0, ...>: 1.0606 1.0641 
  Step took 0.184298 seconds
  Imbalances <v, e0, ...>: 1.0553 1.0642 
  Step took 0.181153 seconds
  Imbalances <v, e0, ...>: 1.0496 1.0643 
Completed criteria type -1 in 8 steps and took 2.760179 seconds
EnGPar converged in 18 iterations in 6.407415 seconds
Local Vertices <max, min, avg, imb> = <2581.000000 2130.000000 2458.987671 1.049619>
Total Vertices <max, min, avg, imb> = <8593 3611 5423.384203 1.584435>
Edges type 0 <max, min, avg, imb> = <659.000000 498.000000 619.177477 1.064315>
Total Time (s): 7.847413
Construct N-Graph from Mesh Time (s): 0.473558
EnGPar Balancing Time (s): 6.445759
Mesh Repartition Time (s): 0.953410
PARMA_STATUS after disconnected <max avg> 8 0.457
PARMA_STATUS after neighbors <max avg> 82 16.643
PARMA_STATUS after smallest side of max neighbor part 1
PARMA_STATUS after num parts with max neighbors 1
PARMA_STATUS after empty parts 0
PARMA_STATUS after small neighbor counts 1:457908 2:202796 3:139314 4:127090 5:135594 6:147474 7:160538 8:173096 9:182160 10:186760 
PARMA_STATUS after weighted vtx <tot max min avg> 324627321.0 659.0 498.0 619.177
PARMA_STATUS after weighted edge <tot max min avg> 1792588146.0 3589.0 3086.0 3419.091
PARMA_STATUS after weighted face <tot max min avg> 2757687667.0 5446.0 4727.0 5259.872
PARMA_STATUS after weighted rgn <tot max min avg> 1289217728.0 2581.0 2130.0 2458.988
PARMA_STATUS after owned bdry vtx <tot max min avg> 75202000 492 0 143.436
PARMA_STATUS after shared bdry vtx <tot max min avg> 176054210 492 119 335.797
PARMA_STATUS after model bdry vtx <tot max min avg> 6726345 195 0 12.829
PARMA_STATUS after sharedSidesToElements <max min avg> 0.445 0.095 0.270
PARMA_STATUS after entity imbalance <v e f r>: 1.06 1.05 1.04 1.05

All tests passed
