ENGPAR Git hash 246a25c51ad813408a0b1b95b1c3304ebbef374f
ENGPAR Loaded graph /gpfs/u/home/ITAP/ITAPdmnd/scratch/aepw_edges/4096/_0.bgd.
ENGPAR Hyper N-graph Status
ENGPAR Vertices: 18416056
ENGPAR Edges: Type 0: 89420557 
ENGPAR Pins: Type 0: 178841114 
ENGPAR PARTITION : Empty Parts: 0
ENGPAR PARTITION : Disconnected Components: <max,tot> 1.000 30.000
ENGPAR PARTITION : Neighbors: <max,min,avg,imb> 42.000 4.000 13.847 3.033
ENGPAR PARTITION : Edge Cut: <max,tot> 7493.000 14757046.000
ENGPAR PARTITION : Local Vertex Imbalance: <max,min,avg,imb> 4721.000 2630.000 4496.107 1.050
ENGPAR PARTITION : Total Vertex Imbalance: <max,min,avg,imb> 7006.000 3999.000 6056.284 1.157
ENGPAR PARTITION : Edges type 0: <max,min,avg,imb> 35919.000 11742.000 23632.588 1.520
ENGPAR Starting criteria type -1 with imbalances: 1.0500 1.5199 
ENGPAR Side Tolerance is: 3602
ENGPAR   Step took 0.526065 seconds
ENGPAR   Imbalances <v, e0, ...>: 1.0456 1.5174 
ENGPAR Completed criteria type -1 in 1 steps and took 5.104303 seconds
ENGPAR Starting criteria type 0 with imbalances: 1.0456 1.5174 
ENGPAR Side Tolerance is: 3607
ENGPAR   Step took 4.219763 seconds
ENGPAR   Imbalances <v, e0, ...>: 1.0440 1.5121 
ENGPAR   Step took 4.637684 seconds
ENGPAR   Imbalances <v, e0, ...>: 1.0482 1.5072 
ENGPAR   Step took 4.726501 seconds
ENGPAR   Imbalances <v, e0, ...>: 1.0489 1.5018 
ENGPAR   Step took 4.735854 seconds
ENGPAR   Imbalances <v, e0, ...>: 1.0487 1.4972 
ENGPAR   Step took 4.788820 seconds
ENGPAR   Imbalances <v, e0, ...>: 1.0487 1.4927 
ENGPAR   Step took 4.822446 seconds
ENGPAR   Imbalances <v, e0, ...>: 1.0494 1.4895 
ENGPAR   Step took 4.896243 seconds
ENGPAR   Imbalances <v, e0, ...>: 1.0494 1.4866 
ENGPAR   Step took 4.888765 seconds
ENGPAR   Imbalances <v, e0, ...>: 1.0494 1.4835 
ENGPAR   Step took 5.001692 seconds
ENGPAR   Imbalances <v, e0, ...>: 1.0494 1.4804 
ENGPAR   Step took 5.044293 seconds
ENGPAR   Imbalances <v, e0, ...>: 1.0496 1.4776 
ENGPAR   Step took 5.141824 seconds
ENGPAR   Imbalances <v, e0, ...>: 1.0496 1.4756 
ENGPAR   Step took 5.121033 seconds
ENGPAR   Imbalances <v, e0, ...>: 1.0498 1.4741 
ENGPAR   Step took 5.073605 seconds
ENGPAR   Imbalances <v, e0, ...>: 1.0498 1.4723 
ENGPAR   Step took 5.030236 seconds
ENGPAR   Imbalances <v, e0, ...>: 1.0498 1.4707 
ENGPAR   Step took 5.059714 seconds
ENGPAR   Imbalances <v, e0, ...>: 1.0498 1.4689 
ENGPAR   Step took 5.171474 seconds
ENGPAR   Imbalances <v, e0, ...>: 1.0498 1.4672 
ENGPAR   Step took 5.184577 seconds
ENGPAR   Imbalances <v, e0, ...>: 1.0498 1.4658 
ENGPAR   Step took 5.310366 seconds
ENGPAR   Imbalances <v, e0, ...>: 1.0498 1.4639 
ENGPAR   Step took 5.273483 seconds
ENGPAR   Imbalances <v, e0, ...>: 1.0498 1.4622 
ENGPAR   Step took 5.502289 seconds
ENGPAR   Imbalances <v, e0, ...>: 1.0498 1.4608 
ENGPAR   Step took 5.430844 seconds
ENGPAR   Imbalances <v, e0, ...>: 1.0498 1.4593 
ENGPAR   Step took 5.568060 seconds
ENGPAR   Imbalances <v, e0, ...>: 1.0498 1.4580 
ENGPAR   Step took 5.545163 seconds
ENGPAR   Imbalances <v, e0, ...>: 1.0498 1.4570 
ENGPAR   Step took 5.551990 seconds
ENGPAR   Imbalances <v, e0, ...>: 1.0498 1.4555 
ENGPAR   Step took 5.622790 seconds
ENGPAR   Imbalances <v, e0, ...>: 1.0498 1.4543 
ENGPAR   Step took 5.447153 seconds
ENGPAR   Imbalances <v, e0, ...>: 1.0498 1.4532 
ENGPAR   Step took 5.514767 seconds
ENGPAR   Imbalances <v, e0, ...>: 1.0498 1.4521 
ENGPAR   Step took 5.395827 seconds
ENGPAR   Imbalances <v, e0, ...>: 1.0498 1.4508 
ENGPAR   Step took 5.264550 seconds
ENGPAR   Imbalances <v, e0, ...>: 1.0498 1.4496 
ENGPAR   Step took 5.394473 seconds
ENGPAR   Imbalances <v, e0, ...>: 1.0498 1.4487 
ENGPAR   Step took 5.606089 seconds
ENGPAR   Imbalances <v, e0, ...>: 1.0498 1.4482 
ENGPAR Completed criteria type 0 in 31 steps and took 175.833425 seconds
ENGPAR EnGPar converged in 31 iterations in 180.938681 seconds
ENGPAR PARTITION : Empty Parts: 0
ENGPAR PARTITION : Disconnected Components: <max,tot> 2.000 57.000
ENGPAR PARTITION : Neighbors: <max,min,avg,imb> 42.000 4.000 13.855 3.031
ENGPAR PARTITION : Edge Cut: <max,tot> 7447.000 14861044.000
ENGPAR PARTITION : Local Vertex Imbalance: <max,min,avg,imb> 4720.000 3436.000 4496.107 1.050
ENGPAR PARTITION : Total Vertex Imbalance: <max,min,avg,imb> 7236.000 4817.000 6076.852 1.191
ENGPAR PARTITION : Edges type 0: <max,min,avg,imb> 34242.000 14949.000 23645.283 1.448
