ENGPAR Git hash 246a25c51ad813408a0b1b95b1c3304ebbef374f
ENGPAR Loaded graph /gpfs/u/home/ITAP/ITAPdmnd/scratch/aepw_edges/4096/_0.bgd.
ENGPAR Hyper N-graph Status
ENGPAR Vertices: 18416056
ENGPAR Edges: Type 0: 89420557 
ENGPAR Pins: Type 0: 178841114 
ENGPAR PARTITION : Empty Parts: 0
ENGPAR PARTITION : Disconnected Components: <max,tot> 1.000 30.000
ENGPAR PARTITION : Neighbors: <max,min,avg,imb> 42.000 4.000 13.847 3.033
ENGPAR PARTITION : Edge Cut: <max,tot> 7493.000 14757046.000
ENGPAR PARTITION : Local Vertex Imbalance: <max,min,avg,imb> 4721.000 2630.000 4496.107 1.050
ENGPAR PARTITION : Total Vertex Imbalance: <max,min,avg,imb> 7006.000 3999.000 6056.284 1.157
ENGPAR PARTITION : Edges type 0: <max,min,avg,imb> 35919.000 11742.000 23632.588 1.520
ENGPAR Starting criteria type -1 with imbalances: 1.0500 1.5199 
ENGPAR Side Tolerance is: 3602
ENGPAR   Step took 0.481987 seconds
ENGPAR   Imbalances <v, e0, ...>: 1.0456 1.5174 
ENGPAR Completed criteria type -1 in 1 steps and took 4.657106 seconds
ENGPAR Starting criteria type 0 with imbalances: 1.0456 1.5174 
ENGPAR Side Tolerance is: 3613
ENGPAR   Step took 3.986112 seconds
ENGPAR   Imbalances <v, e0, ...>: 1.0442 1.5123 
ENGPAR   Step took 4.020781 seconds
ENGPAR   Imbalances <v, e0, ...>: 1.0487 1.5074 
ENGPAR   Step took 4.052326 seconds
ENGPAR   Imbalances <v, e0, ...>: 1.0489 1.5026 
ENGPAR   Step took 4.072193 seconds
ENGPAR   Imbalances <v, e0, ...>: 1.0494 1.4973 
ENGPAR   Step took 4.101985 seconds
ENGPAR   Imbalances <v, e0, ...>: 1.0494 1.4926 
ENGPAR   Step took 4.161972 seconds
ENGPAR   Imbalances <v, e0, ...>: 1.0494 1.4883 
ENGPAR   Step took 4.170520 seconds
ENGPAR   Imbalances <v, e0, ...>: 1.0491 1.4851 
ENGPAR   Step took 4.142089 seconds
ENGPAR   Imbalances <v, e0, ...>: 1.0494 1.4823 
ENGPAR   Step took 4.167352 seconds
ENGPAR   Imbalances <v, e0, ...>: 1.0491 1.4789 
ENGPAR   Step took 4.140265 seconds
ENGPAR   Imbalances <v, e0, ...>: 1.0494 1.4761 
ENGPAR   Step took 4.207740 seconds
ENGPAR   Imbalances <v, e0, ...>: 1.0498 1.4736 
ENGPAR   Step took 4.221453 seconds
ENGPAR   Imbalances <v, e0, ...>: 1.0496 1.4715 
ENGPAR   Step took 4.209061 seconds
ENGPAR   Imbalances <v, e0, ...>: 1.0496 1.4695 
ENGPAR   Step took 4.200599 seconds
ENGPAR   Imbalances <v, e0, ...>: 1.0496 1.4676 
ENGPAR   Step took 4.221808 seconds
ENGPAR   Imbalances <v, e0, ...>: 1.0498 1.4657 
ENGPAR   Step took 4.221951 seconds
ENGPAR   Imbalances <v, e0, ...>: 1.0498 1.4639 
ENGPAR   Step took 4.229208 seconds
ENGPAR   Imbalances <v, e0, ...>: 1.0498 1.4626 
ENGPAR   Step took 4.176934 seconds
ENGPAR   Imbalances <v, e0, ...>: 1.0498 1.4612 
ENGPAR   Step took 4.232811 seconds
ENGPAR   Imbalances <v, e0, ...>: 1.0498 1.4598 
ENGPAR   Step took 4.221271 seconds
ENGPAR   Imbalances <v, e0, ...>: 1.0498 1.4586 
ENGPAR   Step took 4.238408 seconds
ENGPAR   Imbalances <v, e0, ...>: 1.0498 1.4568 
ENGPAR   Step took 4.242977 seconds
ENGPAR   Imbalances <v, e0, ...>: 1.0498 1.4552 
ENGPAR   Step took 4.182942 seconds
ENGPAR   Imbalances <v, e0, ...>: 1.0498 1.4536 
ENGPAR   Step took 4.154538 seconds
ENGPAR   Imbalances <v, e0, ...>: 1.0498 1.4523 
ENGPAR   Step took 4.172590 seconds
ENGPAR   Imbalances <v, e0, ...>: 1.0498 1.4512 
ENGPAR   Step took 4.145264 seconds
ENGPAR   Imbalances <v, e0, ...>: 1.0498 1.4498 
ENGPAR   Step took 4.141534 seconds
ENGPAR   Imbalances <v, e0, ...>: 1.0498 1.4483 
ENGPAR   Step took 4.059665 seconds
ENGPAR   Imbalances <v, e0, ...>: 1.0498 1.4468 
ENGPAR   Step took 4.067636 seconds
ENGPAR   Imbalances <v, e0, ...>: 1.0498 1.4457 
ENGPAR   Step took 4.062291 seconds
ENGPAR   Imbalances <v, e0, ...>: 1.0498 1.4445 
ENGPAR   Step took 4.068600 seconds
ENGPAR   Imbalances <v, e0, ...>: 1.0498 1.4436 
ENGPAR Completed criteria type 0 in 31 steps and took 144.591592 seconds
ENGPAR EnGPar converged in 31 iterations in 149.249658 seconds
ENGPAR PARTITION : Empty Parts: 0
ENGPAR PARTITION : Disconnected Components: <max,tot> 3.000 156.000
ENGPAR PARTITION : Neighbors: <max,min,avg,imb> 42.000 4.000 13.893 3.023
ENGPAR PARTITION : Edge Cut: <max,tot> 7396.000 15522360.000
ENGPAR PARTITION : Local Vertex Imbalance: <max,min,avg,imb> 4720.000 3354.000 4496.107 1.050
ENGPAR PARTITION : Total Vertex Imbalance: <max,min,avg,imb> 7220.000 5056.000 6105.886 1.182
ENGPAR PARTITION : Edges type 0: <max,min,avg,imb> 34250.000 18389.000 23726.010 1.444
