ENGPAR Git hash 246a25c51ad813408a0b1b95b1c3304ebbef374f
ENGPAR Loaded graph /gpfs/u/home/ITAP/ITAPdmnd/scratch/aepw_edges_collapsed/2048/_0.bgd.
ENGPAR Hyper N-graph Status
ENGPAR Vertices: 5816513
ENGPAR Edges: Type 0: 39560688 
ENGPAR Pins: Type 0: 78690194 
ENGPAR PARTITION : Empty Parts: 0
ENGPAR PARTITION : Disconnected Components: <max,tot> 1.000 14.000
ENGPAR PARTITION : Neighbors: <max,min,avg,imb> 32.000 2.000 9.926 3.224
ENGPAR PARTITION : Edge Cut: <max,tot> 12077.000 12976338.000
ENGPAR PARTITION : Local Vertex Imbalance: <max,min,avg,imb> 9444.000 5567.000 8992.215 1.050
ENGPAR PARTITION : Total Vertex Imbalance: <max,min,avg,imb> 19132.000 7538.000 11659.653 1.641
ENGPAR PARTITION : Edges type 0: <max,min,avg,imb> 69977.000 26545.000 46830.433 1.494
ENGPAR Starting criteria type -1 with imbalances: 1.0502 1.4943 
ENGPAR Side Tolerance is: 6336
ENGPAR   Step took 1.514450 seconds
ENGPAR   Imbalances <v, e0, ...>: 1.0481 1.4930 
ENGPAR Completed criteria type -1 in 1 steps and took 8.290951 seconds
ENGPAR Starting criteria type 0 with imbalances: 1.0481 1.4930 
ENGPAR Side Tolerance is: 6354
ENGPAR   Step took 8.576202 seconds
ENGPAR   Imbalances <v, e0, ...>: 1.0494 1.4875 
ENGPAR   Step took 8.861077 seconds
ENGPAR   Imbalances <v, e0, ...>: 1.0499 1.4828 
ENGPAR   Step took 8.785381 seconds
ENGPAR   Imbalances <v, e0, ...>: 1.0499 1.4811 
ENGPAR   Step took 8.860020 seconds
ENGPAR   Imbalances <v, e0, ...>: 1.0499 1.4797 
ENGPAR   Step took 8.918262 seconds
ENGPAR   Imbalances <v, e0, ...>: 1.0499 1.4785 
ENGPAR   Step took 9.041467 seconds
ENGPAR   Imbalances <v, e0, ...>: 1.0499 1.4771 
ENGPAR   Step took 8.987880 seconds
ENGPAR   Imbalances <v, e0, ...>: 1.0499 1.4758 
ENGPAR   Step took 9.077001 seconds
ENGPAR   Imbalances <v, e0, ...>: 1.0499 1.4745 
ENGPAR   Step took 9.078400 seconds
ENGPAR   Imbalances <v, e0, ...>: 1.0499 1.4732 
ENGPAR   Step took 9.016364 seconds
ENGPAR   Imbalances <v, e0, ...>: 1.0499 1.4719 
ENGPAR   Step took 8.969549 seconds
ENGPAR   Imbalances <v, e0, ...>: 1.0499 1.4707 
ENGPAR   Step took 8.972769 seconds
ENGPAR   Imbalances <v, e0, ...>: 1.0499 1.4693 
ENGPAR   Step took 9.000281 seconds
ENGPAR   Imbalances <v, e0, ...>: 1.0499 1.4681 
ENGPAR   Step took 9.065654 seconds
ENGPAR   Imbalances <v, e0, ...>: 1.0499 1.4671 
ENGPAR   Step took 9.056007 seconds
ENGPAR   Imbalances <v, e0, ...>: 1.0499 1.4660 
ENGPAR   Step took 8.993505 seconds
ENGPAR   Imbalances <v, e0, ...>: 1.0499 1.4649 
ENGPAR   Step took 9.006655 seconds
ENGPAR   Imbalances <v, e0, ...>: 1.0499 1.4640 
ENGPAR   Step took 9.078376 seconds
ENGPAR   Imbalances <v, e0, ...>: 1.0499 1.4629 
ENGPAR   Step took 8.996090 seconds
ENGPAR   Imbalances <v, e0, ...>: 1.0499 1.4620 
ENGPAR   Step took 8.973832 seconds
ENGPAR   Imbalances <v, e0, ...>: 1.0499 1.4611 
ENGPAR   Step took 9.004605 seconds
ENGPAR   Imbalances <v, e0, ...>: 1.0499 1.4607 
ENGPAR   Step took 8.991214 seconds
ENGPAR   Imbalances <v, e0, ...>: 1.0499 1.4609 
ENGPAR   Step took 9.092659 seconds
ENGPAR   Imbalances <v, e0, ...>: 1.0499 1.4601 
ENGPAR   Step took 9.015836 seconds
ENGPAR   Imbalances <v, e0, ...>: 1.0499 1.4600 
ENGPAR   Step took 8.998245 seconds
ENGPAR   Imbalances <v, e0, ...>: 1.0499 1.4597 
ENGPAR   Step took 8.981223 seconds
ENGPAR   Imbalances <v, e0, ...>: 1.0499 1.4594 
ENGPAR   Step took 9.018440 seconds
ENGPAR   Imbalances <v, e0, ...>: 1.0499 1.4594 
ENGPAR   Step took 9.036693 seconds
ENGPAR   Imbalances <v, e0, ...>: 1.0499 1.4588 
ENGPAR   Step took 9.018862 seconds
ENGPAR   Imbalances <v, e0, ...>: 1.0499 1.4586 
ENGPAR   Step took 9.027102 seconds
ENGPAR   Imbalances <v, e0, ...>: 1.0499 1.4581 
ENGPAR   Step took 9.098337 seconds
ENGPAR   Imbalances <v, e0, ...>: 1.0499 1.4579 
ENGPAR Completed criteria type 0 in 31 steps and took 308.621401 seconds
ENGPAR EnGPar converged in 31 iterations in 316.913229 seconds
ENGPAR PARTITION : Empty Parts: 0
ENGPAR PARTITION : Disconnected Components: <max,tot> 1.000 14.000
ENGPAR PARTITION : Neighbors: <max,min,avg,imb> 32.000 2.000 9.925 3.224
ENGPAR PARTITION : Edge Cut: <max,tot> 12094.000 12996420.000
ENGPAR PARTITION : Local Vertex Imbalance: <max,min,avg,imb> 9441.000 5723.000 8992.215 1.050
ENGPAR PARTITION : Total Vertex Imbalance: <max,min,avg,imb> 18304.000 7699.000 11641.349 1.572
ENGPAR PARTITION : Edges type 0: <max,min,avg,imb> 68283.000 27271.000 46835.335 1.458
