ENGPAR Git hash 246a25c51ad813408a0b1b95b1c3304ebbef374f
ENGPAR Loaded graph /gpfs/u/home/ITAP/ITAPdmnd/scratch/aepw_edges_collapsed/1024/_0.bgd.
ENGPAR Hyper N-graph Status
ENGPAR Vertices: 5816513
ENGPAR Edges: Type 0: 39560688 
ENGPAR Pins: Type 0: 78690194 
ENGPAR PARTITION : Empty Parts: 0
ENGPAR PARTITION : Disconnected Components: <max,tot> 1.000 7.000
ENGPAR PARTITION : Neighbors: <max,min,avg,imb> 39.000 2.000 9.807 3.977
ENGPAR PARTITION : Edge Cut: <max,tot> 18612.000 9519170.000
ENGPAR PARTITION : Local Vertex Imbalance: <max,min,avg,imb> 18883.000 12039.000 17984.430 1.050
ENGPAR PARTITION : Total Vertex Imbalance: <max,min,avg,imb> 30072.000 15445.000 21790.848 1.380
ENGPAR PARTITION : Edges type 0: <max,min,avg,imb> 137490.000 55914.000 91972.795 1.495
ENGPAR Starting criteria type -1 with imbalances: 1.0500 1.4949 
ENGPAR Side Tolerance is: 9296
ENGPAR Completed criteria type -1 in 0 steps and took 0.007864 seconds
ENGPAR Starting criteria type 0 with imbalances: 1.0500 1.4949 
ENGPAR Side Tolerance is: 9296
ENGPAR   Step took 12.383116 seconds
ENGPAR   Imbalances <v, e0, ...>: 1.0499 1.4910 
ENGPAR   Step took 12.861346 seconds
ENGPAR   Imbalances <v, e0, ...>: 1.0500 1.4870 
ENGPAR   Step took 13.044433 seconds
ENGPAR   Imbalances <v, e0, ...>: 1.0500 1.4828 
ENGPAR   Step took 13.090253 seconds
ENGPAR   Imbalances <v, e0, ...>: 1.0500 1.4786 
ENGPAR   Step took 13.099013 seconds
ENGPAR   Imbalances <v, e0, ...>: 1.0500 1.4742 
ENGPAR   Step took 13.373564 seconds
ENGPAR   Imbalances <v, e0, ...>: 1.0500 1.4698 
ENGPAR   Step took 13.584775 seconds
ENGPAR   Imbalances <v, e0, ...>: 1.0500 1.4656 
ENGPAR   Step took 13.470045 seconds
ENGPAR   Imbalances <v, e0, ...>: 1.0500 1.4611 
ENGPAR   Step took 13.500871 seconds
ENGPAR   Imbalances <v, e0, ...>: 1.0500 1.4581 
ENGPAR   Step took 13.484691 seconds
ENGPAR   Imbalances <v, e0, ...>: 1.0500 1.4567 
ENGPAR   Step took 13.758730 seconds
ENGPAR   Imbalances <v, e0, ...>: 1.0500 1.4551 
ENGPAR   Step took 13.816917 seconds
ENGPAR   Imbalances <v, e0, ...>: 1.0500 1.4538 
ENGPAR   Step took 13.881391 seconds
ENGPAR   Imbalances <v, e0, ...>: 1.0500 1.4526 
ENGPAR   Step took 13.407527 seconds
ENGPAR   Imbalances <v, e0, ...>: 1.0500 1.4515 
ENGPAR   Step took 13.554523 seconds
ENGPAR   Imbalances <v, e0, ...>: 1.0500 1.4503 
ENGPAR   Step took 13.545103 seconds
ENGPAR   Imbalances <v, e0, ...>: 1.0500 1.4489 
ENGPAR   Step took 13.552895 seconds
ENGPAR   Imbalances <v, e0, ...>: 1.0500 1.4476 
ENGPAR   Step took 13.416131 seconds
ENGPAR   Imbalances <v, e0, ...>: 1.0500 1.4462 
ENGPAR   Step took 13.440339 seconds
ENGPAR   Imbalances <v, e0, ...>: 1.0500 1.4449 
ENGPAR   Step took 13.523386 seconds
ENGPAR   Imbalances <v, e0, ...>: 1.0500 1.4432 
ENGPAR   Step took 13.347637 seconds
ENGPAR   Imbalances <v, e0, ...>: 1.0500 1.4417 
ENGPAR   Step took 13.336420 seconds
ENGPAR   Imbalances <v, e0, ...>: 1.0500 1.4399 
ENGPAR   Step took 13.059514 seconds
ENGPAR   Imbalances <v, e0, ...>: 1.0500 1.4382 
ENGPAR   Step took 12.987968 seconds
ENGPAR   Imbalances <v, e0, ...>: 1.0500 1.4363 
ENGPAR   Step took 12.904584 seconds
ENGPAR   Imbalances <v, e0, ...>: 1.0500 1.4349 
ENGPAR   Step took 13.252660 seconds
ENGPAR   Imbalances <v, e0, ...>: 1.0500 1.4331 
ENGPAR   Step took 13.201916 seconds
ENGPAR   Imbalances <v, e0, ...>: 1.0500 1.4315 
ENGPAR   Step took 13.118838 seconds
ENGPAR   Imbalances <v, e0, ...>: 1.0500 1.4302 
ENGPAR   Step took 12.893244 seconds
ENGPAR   Imbalances <v, e0, ...>: 1.0500 1.4290 
ENGPAR   Step took 12.850924 seconds
ENGPAR   Imbalances <v, e0, ...>: 1.0500 1.4278 
ENGPAR   Step took 13.081133 seconds
ENGPAR   Imbalances <v, e0, ...>: 1.0500 1.4266 
ENGPAR Completed criteria type 0 in 31 steps and took 470.220719 seconds
ENGPAR EnGPar converged in 30 iterations in 470.229381 seconds
ENGPAR PARTITION : Empty Parts: 0
ENGPAR PARTITION : Disconnected Components: <max,tot> 3.000 30.000
ENGPAR PARTITION : Neighbors: <max,min,avg,imb> 39.000 2.000 9.775 3.990
ENGPAR PARTITION : Edge Cut: <max,tot> 19007.000 9866002.000
ENGPAR PARTITION : Local Vertex Imbalance: <max,min,avg,imb> 18883.000 13359.000 17984.430 1.050
ENGPAR PARTITION : Total Vertex Imbalance: <max,min,avg,imb> 25714.000 18541.000 21818.996 1.179
ENGPAR PARTITION : Edges type 0: <max,min,avg,imb> 131448.000 79004.000 92142.146 1.427
