ENGPAR Git hash 246a25c51ad813408a0b1b95b1c3304ebbef374f
ENGPAR Loaded graph /gpfs/u/home/ITAP/ITAPdmnd/scratch/aepw_edges/2048/_0.bgd.
ENGPAR Hyper N-graph Status
ENGPAR Vertices: 18416056
ENGPAR Edges: Type 0: 89420557 
ENGPAR Pins: Type 0: 178841114 
ENGPAR PARTITION : Empty Parts: 0
ENGPAR PARTITION : Disconnected Components: <max,tot> 1.000 12.000
ENGPAR PARTITION : Neighbors: <max,min,avg,imb> 48.000 4.000 13.658 3.514
ENGPAR PARTITION : Edge Cut: <max,tot> 11911.000 11451848.000
ENGPAR PARTITION : Local Vertex Imbalance: <max,min,avg,imb> 9436.000 6151.000 8992.215 1.049
ENGPAR PARTITION : Total Vertex Imbalance: <max,min,avg,imb> 12923.000 8168.000 11371.871 1.136
ENGPAR PARTITION : Edges type 0: <max,min,avg,imb> 70468.000 27194.000 46458.243 1.517
ENGPAR Starting criteria type -1 with imbalances: 1.0494 1.5168 
ENGPAR Side Tolerance is: 5591
ENGPAR Completed criteria type -1 in 0 steps and took 0.004871 seconds
ENGPAR Starting criteria type 0 with imbalances: 1.0494 1.5168 
ENGPAR Side Tolerance is: 5591
ENGPAR   Step took 8.207353 seconds
ENGPAR   Imbalances <v, e0, ...>: 1.0442 1.5089 
ENGPAR   Step took 8.730758 seconds
ENGPAR   Imbalances <v, e0, ...>: 1.0477 1.5041 
ENGPAR   Step took 8.594193 seconds
ENGPAR   Imbalances <v, e0, ...>: 1.0484 1.4998 
ENGPAR   Step took 8.578194 seconds
ENGPAR   Imbalances <v, e0, ...>: 1.0488 1.4956 
ENGPAR   Step took 8.932381 seconds
ENGPAR   Imbalances <v, e0, ...>: 1.0491 1.4924 
ENGPAR   Step took 8.942620 seconds
ENGPAR   Imbalances <v, e0, ...>: 1.0496 1.4890 
ENGPAR   Step took 8.863521 seconds
ENGPAR   Imbalances <v, e0, ...>: 1.0497 1.4862 
ENGPAR   Step took 8.567498 seconds
ENGPAR   Imbalances <v, e0, ...>: 1.0498 1.4840 
ENGPAR   Step took 8.646949 seconds
ENGPAR   Imbalances <v, e0, ...>: 1.0498 1.4820 
ENGPAR   Step took 8.959799 seconds
ENGPAR   Imbalances <v, e0, ...>: 1.0498 1.4801 
ENGPAR   Step took 8.727891 seconds
ENGPAR   Imbalances <v, e0, ...>: 1.0498 1.4783 
ENGPAR   Step took 9.255224 seconds
ENGPAR   Imbalances <v, e0, ...>: 1.0498 1.4765 
ENGPAR   Step took 8.909367 seconds
ENGPAR   Imbalances <v, e0, ...>: 1.0499 1.4748 
ENGPAR   Step took 9.197263 seconds
ENGPAR   Imbalances <v, e0, ...>: 1.0499 1.4731 
ENGPAR   Step took 9.195606 seconds
ENGPAR   Imbalances <v, e0, ...>: 1.0499 1.4717 
ENGPAR   Step took 9.238487 seconds
ENGPAR   Imbalances <v, e0, ...>: 1.0499 1.4705 
ENGPAR   Step took 9.327609 seconds
ENGPAR   Imbalances <v, e0, ...>: 1.0499 1.4693 
ENGPAR   Step took 9.331161 seconds
ENGPAR   Imbalances <v, e0, ...>: 1.0499 1.4682 
ENGPAR   Step took 9.325919 seconds
ENGPAR   Imbalances <v, e0, ...>: 1.0499 1.4670 
ENGPAR   Step took 9.336424 seconds
ENGPAR   Imbalances <v, e0, ...>: 1.0499 1.4660 
ENGPAR   Step took 9.322967 seconds
ENGPAR   Imbalances <v, e0, ...>: 1.0499 1.4650 
ENGPAR   Step took 9.317791 seconds
ENGPAR   Imbalances <v, e0, ...>: 1.0499 1.4644 
ENGPAR   Step took 9.324192 seconds
ENGPAR   Imbalances <v, e0, ...>: 1.0499 1.4640 
ENGPAR   Step took 9.345435 seconds
ENGPAR   Imbalances <v, e0, ...>: 1.0499 1.4635 
ENGPAR   Step took 9.323268 seconds
ENGPAR   Imbalances <v, e0, ...>: 1.0499 1.4631 
ENGPAR   Step took 9.320132 seconds
ENGPAR   Imbalances <v, e0, ...>: 1.0499 1.4627 
ENGPAR   Step took 9.320821 seconds
ENGPAR   Imbalances <v, e0, ...>: 1.0499 1.4624 
ENGPAR   Step took 9.312688 seconds
ENGPAR   Imbalances <v, e0, ...>: 1.0499 1.4619 
ENGPAR   Step took 9.314951 seconds
ENGPAR   Imbalances <v, e0, ...>: 1.0499 1.4615 
ENGPAR   Step took 9.333457 seconds
ENGPAR   Imbalances <v, e0, ...>: 1.0499 1.4611 
ENGPAR   Step took 9.348486 seconds
ENGPAR   Imbalances <v, e0, ...>: 1.0499 1.4605 
ENGPAR Completed criteria type 0 in 31 steps and took 311.484328 seconds
ENGPAR EnGPar converged in 30 iterations in 311.490077 seconds
ENGPAR PARTITION : Empty Parts: 0
ENGPAR PARTITION : Disconnected Components: <max,tot> 1.000 13.000
ENGPAR PARTITION : Neighbors: <max,min,avg,imb> 48.000 4.000 13.658 3.514
ENGPAR PARTITION : Edge Cut: <max,tot> 11846.000 11258328.000
ENGPAR PARTITION : Local Vertex Imbalance: <max,min,avg,imb> 9441.000 6649.000 8992.215 1.050
ENGPAR PARTITION : Total Vertex Imbalance: <max,min,avg,imb> 12925.000 8635.000 11364.275 1.137
ENGPAR PARTITION : Edges type 0: <max,min,avg,imb> 67782.000 30641.000 46410.997 1.460
