ENGPAR Git hash 246a25c51ad813408a0b1b95b1c3304ebbef374f
pcu peers 8192 max group size 4096 posix groups 2
ENGPAR Loaded graph /gpfs/u/home/ITAP/ITAPdmnd/scratch/aepw_edges_collapsed/8192/_0.bgd.
ENGPAR Hyper N-graph Status
ENGPAR Vertices: 5816513
ENGPAR Edges: Type 0: 39560688 
ENGPAR Pins: Type 0: 78690194 
ENGPAR PARTITION : Empty Parts: 0
ENGPAR PARTITION : Disconnected Components: <max,tot> 1.000 36.000
ENGPAR PARTITION : Neighbors: <max,min,avg,imb> 42.000 2.000 10.611 3.958
ENGPAR PARTITION : Edge Cut: <max,tot> 4911.000 23258392.000
ENGPAR PARTITION : Local Vertex Imbalance: <max,min,avg,imb> 2380.000 890.000 2248.054 1.059
ENGPAR PARTITION : Total Vertex Imbalance: <max,min,avg,imb> 11622.000 1664.000 3675.445 3.162
ENGPAR PARTITION : Edges type 0: <max,min,avg,imb> 18449.000 4262.000 12335.175 1.496
ENGPAR Starting criteria type -1 with imbalances: 1.0587 1.4956 
ENGPAR Side Tolerance is: 2839
ENGPAR   Step took 0.349491 seconds
ENGPAR   Imbalances <v, e0, ...>: 1.0752 1.4955 
ENGPAR   Step took 0.352229 seconds
ENGPAR   Imbalances <v, e0, ...>: 1.0752 1.4955 
ENGPAR Completed criteria type -1 in 2 steps and took 8.622933 seconds
ENGPAR Starting criteria type 0 with imbalances: 1.0752 1.4955 
ENGPAR Side Tolerance is: 2841
ENGPAR   Step took 4.417869 seconds
ENGPAR   Imbalances <v, e0, ...>: 1.0752 1.4950 
ENGPAR   Step took 4.389055 seconds
ENGPAR   Imbalances <v, e0, ...>: 1.0752 1.4950 
ENGPAR   Step took 4.415586 seconds
ENGPAR   Imbalances <v, e0, ...>: 1.0752 1.4950 
ENGPAR Completed criteria type 0 in 3 steps and took 14.145932 seconds
ENGPAR EnGPar converged in 5 iterations in 22.769908 seconds
ENGPAR PARTITION : Empty Parts: 0
ENGPAR PARTITION : Disconnected Components: <max,tot> 1.000 36.000
ENGPAR PARTITION : Neighbors: <max,min,avg,imb> 42.000 2.000 10.609 3.959
ENGPAR PARTITION : Edge Cut: <max,tot> 4911.000 23266948.000
ENGPAR PARTITION : Local Vertex Imbalance: <max,min,avg,imb> 2417.000 890.000 2248.054 1.075
ENGPAR PARTITION : Total Vertex Imbalance: <max,min,avg,imb> 11622.000 1664.000 3672.496 3.165
ENGPAR PARTITION : Edges type 0: <max,min,avg,imb> 18442.000 4262.000 12335.697 1.495
