ENGPAR Git hash 246a25c51ad813408a0b1b95b1c3304ebbef374f
ENGPAR Loaded graph /gpfs/u/home/ITAP/ITAPdmnd/scratch/aepw_edges/4096/_0.bgd.
ENGPAR Hyper N-graph Status
ENGPAR Vertices: 18416056
ENGPAR Edges: Type 0: 89420557 
ENGPAR Pins: Type 0: 178841114 
ENGPAR PARTITION : Empty Parts: 0
ENGPAR PARTITION : Disconnected Components: <max,tot> 1.000 30.000
ENGPAR PARTITION : Neighbors: <max,min,avg,imb> 42.000 4.000 13.847 3.033
ENGPAR PARTITION : Edge Cut: <max,tot> 7493.000 14757046.000
ENGPAR PARTITION : Local Vertex Imbalance: <max,min,avg,imb> 4721.000 2630.000 4496.107 1.050
ENGPAR PARTITION : Total Vertex Imbalance: <max,min,avg,imb> 7006.000 3999.000 6056.284 1.157
ENGPAR PARTITION : Edges type 0: <max,min,avg,imb> 35919.000 11742.000 23632.588 1.520
ENGPAR Starting criteria type -1 with imbalances: 1.0500 1.5199 
ENGPAR Side Tolerance is: 3602
ENGPAR   Step took 0.632048 seconds
ENGPAR   Imbalances <v, e0, ...>: 1.0456 1.5182 
ENGPAR Completed criteria type -1 in 1 steps and took 5.112795 seconds
ENGPAR Starting criteria type 0 with imbalances: 1.0456 1.5182 
ENGPAR Side Tolerance is: 3603
ENGPAR   Step took 5.310522 seconds
ENGPAR   Imbalances <v, e0, ...>: 1.0449 1.5127 
ENGPAR   Step took 5.445530 seconds
ENGPAR   Imbalances <v, e0, ...>: 1.0469 1.5073 
ENGPAR   Step took 5.671200 seconds
ENGPAR   Imbalances <v, e0, ...>: 1.0489 1.5025 
ENGPAR   Step took 5.633222 seconds
ENGPAR   Imbalances <v, e0, ...>: 1.0494 1.4983 
ENGPAR   Step took 5.788841 seconds
ENGPAR   Imbalances <v, e0, ...>: 1.0498 1.4948 
ENGPAR   Step took 5.800748 seconds
ENGPAR   Imbalances <v, e0, ...>: 1.0498 1.4925 
ENGPAR   Step took 5.802496 seconds
ENGPAR   Imbalances <v, e0, ...>: 1.0498 1.4900 
ENGPAR   Step took 5.805339 seconds
ENGPAR   Imbalances <v, e0, ...>: 1.0498 1.4877 
ENGPAR   Step took 5.890761 seconds
ENGPAR   Imbalances <v, e0, ...>: 1.0498 1.4853 
ENGPAR   Step took 5.889562 seconds
ENGPAR   Imbalances <v, e0, ...>: 1.0498 1.4833 
ENGPAR   Step took 5.904151 seconds
ENGPAR   Imbalances <v, e0, ...>: 1.0498 1.4820 
ENGPAR   Step took 5.900670 seconds
ENGPAR   Imbalances <v, e0, ...>: 1.0498 1.4806 
ENGPAR   Step took 5.908748 seconds
ENGPAR   Imbalances <v, e0, ...>: 1.0498 1.4797 
ENGPAR   Step took 5.981192 seconds
ENGPAR   Imbalances <v, e0, ...>: 1.0498 1.4790 
ENGPAR   Step took 5.963977 seconds
ENGPAR   Imbalances <v, e0, ...>: 1.0498 1.4779 
ENGPAR   Step took 5.916772 seconds
ENGPAR   Imbalances <v, e0, ...>: 1.0498 1.4767 
ENGPAR   Step took 6.017217 seconds
ENGPAR   Imbalances <v, e0, ...>: 1.0498 1.4758 
ENGPAR   Step took 6.025237 seconds
ENGPAR   Imbalances <v, e0, ...>: 1.0498 1.4754 
ENGPAR   Step took 6.017489 seconds
ENGPAR   Imbalances <v, e0, ...>: 1.0498 1.4744 
ENGPAR   Step took 6.023398 seconds
ENGPAR   Imbalances <v, e0, ...>: 1.0498 1.4734 
ENGPAR   Step took 6.016455 seconds
ENGPAR   Imbalances <v, e0, ...>: 1.0498 1.4731 
ENGPAR   Step took 6.038332 seconds
ENGPAR   Imbalances <v, e0, ...>: 1.0498 1.4719 
ENGPAR   Step took 6.012269 seconds
ENGPAR   Imbalances <v, e0, ...>: 1.0498 1.4714 
ENGPAR   Step took 6.012382 seconds
ENGPAR   Imbalances <v, e0, ...>: 1.0498 1.4704 
ENGPAR   Step took 6.018754 seconds
ENGPAR   Imbalances <v, e0, ...>: 1.0498 1.4703 
ENGPAR   Step took 6.018422 seconds
ENGPAR   Imbalances <v, e0, ...>: 1.0498 1.4694 
ENGPAR   Step took 6.038142 seconds
ENGPAR   Imbalances <v, e0, ...>: 1.0498 1.4687 
ENGPAR   Step took 6.022271 seconds
ENGPAR   Imbalances <v, e0, ...>: 1.0498 1.4684 
ENGPAR   Step took 6.023690 seconds
ENGPAR   Imbalances <v, e0, ...>: 1.0498 1.4679 
ENGPAR   Step took 5.971274 seconds
ENGPAR   Imbalances <v, e0, ...>: 1.0498 1.4673 
ENGPAR   Step took 6.020453 seconds
ENGPAR   Imbalances <v, e0, ...>: 1.0498 1.4667 
ENGPAR Completed criteria type 0 in 31 steps and took 198.643335 seconds
ENGPAR EnGPar converged in 31 iterations in 203.757088 seconds
ENGPAR PARTITION : Empty Parts: 0
ENGPAR PARTITION : Disconnected Components: <max,tot> 1.000 30.000
ENGPAR PARTITION : Neighbors: <max,min,avg,imb> 42.000 4.000 13.845 3.034
ENGPAR PARTITION : Edge Cut: <max,tot> 7458.000 14562984.000
ENGPAR PARTITION : Local Vertex Imbalance: <max,min,avg,imb> 4720.000 2742.000 4496.107 1.050
ENGPAR PARTITION : Total Vertex Imbalance: <max,min,avg,imb> 6991.000 4129.000 6051.495 1.155
ENGPAR PARTITION : Edges type 0: <max,min,avg,imb> 34626.000 12179.000 23608.899 1.467
