ENGPAR Git hash 246a25c51ad813408a0b1b95b1c3304ebbef374f
ENGPAR Loaded graph /gpfs/u/home/ITAP/ITAPdmnd/scratch/aepw_edges_collapsed/4096/_0.bgd.
ENGPAR Hyper N-graph Status
ENGPAR Vertices: 5816513
ENGPAR Edges: Type 0: 39560688 
ENGPAR Pins: Type 0: 78690194 
ENGPAR PARTITION : Empty Parts: 0
ENGPAR PARTITION : Disconnected Components: <max,tot> 1.000 22.000
ENGPAR PARTITION : Neighbors: <max,min,avg,imb> 40.000 2.000 10.268 3.896
ENGPAR PARTITION : Edge Cut: <max,tot> 8039.000 17481684.000
ENGPAR PARTITION : Local Vertex Imbalance: <max,min,avg,imb> 4745.000 2605.000 4496.107 1.055
ENGPAR PARTITION : Total Vertex Imbalance: <max,min,avg,imb> 14321.000 4332.000 6411.371 2.234
ENGPAR PARTITION : Edges type 0: <max,min,avg,imb> 36011.000 13496.000 23965.185 1.503
ENGPAR Starting criteria type -1 with imbalances: 1.0554 1.5026 
ENGPAR Side Tolerance is: 4267
ENGPAR   Step took 0.268573 seconds
ENGPAR   Imbalances <v, e0, ...>: 1.0576 1.5017 
ENGPAR   Step took 0.238017 seconds
ENGPAR   Imbalances <v, e0, ...>: 1.0507 1.5025 
ENGPAR   Step took 0.270614 seconds
ENGPAR   Imbalances <v, e0, ...>: 1.0502 1.5020 
ENGPAR   Step took 0.263803 seconds
ENGPAR   Imbalances <v, e0, ...>: 1.0431 1.5015 
ENGPAR Completed criteria type -1 in 4 steps and took 19.343858 seconds
ENGPAR Starting criteria type 0 with imbalances: 1.0431 1.5015 
ENGPAR Side Tolerance is: 4339
ENGPAR   Step took 4.180303 seconds
ENGPAR   Imbalances <v, e0, ...>: 1.0480 1.4870 
ENGPAR   Step took 4.227436 seconds
ENGPAR   Imbalances <v, e0, ...>: 1.0498 1.4767 
ENGPAR   Step took 4.230617 seconds
ENGPAR   Imbalances <v, e0, ...>: 1.0498 1.4667 
ENGPAR   Step took 4.238853 seconds
ENGPAR   Imbalances <v, e0, ...>: 1.0498 1.4631 
ENGPAR   Step took 4.234219 seconds
ENGPAR   Imbalances <v, e0, ...>: 1.0498 1.4611 
ENGPAR   Step took 4.242455 seconds
ENGPAR   Imbalances <v, e0, ...>: 1.0498 1.4594 
ENGPAR   Step took 4.436369 seconds
ENGPAR   Imbalances <v, e0, ...>: 1.0498 1.4587 
ENGPAR   Step took 4.413333 seconds
ENGPAR   Imbalances <v, e0, ...>: 1.0498 1.4572 
ENGPAR   Step took 4.269975 seconds
ENGPAR   Imbalances <v, e0, ...>: 1.0498 1.4560 
ENGPAR   Step took 4.272462 seconds
ENGPAR   Imbalances <v, e0, ...>: 1.0498 1.4553 
ENGPAR   Step took 4.264479 seconds
ENGPAR   Imbalances <v, e0, ...>: 1.0498 1.4542 
ENGPAR   Step took 4.279561 seconds
ENGPAR   Imbalances <v, e0, ...>: 1.0498 1.4533 
ENGPAR   Step took 4.283949 seconds
ENGPAR   Imbalances <v, e0, ...>: 1.0498 1.4521 
ENGPAR   Step took 4.284811 seconds
ENGPAR   Imbalances <v, e0, ...>: 1.0498 1.4511 
ENGPAR   Step took 4.308456 seconds
ENGPAR   Imbalances <v, e0, ...>: 1.0498 1.4497 
ENGPAR   Step took 4.302499 seconds
ENGPAR   Imbalances <v, e0, ...>: 1.0498 1.4485 
ENGPAR   Step took 4.289933 seconds
ENGPAR   Imbalances <v, e0, ...>: 1.0498 1.4472 
ENGPAR   Step took 4.298132 seconds
ENGPAR   Imbalances <v, e0, ...>: 1.0498 1.4461 
ENGPAR   Step took 4.308701 seconds
ENGPAR   Imbalances <v, e0, ...>: 1.0498 1.4448 
ENGPAR   Step took 4.260070 seconds
ENGPAR   Imbalances <v, e0, ...>: 1.0498 1.4431 
ENGPAR   Step took 4.157950 seconds
ENGPAR   Imbalances <v, e0, ...>: 1.0498 1.4418 
ENGPAR   Step took 4.008676 seconds
ENGPAR   Imbalances <v, e0, ...>: 1.0498 1.4406 
ENGPAR   Step took 4.096507 seconds
ENGPAR   Imbalances <v, e0, ...>: 1.0498 1.4389 
ENGPAR   Step took 4.552220 seconds
ENGPAR   Imbalances <v, e0, ...>: 1.0498 1.4371 
ENGPAR   Step took 4.447255 seconds
ENGPAR   Imbalances <v, e0, ...>: 1.0498 1.4353 
ENGPAR   Step took 4.461020 seconds
ENGPAR   Imbalances <v, e0, ...>: 1.0498 1.4339 
ENGPAR   Step took 4.513370 seconds
ENGPAR   Imbalances <v, e0, ...>: 1.0498 1.4324 
ENGPAR   Step took 4.544331 seconds
ENGPAR   Imbalances <v, e0, ...>: 1.0498 1.4314 
ENGPAR   Step took 4.489934 seconds
ENGPAR   Imbalances <v, e0, ...>: 1.0498 1.4300 
ENGPAR   Step took 4.013044 seconds
ENGPAR   Imbalances <v, e0, ...>: 1.0498 1.4284 
ENGPAR   Step took 3.959737 seconds
ENGPAR   Imbalances <v, e0, ...>: 1.0498 1.4269 
ENGPAR Completed criteria type 0 in 31 steps and took 148.906133 seconds
ENGPAR EnGPar converged in 34 iterations in 168.250948 seconds
ENGPAR PARTITION : Empty Parts: 0
ENGPAR PARTITION : Disconnected Components: <max,tot> 2.000 126.000
ENGPAR PARTITION : Neighbors: <max,min,avg,imb> 40.000 2.000 10.422 3.838
ENGPAR PARTITION : Edge Cut: <max,tot> 8043.000 18562916.000
ENGPAR PARTITION : Local Vertex Imbalance: <max,min,avg,imb> 4720.000 3008.000 4496.107 1.050
ENGPAR PARTITION : Total Vertex Imbalance: <max,min,avg,imb> 10419.000 4542.000 6438.609 1.618
ENGPAR PARTITION : Edges type 0: <max,min,avg,imb> 34385.000 18011.000 24097.172 1.427
