ENGPAR Git hash 246a25c51ad813408a0b1b95b1c3304ebbef374f
ENGPAR Loaded graph /gpfs/u/home/ITAP/ITAPdmnd/scratch/aepw_edges_collapsed/2048/_0.bgd.
ENGPAR Hyper N-graph Status
ENGPAR Vertices: 5816513
ENGPAR Edges: Type 0: 39560688 
ENGPAR Pins: Type 0: 78690194 
ENGPAR PARTITION : Empty Parts: 0
ENGPAR PARTITION : Disconnected Components: <max,tot> 1.000 14.000
ENGPAR PARTITION : Neighbors: <max,min,avg,imb> 32.000 2.000 9.926 3.224
ENGPAR PARTITION : Edge Cut: <max,tot> 12077.000 12976338.000
ENGPAR PARTITION : Local Vertex Imbalance: <max,min,avg,imb> 9444.000 5567.000 8992.215 1.050
ENGPAR PARTITION : Total Vertex Imbalance: <max,min,avg,imb> 19132.000 7538.000 11659.653 1.641
ENGPAR PARTITION : Edges type 0: <max,min,avg,imb> 69977.000 26545.000 46830.433 1.494
ENGPAR Starting criteria type -1 with imbalances: 1.0502 1.4943 
ENGPAR Side Tolerance is: 6336
ENGPAR   Step took 1.513468 seconds
ENGPAR   Imbalances <v, e0, ...>: 1.0502 1.4943 
ENGPAR   Step took 1.533715 seconds
ENGPAR   Imbalances <v, e0, ...>: 1.0502 1.4943 
ENGPAR   Step took 1.531442 seconds
ENGPAR   Imbalances <v, e0, ...>: 1.0502 1.4943 
ENGPAR   Step took 1.539853 seconds
ENGPAR   Imbalances <v, e0, ...>: 1.0502 1.4943 
ENGPAR   Step took 1.529880 seconds
ENGPAR   Imbalances <v, e0, ...>: 1.0502 1.4943 
ENGPAR Completed criteria type -1 in 4 steps and took 53.304883 seconds
ENGPAR Starting criteria type 0 with imbalances: 1.0502 1.4943 
ENGPAR Side Tolerance is: 6335
ENGPAR   Step took 10.245382 seconds
ENGPAR   Imbalances <v, e0, ...>: 1.0502 1.4943 
ENGPAR   Step took 10.247246 seconds
ENGPAR   Imbalances <v, e0, ...>: 1.0502 1.4943 
ENGPAR Completed criteria type 0 in 1 steps and took 21.780855 seconds
ENGPAR EnGPar converged in 5 iterations in 75.086617 seconds
ENGPAR PARTITION : Empty Parts: 0
ENGPAR PARTITION : Disconnected Components: <max,tot> 1.000 14.000
ENGPAR PARTITION : Neighbors: <max,min,avg,imb> 32.000 2.000 9.926 3.224
ENGPAR PARTITION : Edge Cut: <max,tot> 12077.000 12975864.000
ENGPAR PARTITION : Local Vertex Imbalance: <max,min,avg,imb> 9444.000 5567.000 8992.215 1.050
ENGPAR PARTITION : Total Vertex Imbalance: <max,min,avg,imb> 19132.000 7538.000 11659.375 1.641
ENGPAR PARTITION : Edges type 0: <max,min,avg,imb> 69977.000 26545.000 46830.317 1.494
