ENGPAR Git hash 246a25c51ad813408a0b1b95b1c3304ebbef374f
ENGPAR Loaded graph /gpfs/u/home/ITAP/ITAPdmnd/scratch/aepw_edges_collapsed/4096/_0.bgd.
ENGPAR Hyper N-graph Status
ENGPAR Vertices: 5816513
ENGPAR Edges: Type 0: 39560688 
ENGPAR Pins: Type 0: 78690194 
ENGPAR PARTITION : Empty Parts: 0
ENGPAR PARTITION : Disconnected Components: <max,tot> 1.000 22.000
ENGPAR PARTITION : Neighbors: <max,min,avg,imb> 40.000 2.000 10.268 3.896
ENGPAR PARTITION : Edge Cut: <max,tot> 8039.000 17481684.000
ENGPAR PARTITION : Local Vertex Imbalance: <max,min,avg,imb> 4745.000 2605.000 4496.107 1.055
ENGPAR PARTITION : Total Vertex Imbalance: <max,min,avg,imb> 14321.000 4332.000 6411.371 2.234
ENGPAR PARTITION : Edges type 0: <max,min,avg,imb> 36011.000 13496.000 23965.185 1.503
ENGPAR Starting criteria type -1 with imbalances: 1.0554 1.5026 
ENGPAR Side Tolerance is: 4267
ENGPAR   Step took 1.140513 seconds
ENGPAR   Imbalances <v, e0, ...>: 1.0522 1.5024 
ENGPAR   Step took 0.290861 seconds
ENGPAR   Imbalances <v, e0, ...>: 1.0507 1.5022 
ENGPAR   Step took 1.149410 seconds
ENGPAR   Imbalances <v, e0, ...>: 1.0498 1.5010 
ENGPAR Completed criteria type -1 in 3 steps and took 14.517462 seconds
ENGPAR Starting criteria type 0 with imbalances: 1.0498 1.5010 
ENGPAR Side Tolerance is: 4302
ENGPAR   Step took 4.755690 seconds
ENGPAR   Imbalances <v, e0, ...>: 1.0489 1.4901 
ENGPAR   Step took 5.477770 seconds
ENGPAR   Imbalances <v, e0, ...>: 1.0498 1.4795 
ENGPAR   Step took 5.660278 seconds
ENGPAR   Imbalances <v, e0, ...>: 1.0498 1.4686 
ENGPAR   Step took 5.698637 seconds
ENGPAR   Imbalances <v, e0, ...>: 1.0498 1.4659 
ENGPAR   Step took 5.837847 seconds
ENGPAR   Imbalances <v, e0, ...>: 1.0498 1.4633 
ENGPAR   Step took 5.886299 seconds
ENGPAR   Imbalances <v, e0, ...>: 1.0498 1.4617 
ENGPAR   Step took 5.877911 seconds
ENGPAR   Imbalances <v, e0, ...>: 1.0498 1.4604 
ENGPAR   Step took 5.981917 seconds
ENGPAR   Imbalances <v, e0, ...>: 1.0498 1.4594 
ENGPAR   Step took 5.954618 seconds
ENGPAR   Imbalances <v, e0, ...>: 1.0498 1.4586 
ENGPAR   Step took 5.968305 seconds
ENGPAR   Imbalances <v, e0, ...>: 1.0498 1.4582 
ENGPAR   Step took 5.949759 seconds
ENGPAR   Imbalances <v, e0, ...>: 1.0498 1.4573 
ENGPAR   Step took 5.972485 seconds
ENGPAR   Imbalances <v, e0, ...>: 1.0498 1.4565 
ENGPAR   Step took 5.967136 seconds
ENGPAR   Imbalances <v, e0, ...>: 1.0498 1.4557 
ENGPAR   Step took 5.952861 seconds
ENGPAR   Imbalances <v, e0, ...>: 1.0498 1.4547 
ENGPAR   Step took 6.123166 seconds
ENGPAR   Imbalances <v, e0, ...>: 1.0498 1.4536 
ENGPAR   Step took 6.137841 seconds
ENGPAR   Imbalances <v, e0, ...>: 1.0498 1.4524 
ENGPAR   Step took 6.224419 seconds
ENGPAR   Imbalances <v, e0, ...>: 1.0498 1.4513 
ENGPAR   Step took 6.214586 seconds
ENGPAR   Imbalances <v, e0, ...>: 1.0498 1.4501 
ENGPAR   Step took 6.169502 seconds
ENGPAR   Imbalances <v, e0, ...>: 1.0498 1.4490 
ENGPAR   Step took 6.207806 seconds
ENGPAR   Imbalances <v, e0, ...>: 1.0498 1.4481 
ENGPAR   Step took 6.283298 seconds
ENGPAR   Imbalances <v, e0, ...>: 1.0498 1.4467 
ENGPAR   Step took 6.280443 seconds
ENGPAR   Imbalances <v, e0, ...>: 1.0498 1.4454 
ENGPAR   Step took 6.284862 seconds
ENGPAR   Imbalances <v, e0, ...>: 1.0498 1.4442 
ENGPAR   Step took 6.283591 seconds
ENGPAR   Imbalances <v, e0, ...>: 1.0498 1.4432 
ENGPAR   Step took 6.290425 seconds
ENGPAR   Imbalances <v, e0, ...>: 1.0498 1.4420 
ENGPAR   Step took 6.402120 seconds
ENGPAR   Imbalances <v, e0, ...>: 1.0498 1.4408 
ENGPAR   Step took 6.279020 seconds
ENGPAR   Imbalances <v, e0, ...>: 1.0498 1.4395 
ENGPAR   Step took 6.378970 seconds
ENGPAR   Imbalances <v, e0, ...>: 1.0498 1.4382 
ENGPAR   Step took 6.377607 seconds
ENGPAR   Imbalances <v, e0, ...>: 1.0498 1.4369 
ENGPAR   Step took 6.466600 seconds
ENGPAR   Imbalances <v, e0, ...>: 1.0498 1.4357 
ENGPAR   Step took 6.473444 seconds
ENGPAR   Imbalances <v, e0, ...>: 1.0498 1.4345 
ENGPAR Completed criteria type 0 in 31 steps and took 203.734802 seconds
ENGPAR EnGPar converged in 33 iterations in 218.253224 seconds
ENGPAR PARTITION : Empty Parts: 0
ENGPAR PARTITION : Disconnected Components: <max,tot> 2.000 38.000
ENGPAR PARTITION : Neighbors: <max,min,avg,imb> 39.000 2.000 10.265 3.799
ENGPAR PARTITION : Edge Cut: <max,tot> 8128.000 17920804.000
ENGPAR PARTITION : Local Vertex Imbalance: <max,min,avg,imb> 4720.000 3030.000 4496.107 1.050
ENGPAR PARTITION : Total Vertex Imbalance: <max,min,avg,imb> 11245.000 4504.000 6372.259 1.765
ENGPAR PARTITION : Edges type 0: <max,min,avg,imb> 34455.000 14405.000 24018.789 1.435
