ENGPAR Git hash 246a25c51ad813408a0b1b95b1c3304ebbef374f
ENGPAR Loaded graph /gpfs/u/home/ITAP/ITAPdmnd/scratch/aepw_edges_collapsed/4096/_0.bgd.
ENGPAR Hyper N-graph Status
ENGPAR Vertices: 5816513
ENGPAR Edges: Type 0: 39560688 
ENGPAR Pins: Type 0: 78690194 
ENGPAR PARTITION : Empty Parts: 0
ENGPAR PARTITION : Disconnected Components: <max,tot> 1.000 22.000
ENGPAR PARTITION : Neighbors: <max,min,avg,imb> 40.000 2.000 10.268 3.896
ENGPAR PARTITION : Edge Cut: <max,tot> 8039.000 17481684.000
ENGPAR PARTITION : Local Vertex Imbalance: <max,min,avg,imb> 4745.000 2605.000 4496.107 1.055
ENGPAR PARTITION : Total Vertex Imbalance: <max,min,avg,imb> 14321.000 4332.000 6411.371 2.234
ENGPAR PARTITION : Edges type 0: <max,min,avg,imb> 36011.000 13496.000 23965.185 1.503
ENGPAR Starting criteria type -1 with imbalances: 1.0554 1.5026 
ENGPAR Side Tolerance is: 4267
ENGPAR   Step took 0.232229 seconds
ENGPAR   Imbalances <v, e0, ...>: 1.0522 1.5011 
ENGPAR   Step took 0.243104 seconds
ENGPAR   Imbalances <v, e0, ...>: 1.0487 1.5007 
ENGPAR Completed criteria type -1 in 2 steps and took 9.698968 seconds
ENGPAR Starting criteria type 0 with imbalances: 1.0487 1.5007 
ENGPAR Side Tolerance is: 4377
ENGPAR   Step took 4.205982 seconds
ENGPAR   Imbalances <v, e0, ...>: 1.0496 1.4895 
ENGPAR   Step took 4.247153 seconds
ENGPAR   Imbalances <v, e0, ...>: 1.0498 1.4794 
ENGPAR   Step took 4.233283 seconds
ENGPAR   Imbalances <v, e0, ...>: 1.0498 1.4713 
ENGPAR   Step took 4.258981 seconds
ENGPAR   Imbalances <v, e0, ...>: 1.0498 1.4627 
ENGPAR   Step took 4.294105 seconds
ENGPAR   Imbalances <v, e0, ...>: 1.0498 1.4584 
ENGPAR   Step took 4.352520 seconds
ENGPAR   Imbalances <v, e0, ...>: 1.0498 1.4558 
ENGPAR   Step took 4.427295 seconds
ENGPAR   Imbalances <v, e0, ...>: 1.0498 1.4535 
ENGPAR   Step took 4.493892 seconds
ENGPAR   Imbalances <v, e0, ...>: 1.0498 1.4510 
ENGPAR   Step took 4.574775 seconds
ENGPAR   Imbalances <v, e0, ...>: 1.0498 1.4490 
ENGPAR   Step took 4.566684 seconds
ENGPAR   Imbalances <v, e0, ...>: 1.0498 1.4468 
ENGPAR   Step took 4.595595 seconds
ENGPAR   Imbalances <v, e0, ...>: 1.0498 1.4455 
ENGPAR   Step took 4.708642 seconds
ENGPAR   Imbalances <v, e0, ...>: 1.0498 1.4444 
ENGPAR   Step took 4.710385 seconds
ENGPAR   Imbalances <v, e0, ...>: 1.0498 1.4433 
ENGPAR   Step took 4.596611 seconds
ENGPAR   Imbalances <v, e0, ...>: 1.0498 1.4423 
ENGPAR   Step took 4.642304 seconds
ENGPAR   Imbalances <v, e0, ...>: 1.0498 1.4407 
ENGPAR   Step took 4.676033 seconds
ENGPAR   Imbalances <v, e0, ...>: 1.0498 1.4396 
ENGPAR   Step took 4.681113 seconds
ENGPAR   Imbalances <v, e0, ...>: 1.0498 1.4387 
ENGPAR   Step took 4.709781 seconds
ENGPAR   Imbalances <v, e0, ...>: 1.0498 1.4374 
ENGPAR   Step took 4.743363 seconds
ENGPAR   Imbalances <v, e0, ...>: 1.0498 1.4361 
ENGPAR   Step took 4.844232 seconds
ENGPAR   Imbalances <v, e0, ...>: 1.0498 1.4350 
ENGPAR   Step took 4.876465 seconds
ENGPAR   Imbalances <v, e0, ...>: 1.0498 1.4338 
ENGPAR   Step took 4.906219 seconds
ENGPAR   Imbalances <v, e0, ...>: 1.0498 1.4322 
ENGPAR   Step took 4.921468 seconds
ENGPAR   Imbalances <v, e0, ...>: 1.0498 1.4307 
ENGPAR   Step took 4.893865 seconds
ENGPAR   Imbalances <v, e0, ...>: 1.0498 1.4298 
ENGPAR   Step took 4.467947 seconds
ENGPAR   Imbalances <v, e0, ...>: 1.0498 1.4287 
ENGPAR   Step took 4.520530 seconds
ENGPAR   Imbalances <v, e0, ...>: 1.0498 1.4273 
ENGPAR   Step took 4.584622 seconds
ENGPAR   Imbalances <v, e0, ...>: 1.0498 1.4251 
ENGPAR   Step took 3.074843 seconds
ENGPAR   Imbalances <v, e0, ...>: 1.0498 1.4233 
ENGPAR   Step took 3.076918 seconds
ENGPAR   Imbalances <v, e0, ...>: 1.0498 1.4223 
ENGPAR   Step took 3.074363 seconds
ENGPAR   Imbalances <v, e0, ...>: 1.0498 1.4207 
ENGPAR   Step took 3.074925 seconds
ENGPAR   Imbalances <v, e0, ...>: 1.0498 1.4186 
ENGPAR Completed criteria type 0 in 31 steps and took 152.136550 seconds
ENGPAR EnGPar converged in 32 iterations in 161.836479 seconds
ENGPAR PARTITION : Empty Parts: 0
ENGPAR PARTITION : Disconnected Components: <max,tot> 9.000 1531.000
ENGPAR PARTITION : Neighbors: <max,min,avg,imb> 51.000 3.000 13.924 3.663
ENGPAR PARTITION : Edge Cut: <max,tot> 11714.000 20888110.000
ENGPAR PARTITION : Local Vertex Imbalance: <max,min,avg,imb> 4720.000 3103.000 4496.107 1.050
ENGPAR PARTITION : Total Vertex Imbalance: <max,min,avg,imb> 12998.000 4741.000 6744.529 1.927
ENGPAR PARTITION : Edges type 0: <max,min,avg,imb> 34587.000 20660.000 24381.009 1.419
