ENGPAR Git hash 246a25c51ad813408a0b1b95b1c3304ebbef374f
ENGPAR Loaded graph /gpfs/u/home/ITAP/ITAPdmnd/scratch/aepw_edges_collapsed/1024/_0.bgd.
ENGPAR Hyper N-graph Status
ENGPAR Vertices: 5816513
ENGPAR Edges: Type 0: 39560688 
ENGPAR Pins: Type 0: 78690194 
ENGPAR PARTITION : Empty Parts: 0
ENGPAR PARTITION : Disconnected Components: <max,tot> 1.000 7.000
ENGPAR PARTITION : Neighbors: <max,min,avg,imb> 39.000 2.000 9.807 3.977
ENGPAR PARTITION : Edge Cut: <max,tot> 18612.000 9519170.000
ENGPAR PARTITION : Local Vertex Imbalance: <max,min,avg,imb> 18883.000 12039.000 17984.430 1.050
ENGPAR PARTITION : Total Vertex Imbalance: <max,min,avg,imb> 30072.000 15445.000 21790.848 1.380
ENGPAR PARTITION : Edges type 0: <max,min,avg,imb> 137490.000 55914.000 91972.795 1.495
ENGPAR Starting criteria type -1 with imbalances: 1.0500 1.4949 
ENGPAR Side Tolerance is: 9296
ENGPAR Completed criteria type -1 in 0 steps and took 0.007854 seconds
ENGPAR Starting criteria type 0 with imbalances: 1.0500 1.4949 
ENGPAR Side Tolerance is: 9296
ENGPAR   Step took 4.019591 seconds
ENGPAR   Imbalances <v, e0, ...>: 1.0491 1.4907 
ENGPAR   Step took 4.366682 seconds
ENGPAR   Imbalances <v, e0, ...>: 1.0494 1.4864 
ENGPAR   Step took 4.598114 seconds
ENGPAR   Imbalances <v, e0, ...>: 1.0499 1.4824 
ENGPAR   Step took 4.985035 seconds
ENGPAR   Imbalances <v, e0, ...>: 1.0500 1.4776 
ENGPAR   Step took 5.278383 seconds
ENGPAR   Imbalances <v, e0, ...>: 1.0500 1.4735 
ENGPAR   Step took 5.585158 seconds
ENGPAR   Imbalances <v, e0, ...>: 1.0500 1.4694 
ENGPAR   Step took 5.782847 seconds
ENGPAR   Imbalances <v, e0, ...>: 1.0500 1.4634 
ENGPAR   Step took 6.077673 seconds
ENGPAR   Imbalances <v, e0, ...>: 1.0500 1.4590 
ENGPAR   Step took 4.799164 seconds
ENGPAR   Imbalances <v, e0, ...>: 1.0500 1.4545 
ENGPAR   Step took 5.140212 seconds
ENGPAR   Imbalances <v, e0, ...>: 1.0500 1.4506 
ENGPAR   Step took 5.440834 seconds
ENGPAR   Imbalances <v, e0, ...>: 1.0500 1.4475 
ENGPAR   Step took 5.688412 seconds
ENGPAR   Imbalances <v, e0, ...>: 1.0500 1.4460 
ENGPAR   Step took 5.963074 seconds
ENGPAR   Imbalances <v, e0, ...>: 1.0500 1.4448 
ENGPAR   Step took 6.141996 seconds
ENGPAR   Imbalances <v, e0, ...>: 1.0500 1.4433 
ENGPAR   Step took 5.374907 seconds
ENGPAR   Imbalances <v, e0, ...>: 1.0500 1.4421 
ENGPAR   Step took 5.440053 seconds
ENGPAR   Imbalances <v, e0, ...>: 1.0500 1.4406 
ENGPAR   Step took 5.615568 seconds
ENGPAR   Imbalances <v, e0, ...>: 1.0500 1.4392 
ENGPAR   Step took 5.781926 seconds
ENGPAR   Imbalances <v, e0, ...>: 1.0500 1.4379 
ENGPAR   Step took 5.888021 seconds
ENGPAR   Imbalances <v, e0, ...>: 1.0500 1.4365 
ENGPAR   Step took 5.969352 seconds
ENGPAR   Imbalances <v, e0, ...>: 1.0500 1.4349 
ENGPAR   Step took 6.161179 seconds
ENGPAR   Imbalances <v, e0, ...>: 1.0500 1.4331 
ENGPAR   Step took 6.166754 seconds
ENGPAR   Imbalances <v, e0, ...>: 1.0500 1.4314 
ENGPAR   Step took 5.356762 seconds
ENGPAR   Imbalances <v, e0, ...>: 1.0500 1.4294 
ENGPAR   Step took 5.468853 seconds
ENGPAR   Imbalances <v, e0, ...>: 1.0500 1.4274 
ENGPAR   Step took 5.556785 seconds
ENGPAR   Imbalances <v, e0, ...>: 1.0500 1.4252 
ENGPAR   Step took 5.674193 seconds
ENGPAR   Imbalances <v, e0, ...>: 1.0500 1.4234 
ENGPAR   Step took 5.054667 seconds
ENGPAR   Imbalances <v, e0, ...>: 1.0500 1.4215 
ENGPAR   Step took 5.138811 seconds
ENGPAR   Imbalances <v, e0, ...>: 1.0500 1.4190 
ENGPAR   Step took 5.272398 seconds
ENGPAR   Imbalances <v, e0, ...>: 1.0500 1.4163 
ENGPAR   Step took 5.295315 seconds
ENGPAR   Imbalances <v, e0, ...>: 1.0500 1.4139 
ENGPAR   Step took 5.346024 seconds
ENGPAR   Imbalances <v, e0, ...>: 1.0500 1.4112 
ENGPAR Completed criteria type 0 in 31 steps and took 227.075136 seconds
ENGPAR EnGPar converged in 30 iterations in 227.083784 seconds
ENGPAR PARTITION : Empty Parts: 0
ENGPAR PARTITION : Disconnected Components: <max,tot> 13.000 1067.000
ENGPAR PARTITION : Neighbors: <max,min,avg,imb> 64.000 3.000 15.432 4.147
ENGPAR PARTITION : Edge Cut: <max,tot> 26439.000 12260808.000
ENGPAR PARTITION : Local Vertex Imbalance: <max,min,avg,imb> 18883.000 13034.000 17984.430 1.050
ENGPAR PARTITION : Total Vertex Imbalance: <max,min,avg,imb> 27514.000 17689.000 22836.277 1.205
ENGPAR PARTITION : Edges type 0: <max,min,avg,imb> 131678.000 81491.000 93311.485 1.411
