ENGPAR Git hash 246a25c51ad813408a0b1b95b1c3304ebbef374f
ENGPAR Loaded graph /gpfs/u/home/ITAP/ITAPdmnd/scratch/aepw_edges/2048/_0.bgd.
ENGPAR Hyper N-graph Status
ENGPAR Vertices: 18416056
ENGPAR Edges: Type 0: 89420557 
ENGPAR Pins: Type 0: 178841114 
ENGPAR PARTITION : Empty Parts: 0
ENGPAR PARTITION : Disconnected Components: <max,tot> 1.000 12.000
ENGPAR PARTITION : Neighbors: <max,min,avg,imb> 48.000 4.000 13.658 3.514
ENGPAR PARTITION : Edge Cut: <max,tot> 11911.000 11451848.000
ENGPAR PARTITION : Local Vertex Imbalance: <max,min,avg,imb> 9436.000 6151.000 8992.215 1.049
ENGPAR PARTITION : Total Vertex Imbalance: <max,min,avg,imb> 12923.000 8168.000 11371.871 1.136
ENGPAR PARTITION : Edges type 0: <max,min,avg,imb> 70468.000 27194.000 46458.243 1.517
ENGPAR Starting criteria type -1 with imbalances: 1.0494 1.5168 
ENGPAR Side Tolerance is: 5591
ENGPAR Completed criteria type -1 in 0 steps and took 0.004874 seconds
ENGPAR Starting criteria type 0 with imbalances: 1.0494 1.5168 
ENGPAR Side Tolerance is: 5591
ENGPAR   Step took 10.289500 seconds
ENGPAR   Imbalances <v, e0, ...>: 1.0492 1.5166 
ENGPAR   Step took 10.407953 seconds
ENGPAR   Imbalances <v, e0, ...>: 1.0492 1.5166 
ENGPAR   Step took 10.428371 seconds
ENGPAR   Imbalances <v, e0, ...>: 1.0492 1.5167 
ENGPAR Completed criteria type 0 in 3 steps and took 34.362022 seconds
ENGPAR EnGPar converged in 3 iterations in 34.367772 seconds
ENGPAR PARTITION : Empty Parts: 0
ENGPAR PARTITION : Disconnected Components: <max,tot> 1.000 12.000
ENGPAR PARTITION : Neighbors: <max,min,avg,imb> 48.000 4.000 13.658 3.514
ENGPAR PARTITION : Edge Cut: <max,tot> 11911.000 11446710.000
ENGPAR PARTITION : Local Vertex Imbalance: <max,min,avg,imb> 9435.000 6154.000 8992.215 1.049
ENGPAR PARTITION : Total Vertex Imbalance: <max,min,avg,imb> 12923.000 8171.000 11371.313 1.136
ENGPAR PARTITION : Edges type 0: <max,min,avg,imb> 70459.000 27204.000 46456.988 1.517
