MPIDI_Process.*
  verbose               : 22270272
  statistics            : 1
  contexts              : 0
  async_progress        : 1
  context_post          : 0
  pt2pt.limits
    application
      eager
        remote, local   : 1, 4097
      short
        remote, local   : 4097, 113
    internal
      eager
        remote, local   : 113, 4097
      short
        remote, local   : 4097, 113
  rma_pending           : 113
  shmem_pt2pt           : 1000
  disable_internal_eager_scale : 1
  optimized.collectives : 524288
  optimized.select_colls: 1
  optimized.subcomms    : 2
  optimized.memory      : 1
  optimized.num_requests: 0
  mpir_nbc              : 16
  numTasks              : 1
mpi thread level        : 'MPI_THREAD_SINGLE'
MPIU_THREAD_GRANULARITY : 'per object'
ASSERT_LEVEL            : 2
MPICH_LIBDIR           : not defined
The following MPICH_* environment variables were specified:
The following PAMID_* environment variables were specified:
  PAMID_VERBOSE=1
The following PAMI_* environment variables were specified:
The following COMMAGENT_* environment variables were specified:
The following MUSPI_* environment variables were specified:
The following BG_* environment variables were specified:
  BG_SHAREDMEMSIZE=64MB
EnGPar Git hash 7e29e9426b836ced278c4f720ed780cce3335eaf
model /projects/HighLift/cwsmith/phasta-boeing-1B/translated-model.dmg loaded in 0.714111 seconds
mesh bz2:/projects/HighLift/cwsmith/phasta-boeing-1B/256Ki/mdsMesh_bz2/ loaded in 6.821793 seconds
number of tet 1289217728 hex 0 prism 0 pyramid 0
mesh entity counts: v 223775111 e 1518185201 f 2583627817 r 1289217728
render vtk off
PARMA_STATUS before disconnected <max avg> 4 0.003
PARMA_STATUS before neighbors <max avg> 82 16.029
PARMA_STATUS before smallest side of max neighbor part 1
PARMA_STATUS before num parts with max neighbors 1
PARMA_STATUS before empty parts 0
PARMA_STATUS before small neighbor counts 1:188156 2:90248 3:77418 4:75292 5:73396 6:69554 7:68138 8:65704 9:63804 10:62794 
PARMA_STATUS before weighted vtx <tot max min avg> 298550833.0 1341.0 933.0 1138.881
PARMA_STATUS before weighted edge <tot max min avg> 1726270330.0 7079.0 5695.0 6585.199
PARMA_STATUS before weighted face <tot max min avg> 2717199569.0 10710.0 9224.0 10365.294
PARMA_STATUS before weighted rgn <tot max min avg> 1289217728.0 5005.0 4379.0 4917.975
PARMA_STATUS before owned bdry vtx <tot max min avg> 60331057 850 0 230.145
PARMA_STATUS before shared bdry vtx <tot max min avg> 135106779 871 221 515.391
PARMA_STATUS before model bdry vtx <tot max min avg> 6340019 297 0 24.185
PARMA_STATUS before sharedSidesToElements <max min avg> 0.354 0.080 0.207
PARMA_STATUS before entity imbalance <v e f r>: 1.18 1.07 1.03 1.02
Starting criteria type 0 with imbalances: 1.0177 1.1775 
Step took 0.132253 seconds
Imbalances <v, e0, ...>: 1.0252 1.1509 
Migrating 4403219 vertices took 0.270718 seconds
Step took 0.132007 seconds
Imbalances <v, e0, ...>: 1.0301 1.1281 
Migrating 4023571 vertices took 0.228397 seconds
Step took 0.140870 seconds
Imbalances <v, e0, ...>: 1.0378 1.1032 
Slope: -0.085386
Migrating 3505698 vertices took 0.222202 seconds
Step took 0.142489 seconds
Imbalances <v, e0, ...>: 1.0431 1.0799 
Slope: -0.083959
Migrating 3091408 vertices took 0.211192 seconds
Step took 0.140376 seconds
Imbalances <v, e0, ...>: 1.0474 1.0589 
Slope: -0.083913
Migrating 2834769 vertices took 0.228221 seconds
Step took 0.144701 seconds
Imbalances <v, e0, ...>: 1.0500 1.0616 
Slope: -0.076978
Migrating 2691639 vertices took 0.224876 seconds
Step took 0.138782 seconds
Imbalances <v, e0, ...>: 1.0545 1.0557 
Slope: -0.026240
Migrating 2610686 vertices took 0.218534 seconds
Step took 0.147488 seconds
Imbalances <v, e0, ...>: 1.0590 1.0560 
Slope: -0.007732
Migrating 2561167 vertices took 0.235430 seconds
Step took 0.140533 seconds
Imbalances <v, e0, ...>: 1.0606 1.0633 
Slope: -0.008187
Migrating 2530552 vertices took 0.215371 seconds
Completed criteria type 0 in 9 steps and took 3.990160 seconds
Starting criteria type -1 with imbalances: 1.0606 1.0633 
Plan was trimmed from 2879922 to 2877601 vertices
Step took 0.225530 seconds
Imbalances <v, e0, ...>: 1.0549 1.0621 
Migrating 2877601 vertices took 0.207536 seconds
Plan was trimmed from 3192473 to 3175493 vertices
Step took 0.227825 seconds
Imbalances <v, e0, ...>: 1.0504 1.0624 
Migrating 3175493 vertices took 0.200190 seconds
Plan was trimmed from 3306311 to 3243836 vertices
Step took 0.231334 seconds
Imbalances <v, e0, ...>: 1.0445 1.0616 
Slope: -0.017487
Migrating 3243836 vertices took 0.198174 seconds
Completed criteria type -1 in 3 steps and took 1.321016 seconds
EnGPar converged in 14 iterations in 5.314015 seconds
Migration took 50.924274% of the total time
Distance Computation took 0.587758 seconds
Local Vertices <max, min, avg, imb> = <5137.000000 4422.000000 4917.975342 1.044536>
Total Vertices <max, min, avg, imb> = <14214 6747 9595.835426 1.481268>
Edges type 0 <max, min, avg, imb> = <1229.000000 1029.000000 1157.696079 1.061591>
Total Time: 7.536755
Construct Time: 0.851660
Balancing Time: 5.346207
Repartition Time: 1.244222
PARMA_STATUS after disconnected <max avg> 58 3.468
PARMA_STATUS after neighbors <max avg> 147 18.271
PARMA_STATUS after smallest side of max neighbor part 1
PARMA_STATUS after num parts with max neighbors 1
PARMA_STATUS after empty parts 0
PARMA_STATUS after small neighbor counts 1:101040 2:60884 3:81418 4:94952 5:103756 6:110580 7:114452 8:114462 9:109172 10:103612 
PARMA_STATUS after weighted vtx <tot max min avg> 303483081.0 1229.0 1029.0 1157.696
PARMA_STATUS after weighted edge <tot max min avg> 1737384076.0 6874.0 6093.0 6627.594
PARMA_STATUS after weighted face <tot max min avg> 2723317918.0 10681.0 9620.0 10388.633
PARMA_STATUS after weighted rgn <tot max min avg> 1289217728.0 5137.0 4422.0 4917.975
PARMA_STATUS after owned bdry vtx <tot max min avg> 61261399 799 0 233.694
PARMA_STATUS after shared bdry vtx <tot max min avg> 140969369 799 250 537.755
PARMA_STATUS after model bdry vtx <tot max min avg> 6394752 331 0 24.394
PARMA_STATUS after sharedSidesToElements <max min avg> 0.361 0.084 0.217
PARMA_STATUS after entity imbalance <v e f r>: 1.06 1.04 1.03 1.04

All tests passed
