ENGPAR Git hash 246a25c51ad813408a0b1b95b1c3304ebbef374f
ENGPAR Loaded graph /gpfs/u/home/ITAP/ITAPdmnd/scratch/aepw/1024/_0.bgd.
ENGPAR Hyper N-graph Status
ENGPAR Vertices: 18416056
ENGPAR Edges: Type 0: 57808404 
ENGPAR Pins: Type 0: 281984140 
ENGPAR PARTITION : Empty Parts: 0
ENGPAR PARTITION : Disconnected Components: <max,tot> 1.000 5.000
ENGPAR PARTITION : Neighbors: <max,min,avg,imb> 34.000 3.000 11.541 2.946
ENGPAR PARTITION : Edge Cut: <max,tot> 28952.000 12167064.000
ENGPAR PARTITION : Local Vertex Imbalance: <max,min,avg,imb> 18851.000 12471.000 17984.430 1.048
ENGPAR PARTITION : Total Vertex Imbalance: <max,min,avg,imb> 25765.000 15657.000 21905.638 1.176
ENGPAR PARTITION : Edges type 0: <max,min,avg,imb> 124499.000 30019.000 62526.004 1.991
ENGPAR Starting criteria type -1 with imbalances: 1.0482 1.9912 
ENGPAR Side Tolerance is: 11881
ENGPAR Completed criteria type -1 in 0 steps and took 0.008083 seconds
ENGPAR Starting criteria type 0 with imbalances: 1.0482 1.9912 
ENGPAR Side Tolerance is: 11881
ENGPAR   Step took 24.035713 seconds
ENGPAR   Imbalances <v, e0, ...>: 1.0500 1.9766 
ENGPAR   Step took 24.547248 seconds
ENGPAR   Imbalances <v, e0, ...>: 1.0500 1.9679 
ENGPAR   Step took 24.783252 seconds
ENGPAR   Imbalances <v, e0, ...>: 1.0500 1.9585 
ENGPAR   Step took 24.860437 seconds
ENGPAR   Imbalances <v, e0, ...>: 1.0500 1.9504 
ENGPAR   Step took 25.112701 seconds
ENGPAR   Imbalances <v, e0, ...>: 1.0500 1.9421 
ENGPAR   Step took 25.251889 seconds
ENGPAR   Imbalances <v, e0, ...>: 1.0500 1.9360 
ENGPAR   Step took 16.673517 seconds
ENGPAR   Imbalances <v, e0, ...>: 1.0500 1.9283 
ENGPAR   Step took 16.672837 seconds
ENGPAR   Imbalances <v, e0, ...>: 1.0500 1.9219 
ENGPAR   Step took 16.634632 seconds
ENGPAR   Imbalances <v, e0, ...>: 1.0500 1.9160 
ENGPAR   Step took 16.660531 seconds
ENGPAR   Imbalances <v, e0, ...>: 1.0500 1.9104 
ENGPAR   Step took 16.671039 seconds
ENGPAR   Imbalances <v, e0, ...>: 1.0500 1.9038 
ENGPAR   Step took 16.681971 seconds
ENGPAR   Imbalances <v, e0, ...>: 1.0500 1.8985 
ENGPAR   Step took 12.614636 seconds
ENGPAR   Imbalances <v, e0, ...>: 1.0500 1.8930 
ENGPAR   Step took 9.800182 seconds
ENGPAR   Imbalances <v, e0, ...>: 1.0500 1.8874 
ENGPAR   Step took 9.906896 seconds
ENGPAR   Imbalances <v, e0, ...>: 1.0500 1.8814 
ENGPAR   Step took 10.108802 seconds
ENGPAR   Imbalances <v, e0, ...>: 1.0500 1.8755 
ENGPAR   Step took 10.375305 seconds
ENGPAR   Imbalances <v, e0, ...>: 1.0500 1.8691 
ENGPAR   Step took 10.585125 seconds
ENGPAR   Imbalances <v, e0, ...>: 1.0500 1.8664 
ENGPAR   Step took 10.865730 seconds
ENGPAR   Imbalances <v, e0, ...>: 1.0500 1.8632 
ENGPAR   Step took 10.868350 seconds
ENGPAR   Imbalances <v, e0, ...>: 1.0500 1.8611 
ENGPAR   Step took 10.875142 seconds
ENGPAR   Imbalances <v, e0, ...>: 1.0500 1.8581 
ENGPAR   Step took 10.878245 seconds
ENGPAR   Imbalances <v, e0, ...>: 1.0500 1.8557 
ENGPAR   Step took 10.872521 seconds
ENGPAR   Imbalances <v, e0, ...>: 1.0500 1.8519 
ENGPAR   Step took 10.866447 seconds
ENGPAR   Imbalances <v, e0, ...>: 1.0500 1.8486 
ENGPAR   Step took 10.890345 seconds
ENGPAR   Imbalances <v, e0, ...>: 1.0500 1.8439 
ENGPAR   Step took 11.043592 seconds
ENGPAR   Imbalances <v, e0, ...>: 1.0500 1.8408 
ENGPAR   Step took 11.358651 seconds
ENGPAR   Imbalances <v, e0, ...>: 1.0500 1.8374 
ENGPAR   Step took 10.873244 seconds
ENGPAR   Imbalances <v, e0, ...>: 1.0500 1.8334 
ENGPAR   Step took 10.873502 seconds
ENGPAR   Imbalances <v, e0, ...>: 1.0500 1.8293 
ENGPAR   Step took 10.871317 seconds
ENGPAR   Imbalances <v, e0, ...>: 1.0500 1.8247 
ENGPAR   Step took 10.875708 seconds
ENGPAR   Imbalances <v, e0, ...>: 1.0500 1.8206 
ENGPAR Completed criteria type 0 in 31 steps and took 515.268141 seconds
ENGPAR EnGPar converged in 30 iterations in 515.277002 seconds
ENGPAR PARTITION : Empty Parts: 0
ENGPAR PARTITION : Disconnected Components: <max,tot> 40.000 2060.000
ENGPAR PARTITION : Neighbors: <max,min,avg,imb> 54.000 4.000 14.699 3.674
ENGPAR PARTITION : Edge Cut: <max,tot> 36851.000 14943404.000
ENGPAR PARTITION : Local Vertex Imbalance: <max,min,avg,imb> 18883.000 12457.000 17984.430 1.050
ENGPAR PARTITION : Total Vertex Imbalance: <max,min,avg,imb> 26989.000 16831.000 22590.115 1.195
ENGPAR PARTITION : Edges type 0: <max,min,avg,imb> 116479.000 38518.000 63979.635 1.821
