ENGPAR Git hash 246a25c51ad813408a0b1b95b1c3304ebbef374f
ENGPAR Loaded graph /gpfs/u/home/ITAP/ITAPdmnd/scratch/aepw/2048/_0.bgd.
ENGPAR Hyper N-graph Status
ENGPAR Vertices: 18416056
ENGPAR Edges: Type 0: 57808404 
ENGPAR Pins: Type 0: 281984140 
ENGPAR PARTITION : Empty Parts: 0
ENGPAR PARTITION : Disconnected Components: <max,tot> 1.000 11.000
ENGPAR PARTITION : Neighbors: <max,min,avg,imb> 35.000 4.000 12.318 2.841
ENGPAR PARTITION : Edge Cut: <max,tot> 18501.000 15712124.000
ENGPAR PARTITION : Local Vertex Imbalance: <max,min,avg,imb> 9408.000 5485.000 8992.215 1.046
ENGPAR PARTITION : Total Vertex Imbalance: <max,min,avg,imb> 13417.000 6950.000 11662.968 1.150
ENGPAR PARTITION : Edges type 0: <max,min,avg,imb> 64317.000 12026.000 32174.591 1.999
ENGPAR Starting criteria type -1 with imbalances: 1.0462 1.9990 
ENGPAR Side Tolerance is: 7671
ENGPAR Completed criteria type -1 in 0 steps and took 0.004942 seconds
ENGPAR Starting criteria type 0 with imbalances: 1.0462 1.9990 
ENGPAR Side Tolerance is: 7671
ENGPAR   Step took 17.071836 seconds
ENGPAR   Imbalances <v, e0, ...>: 1.0497 1.9754 
ENGPAR   Step took 17.783392 seconds
ENGPAR   Imbalances <v, e0, ...>: 1.0499 1.9676 
ENGPAR   Step took 18.317086 seconds
ENGPAR   Imbalances <v, e0, ...>: 1.0499 1.9603 
ENGPAR   Step took 18.795805 seconds
ENGPAR   Imbalances <v, e0, ...>: 1.0499 1.9526 
ENGPAR   Step took 19.368877 seconds
ENGPAR   Imbalances <v, e0, ...>: 1.0499 1.9452 
ENGPAR   Step took 19.940531 seconds
ENGPAR   Imbalances <v, e0, ...>: 1.0499 1.9389 
ENGPAR   Step took 17.412358 seconds
ENGPAR   Imbalances <v, e0, ...>: 1.0499 1.9324 
ENGPAR   Step took 17.631961 seconds
ENGPAR   Imbalances <v, e0, ...>: 1.0499 1.9265 
ENGPAR   Step took 16.586463 seconds
ENGPAR   Imbalances <v, e0, ...>: 1.0499 1.9209 
ENGPAR   Step took 17.009951 seconds
ENGPAR   Imbalances <v, e0, ...>: 1.0499 1.9156 
ENGPAR   Step took 17.241928 seconds
ENGPAR   Imbalances <v, e0, ...>: 1.0499 1.9103 
ENGPAR   Step took 17.505449 seconds
ENGPAR   Imbalances <v, e0, ...>: 1.0499 1.9045 
ENGPAR   Step took 17.857660 seconds
ENGPAR   Imbalances <v, e0, ...>: 1.0499 1.8998 
ENGPAR   Step took 18.260182 seconds
ENGPAR   Imbalances <v, e0, ...>: 1.0499 1.8953 
ENGPAR   Step took 18.515256 seconds
ENGPAR   Imbalances <v, e0, ...>: 1.0499 1.8909 
ENGPAR   Step took 5.782735 seconds
ENGPAR   Imbalances <v, e0, ...>: 1.0499 1.8861 
ENGPAR   Step took 5.442715 seconds
ENGPAR   Imbalances <v, e0, ...>: 1.0499 1.8813 
ENGPAR   Step took 5.459410 seconds
ENGPAR   Imbalances <v, e0, ...>: 1.0499 1.8772 
ENGPAR   Step took 5.863853 seconds
ENGPAR   Imbalances <v, e0, ...>: 1.0499 1.8725 
ENGPAR   Step took 10.745048 seconds
ENGPAR   Imbalances <v, e0, ...>: 1.0499 1.8700 
ENGPAR   Step took 10.765178 seconds
ENGPAR   Imbalances <v, e0, ...>: 1.0499 1.8669 
ENGPAR   Step took 10.789689 seconds
ENGPAR   Imbalances <v, e0, ...>: 1.0499 1.8646 
ENGPAR   Step took 10.792071 seconds
ENGPAR   Imbalances <v, e0, ...>: 1.0499 1.8607 
ENGPAR   Step took 10.778074 seconds
ENGPAR   Imbalances <v, e0, ...>: 1.0499 1.8576 
ENGPAR   Step took 10.769736 seconds
ENGPAR   Imbalances <v, e0, ...>: 1.0499 1.8550 
ENGPAR   Step took 10.775948 seconds
ENGPAR   Imbalances <v, e0, ...>: 1.0499 1.8526 
ENGPAR   Step took 10.758605 seconds
ENGPAR   Imbalances <v, e0, ...>: 1.0499 1.8501 
ENGPAR   Step took 10.783719 seconds
ENGPAR   Imbalances <v, e0, ...>: 1.0499 1.8471 
ENGPAR   Step took 10.800271 seconds
ENGPAR   Imbalances <v, e0, ...>: 1.0499 1.8442 
ENGPAR   Step took 10.788932 seconds
ENGPAR   Imbalances <v, e0, ...>: 1.0499 1.8414 
ENGPAR   Step took 10.778677 seconds
ENGPAR   Imbalances <v, e0, ...>: 1.0499 1.8402 
ENGPAR Completed criteria type 0 in 31 steps and took 453.581955 seconds
ENGPAR EnGPar converged in 30 iterations in 453.587749 seconds
ENGPAR PARTITION : Empty Parts: 0
ENGPAR PARTITION : Disconnected Components: <max,tot> 20.000 2262.000
ENGPAR PARTITION : Neighbors: <max,min,avg,imb> 53.000 4.000 15.435 3.434
ENGPAR PARTITION : Edge Cut: <max,tot> 21900.000 19252089.000
ENGPAR PARTITION : Local Vertex Imbalance: <max,min,avg,imb> 9441.000 5544.000 8992.215 1.050
ENGPAR PARTITION : Total Vertex Imbalance: <max,min,avg,imb> 15329.000 8782.000 12160.409 1.261
ENGPAR PARTITION : Edges type 0: <max,min,avg,imb> 60959.000 19411.000 33126.508 1.840
