ENGPAR Git hash 246a25c51ad813408a0b1b95b1c3304ebbef374f
ENGPAR Loaded graph /gpfs/u/home/ITAP/ITAPdmnd/scratch/aepw/1024/_0.bgd.
ENGPAR Hyper N-graph Status
ENGPAR Vertices: 18416056
ENGPAR Edges: Type 0: 57808404 
ENGPAR Pins: Type 0: 281984140 
ENGPAR PARTITION : Empty Parts: 0
ENGPAR PARTITION : Disconnected Components: <max,tot> 1.000 5.000
ENGPAR PARTITION : Neighbors: <max,min,avg,imb> 34.000 3.000 11.541 2.946
ENGPAR PARTITION : Edge Cut: <max,tot> 28952.000 12167064.000
ENGPAR PARTITION : Local Vertex Imbalance: <max,min,avg,imb> 18851.000 12471.000 17984.430 1.048
ENGPAR PARTITION : Total Vertex Imbalance: <max,min,avg,imb> 25765.000 15657.000 21905.638 1.176
ENGPAR PARTITION : Edges type 0: <max,min,avg,imb> 124499.000 30019.000 62526.004 1.991
ENGPAR Starting criteria type -1 with imbalances: 1.0482 1.9912 
ENGPAR Side Tolerance is: 11881
ENGPAR Completed criteria type -1 in 0 steps and took 0.008116 seconds
ENGPAR Starting criteria type 0 with imbalances: 1.0482 1.9912 
ENGPAR Side Tolerance is: 11881
ENGPAR   Step took 56.967115 seconds
ENGPAR   Imbalances <v, e0, ...>: 1.0500 1.9766 
ENGPAR   Step took 56.167891 seconds
ENGPAR   Imbalances <v, e0, ...>: 1.0500 1.9688 
ENGPAR   Step took 56.394190 seconds
ENGPAR   Imbalances <v, e0, ...>: 1.0500 1.9614 
ENGPAR   Step took 56.861018 seconds
ENGPAR   Imbalances <v, e0, ...>: 1.0500 1.9537 
ENGPAR   Step took 59.440047 seconds
ENGPAR   Imbalances <v, e0, ...>: 1.0500 1.9489 
ENGPAR   Step took 59.722055 seconds
ENGPAR   Imbalances <v, e0, ...>: 1.0500 1.9446 
ENGPAR   Step took 60.132873 seconds
ENGPAR   Imbalances <v, e0, ...>: 1.0500 1.9403 
ENGPAR   Step took 60.819258 seconds
ENGPAR   Imbalances <v, e0, ...>: 1.0500 1.9359 
ENGPAR   Step took 60.938195 seconds
ENGPAR   Imbalances <v, e0, ...>: 1.0500 1.9315 
ENGPAR   Step took 61.227075 seconds
ENGPAR   Imbalances <v, e0, ...>: 1.0500 1.9272 
ENGPAR   Step took 61.162184 seconds
ENGPAR   Imbalances <v, e0, ...>: 1.0500 1.9229 
ENGPAR   Step took 61.108939 seconds
ENGPAR   Imbalances <v, e0, ...>: 1.0500 1.9187 
ENGPAR   Step took 61.435086 seconds
ENGPAR   Imbalances <v, e0, ...>: 1.0500 1.9151 
ENGPAR   Step took 61.287749 seconds
ENGPAR   Imbalances <v, e0, ...>: 1.0500 1.9115 
ENGPAR   Step took 58.776434 seconds
ENGPAR   Imbalances <v, e0, ...>: 1.0500 1.9089 
ENGPAR   Step took 62.384077 seconds
ENGPAR   Imbalances <v, e0, ...>: 1.0500 1.9067 
ENGPAR   Step took 59.782962 seconds
ENGPAR   Imbalances <v, e0, ...>: 1.0500 1.9043 
ENGPAR   Step took 59.776064 seconds
ENGPAR   Imbalances <v, e0, ...>: 1.0500 1.9020 
ENGPAR   Step took 62.529233 seconds
ENGPAR   Imbalances <v, e0, ...>: 1.0500 1.9004 
ENGPAR   Step took 62.783189 seconds
ENGPAR   Imbalances <v, e0, ...>: 1.0500 1.8990 
ENGPAR   Step took 62.861153 seconds
ENGPAR   Imbalances <v, e0, ...>: 1.0500 1.8971 
ENGPAR   Step took 62.883584 seconds
ENGPAR   Imbalances <v, e0, ...>: 1.0500 1.8967 
ENGPAR   Step took 62.922934 seconds
ENGPAR   Imbalances <v, e0, ...>: 1.0500 1.8963 
ENGPAR   Step took 63.249585 seconds
ENGPAR   Imbalances <v, e0, ...>: 1.0500 1.8958 
ENGPAR   Step took 63.443201 seconds
ENGPAR   Imbalances <v, e0, ...>: 1.0500 1.8951 
ENGPAR   Step took 63.154563 seconds
ENGPAR   Imbalances <v, e0, ...>: 1.0500 1.8944 
ENGPAR   Step took 63.230390 seconds
ENGPAR   Imbalances <v, e0, ...>: 1.0500 1.8937 
ENGPAR   Step took 63.196587 seconds
ENGPAR   Imbalances <v, e0, ...>: 1.0500 1.8928 
ENGPAR PARTITION : Empty Parts: 0
ENGPAR PARTITION : Disconnected Components: <max,tot> 1.000 5.000
ENGPAR PARTITION : Neighbors: <max,min,avg,imb> 34.000 3.000 11.541 2.946
ENGPAR PARTITION : Edge Cut: <max,tot> 28952.000 12167064.000
ENGPAR PARTITION : Local Vertex Imbalance: <max,min,avg,imb> 18851.000 12471.000 17984.430 1.048
ENGPAR PARTITION : Total Vertex Imbalance: <max,min,avg,imb> 25765.000 15657.000 21905.638 1.176
ENGPAR PARTITION : Edges type 0: <max,min,avg,imb> 124499.000 30019.000 62526.004 1.991
