ENGPAR Git hash 246a25c51ad813408a0b1b95b1c3304ebbef374f
pcu peers 8192 max group size 4096 posix groups 2
ENGPAR Loaded graph /gpfs/u/home/ITAP/ITAPdmnd/scratch/aepw/8192/_0.bgd.
ENGPAR Hyper N-graph Status
ENGPAR Vertices: 18416056
ENGPAR Edges: Type 0: 57808404 
ENGPAR Pins: Type 0: 281984140 
ENGPAR PARTITION : Empty Parts: 0
ENGPAR PARTITION : Disconnected Components: <max,tot> 1.000 17.000
ENGPAR PARTITION : Neighbors: <max,min,avg,imb> 32.000 4.000 13.309 2.404
ENGPAR PARTITION : Edge Cut: <max,tot> 7309.000 25867577.000
ENGPAR PARTITION : Local Vertex Imbalance: <max,min,avg,imb> 2360.000 1096.000 2248.054 1.050
ENGPAR PARTITION : Total Vertex Imbalance: <max,min,avg,imb> 3937.000 1875.000 3419.076 1.151
ENGPAR PARTITION : Edges type 0: <max,min,avg,imb> 17382.000 2866.000 8711.464 1.995
ENGPAR Starting criteria type -1 with imbalances: 1.0498 1.9953 
ENGPAR Side Tolerance is: 3157
ENGPAR Completed criteria type -1 in 0 steps and took 0.002740 seconds
ENGPAR Starting criteria type 0 with imbalances: 1.0498 1.9953 
ENGPAR Side Tolerance is: 3157
ENGPAR   Step took 6.483819 seconds
ENGPAR   Imbalances <v, e0, ...>: 1.0498 1.9771 
ENGPAR   Step took 6.667291 seconds
ENGPAR   Imbalances <v, e0, ...>: 1.0498 1.9613 
ENGPAR   Step took 6.717129 seconds
ENGPAR   Imbalances <v, e0, ...>: 1.0498 1.9464 
ENGPAR   Step took 6.825741 seconds
ENGPAR   Imbalances <v, e0, ...>: 1.0498 1.9347 
ENGPAR   Step took 6.897078 seconds
ENGPAR   Imbalances <v, e0, ...>: 1.0498 1.9260 
ENGPAR   Step took 6.998388 seconds
ENGPAR   Imbalances <v, e0, ...>: 1.0498 1.9188 
ENGPAR   Step took 7.018168 seconds
ENGPAR   Imbalances <v, e0, ...>: 1.0498 1.9111 
ENGPAR   Step took 7.016475 seconds
ENGPAR   Imbalances <v, e0, ...>: 1.0498 1.9019 
ENGPAR   Step took 7.032121 seconds
ENGPAR   Imbalances <v, e0, ...>: 1.0498 1.8956 
ENGPAR   Step took 7.091093 seconds
ENGPAR   Imbalances <v, e0, ...>: 1.0498 1.8920 
ENGPAR   Step took 7.157834 seconds
ENGPAR   Imbalances <v, e0, ...>: 1.0498 1.8870 
ENGPAR   Step took 7.220014 seconds
ENGPAR   Imbalances <v, e0, ...>: 1.0498 1.8821 
ENGPAR   Step took 7.350550 seconds
ENGPAR   Imbalances <v, e0, ...>: 1.0498 1.8778 
ENGPAR   Step took 7.446606 seconds
ENGPAR   Imbalances <v, e0, ...>: 1.0498 1.8749 
ENGPAR   Step took 7.580696 seconds
ENGPAR   Imbalances <v, e0, ...>: 1.0498 1.8712 
ENGPAR   Step took 7.710267 seconds
ENGPAR   Imbalances <v, e0, ...>: 1.0498 1.8676 
ENGPAR   Step took 7.832465 seconds
ENGPAR   Imbalances <v, e0, ...>: 1.0498 1.8638 
ENGPAR   Step took 7.891932 seconds
ENGPAR   Imbalances <v, e0, ...>: 1.0498 1.8592 
ENGPAR   Step took 8.017431 seconds
ENGPAR   Imbalances <v, e0, ...>: 1.0498 1.8568 
ENGPAR   Step took 8.098969 seconds
ENGPAR   Imbalances <v, e0, ...>: 1.0498 1.8552 
ENGPAR   Step took 8.264725 seconds
ENGPAR   Imbalances <v, e0, ...>: 1.0498 1.8524 
ENGPAR   Step took 8.284625 seconds
ENGPAR   Imbalances <v, e0, ...>: 1.0498 1.8511 
ENGPAR   Step took 8.414402 seconds
ENGPAR   Imbalances <v, e0, ...>: 1.0498 1.8490 
ENGPAR   Step took 8.541374 seconds
ENGPAR   Imbalances <v, e0, ...>: 1.0498 1.8479 
ENGPAR   Step took 8.593175 seconds
ENGPAR   Imbalances <v, e0, ...>: 1.0498 1.8460 
ENGPAR   Step took 7.990800 seconds
ENGPAR   Imbalances <v, e0, ...>: 1.0498 1.8436 
ENGPAR   Step took 7.592641 seconds
ENGPAR   Imbalances <v, e0, ...>: 1.0498 1.8420 
ENGPAR   Step took 7.639899 seconds
ENGPAR   Imbalances <v, e0, ...>: 1.0498 1.8398 
ENGPAR   Step took 7.689663 seconds
ENGPAR   Imbalances <v, e0, ...>: 1.0498 1.8384 
ENGPAR   Step took 6.705770 seconds
ENGPAR   Imbalances <v, e0, ...>: 1.0498 1.8378 
ENGPAR   Step took 6.723612 seconds
ENGPAR   Imbalances <v, e0, ...>: 1.0498 1.8360 
ENGPAR Completed criteria type 0 in 31 steps and took 240.965442 seconds
ENGPAR EnGPar converged in 30 iterations in 240.969194 seconds
ENGPAR PARTITION : Empty Parts: 0
ENGPAR PARTITION : Disconnected Components: <max,tot> 9.000 1637.000
ENGPAR PARTITION : Neighbors: <max,min,avg,imb> 42.000 5.000 15.284 2.748
ENGPAR PARTITION : Edge Cut: <max,tot> 8420.000 30169339.000
ENGPAR PARTITION : Local Vertex Imbalance: <max,min,avg,imb> 2360.000 1298.000 2248.054 1.050
ENGPAR PARTITION : Total Vertex Imbalance: <max,min,avg,imb> 4912.000 2264.000 3605.700 1.362
ENGPAR PARTITION : Edges type 0: <max,min,avg,imb> 16543.000 5013.000 9010.182 1.836
