ENGPAR Git hash 246a25c51ad813408a0b1b95b1c3304ebbef374f
ENGPAR Loaded graph /gpfs/u/home/ITAP/ITAPdmnd/scratch/aepw_collapsed/2048/_0.bgd.
ENGPAR Hyper N-graph Status
ENGPAR Vertices: 5816513
ENGPAR Edges: Type 0: 33577683 
ENGPAR Pins: Type 0: 133796502 
ENGPAR PARTITION : Empty Parts: 7
ENGPAR PARTITION : Disconnected Components: <max,tot> 4.000 219.000
ENGPAR PARTITION : Neighbors: <max,min,avg,imb> 39.000 0.000 12.282 3.175
ENGPAR PARTITION : Edge Cut: <max,tot> 22677.000 19085637.000
ENGPAR PARTITION : Local Vertex Imbalance: <max,min,avg,imb> 9441.000 0.000 8992.215 1.050
ENGPAR PARTITION : Total Vertex Imbalance: <max,min,avg,imb> 25500.000 0.000 13098.352 1.947
ENGPAR PARTITION : Edges type 0: <max,min,avg,imb> 66352.000 0.000 33011.755 2.010
ENGPAR Starting criteria type -1 with imbalances: 1.0499 2.0100 
ENGPAR Side Tolerance is: 9319
ENGPAR Completed criteria type -1 in 0 steps and took 0.004128 seconds
ENGPAR Starting criteria type 0 with imbalances: 1.0499 2.0100 
ENGPAR Side Tolerance is: 9319
ENGPAR   Step took 15.897563 seconds
ENGPAR   Imbalances <v, e0, ...>: 1.0499 1.9858 
ENGPAR   Step took 16.221491 seconds
ENGPAR   Imbalances <v, e0, ...>: 1.0499 1.9732 
ENGPAR   Step took 15.246874 seconds
ENGPAR   Imbalances <v, e0, ...>: 1.0499 1.9642 
ENGPAR   Step took 16.082692 seconds
ENGPAR   Imbalances <v, e0, ...>: 1.0499 1.9539 
ENGPAR   Step took 16.980791 seconds
ENGPAR   Imbalances <v, e0, ...>: 1.0499 1.9448 
ENGPAR   Step took 17.673320 seconds
ENGPAR   Imbalances <v, e0, ...>: 1.0499 1.9359 
ENGPAR   Step took 18.412049 seconds
ENGPAR   Imbalances <v, e0, ...>: 1.0499 1.9274 
ENGPAR   Step took 18.955560 seconds
ENGPAR   Imbalances <v, e0, ...>: 1.0499 1.9195 
ENGPAR   Step took 19.550528 seconds
ENGPAR   Imbalances <v, e0, ...>: 1.0499 1.9106 
ENGPAR   Step took 20.211659 seconds
ENGPAR   Imbalances <v, e0, ...>: 1.0499 1.9033 
ENGPAR   Step took 20.932012 seconds
ENGPAR   Imbalances <v, e0, ...>: 1.0499 1.8958 
ENGPAR   Step took 10.521930 seconds
ENGPAR   Imbalances <v, e0, ...>: 1.0499 1.8890 
ENGPAR   Step took 10.523541 seconds
ENGPAR   Imbalances <v, e0, ...>: 1.0499 1.8833 
ENGPAR   Step took 10.520057 seconds
ENGPAR   Imbalances <v, e0, ...>: 1.0499 1.8761 
ENGPAR   Step took 10.502805 seconds
ENGPAR   Imbalances <v, e0, ...>: 1.0499 1.8697 
ENGPAR   Step took 10.519117 seconds
ENGPAR   Imbalances <v, e0, ...>: 1.0499 1.8631 
ENGPAR   Step took 10.524798 seconds
ENGPAR   Imbalances <v, e0, ...>: 1.0499 1.8584 
ENGPAR   Step took 9.223378 seconds
ENGPAR   Imbalances <v, e0, ...>: 1.0499 1.8559 
ENGPAR   Step took 9.916664 seconds
ENGPAR   Imbalances <v, e0, ...>: 1.0499 1.8537 
ENGPAR   Step took 10.811489 seconds
ENGPAR   Imbalances <v, e0, ...>: 1.0499 1.8509 
ENGPAR   Step took 11.667499 seconds
ENGPAR   Imbalances <v, e0, ...>: 1.0499 1.8479 
ENGPAR   Step took 8.836372 seconds
ENGPAR   Imbalances <v, e0, ...>: 1.0499 1.8445 
ENGPAR   Step took 9.344199 seconds
ENGPAR   Imbalances <v, e0, ...>: 1.0499 1.8425 
ENGPAR   Step took 9.921356 seconds
ENGPAR   Imbalances <v, e0, ...>: 1.0499 1.8400 
ENGPAR   Step took 10.399012 seconds
ENGPAR   Imbalances <v, e0, ...>: 1.0499 1.8377 
ENGPAR   Step took 7.987268 seconds
ENGPAR   Imbalances <v, e0, ...>: 1.0499 1.8357 
ENGPAR   Step took 6.213417 seconds
ENGPAR   Imbalances <v, e0, ...>: 1.0499 1.8319 
ENGPAR   Step took 6.202527 seconds
ENGPAR   Imbalances <v, e0, ...>: 1.0499 1.8302 
ENGPAR   Step took 6.213626 seconds
ENGPAR   Imbalances <v, e0, ...>: 1.0499 1.8284 
ENGPAR   Step took 6.218367 seconds
ENGPAR   Imbalances <v, e0, ...>: 1.0499 1.8263 
ENGPAR   Step took 6.218343 seconds
ENGPAR   Imbalances <v, e0, ...>: 1.0499 1.8233 
ENGPAR Completed criteria type 0 in 31 steps and took 411.685608 seconds
ENGPAR EnGPar converged in 30 iterations in 411.690595 seconds
ENGPAR PARTITION : Empty Parts: 7
ENGPAR PARTITION : Disconnected Components: <max,tot> 21.000 4951.000
ENGPAR PARTITION : Neighbors: <max,min,avg,imb> 67.000 0.000 19.307 3.470
ENGPAR PARTITION : Edge Cut: <max,tot> 33323.000 23284340.000
ENGPAR PARTITION : Local Vertex Imbalance: <max,min,avg,imb> 9441.000 0.000 8992.215 1.050
ENGPAR PARTITION : Total Vertex Imbalance: <max,min,avg,imb> 24698.000 0.000 13644.096 1.810
ENGPAR PARTITION : Edges type 0: <max,min,avg,imb> 62421.000 0.000 34235.686 1.823
