ENGPAR Git hash 246a25c51ad813408a0b1b95b1c3304ebbef374f
ENGPAR Loaded graph /gpfs/u/home/ITAP/ITAPdmnd/scratch/aepw/1024/_0.bgd.
ENGPAR Hyper N-graph Status
ENGPAR Vertices: 18416056
ENGPAR Edges: Type 0: 57808404 
ENGPAR Pins: Type 0: 281984140 
ENGPAR PARTITION : Empty Parts: 0
ENGPAR PARTITION : Disconnected Components: <max,tot> 1.000 5.000
ENGPAR PARTITION : Neighbors: <max,min,avg,imb> 34.000 3.000 11.541 2.946
ENGPAR PARTITION : Edge Cut: <max,tot> 28952.000 12167064.000
ENGPAR PARTITION : Local Vertex Imbalance: <max,min,avg,imb> 18851.000 12471.000 17984.430 1.048
ENGPAR PARTITION : Total Vertex Imbalance: <max,min,avg,imb> 25765.000 15657.000 21905.638 1.176
ENGPAR PARTITION : Edges type 0: <max,min,avg,imb> 124499.000 30019.000 62526.004 1.991
ENGPAR Starting criteria type -1 with imbalances: 1.0482 1.9912 
ENGPAR Side Tolerance is: 11881
ENGPAR Completed criteria type -1 in 0 steps and took 0.008079 seconds
ENGPAR Starting criteria type 0 with imbalances: 1.0482 1.9912 
ENGPAR Side Tolerance is: 11881
ENGPAR   Step took 24.031764 seconds
ENGPAR   Imbalances <v, e0, ...>: 1.0500 1.9767 
ENGPAR   Step took 24.642294 seconds
ENGPAR   Imbalances <v, e0, ...>: 1.0500 1.9673 
ENGPAR   Step took 24.827945 seconds
ENGPAR   Imbalances <v, e0, ...>: 1.0500 1.9588 
ENGPAR   Step took 24.952461 seconds
ENGPAR   Imbalances <v, e0, ...>: 1.0500 1.9504 
ENGPAR   Step took 25.227343 seconds
ENGPAR   Imbalances <v, e0, ...>: 1.0500 1.9416 
ENGPAR   Step took 25.406519 seconds
ENGPAR   Imbalances <v, e0, ...>: 1.0500 1.9349 
ENGPAR   Step took 16.676276 seconds
ENGPAR   Imbalances <v, e0, ...>: 1.0500 1.9285 
ENGPAR   Step took 16.692501 seconds
ENGPAR   Imbalances <v, e0, ...>: 1.0500 1.9217 
ENGPAR   Step took 16.707439 seconds
ENGPAR   Imbalances <v, e0, ...>: 1.0500 1.9161 
ENGPAR   Step took 16.689071 seconds
ENGPAR   Imbalances <v, e0, ...>: 1.0500 1.9105 
ENGPAR   Step took 16.651383 seconds
ENGPAR   Imbalances <v, e0, ...>: 1.0500 1.9041 
ENGPAR   Step took 13.154900 seconds
ENGPAR   Imbalances <v, e0, ...>: 1.0500 1.8970 
ENGPAR   Step took 13.548317 seconds
ENGPAR   Imbalances <v, e0, ...>: 1.0500 1.8918 
ENGPAR   Step took 9.979223 seconds
ENGPAR   Imbalances <v, e0, ...>: 1.0500 1.8855 
ENGPAR   Step took 10.299111 seconds
ENGPAR   Imbalances <v, e0, ...>: 1.0500 1.8785 
ENGPAR   Step took 10.569406 seconds
ENGPAR   Imbalances <v, e0, ...>: 1.0500 1.8725 
ENGPAR   Step took 10.980397 seconds
ENGPAR   Imbalances <v, e0, ...>: 1.0500 1.8672 
ENGPAR   Step took 11.735904 seconds
ENGPAR   Imbalances <v, e0, ...>: 1.0500 1.8631 
ENGPAR   Step took 11.192171 seconds
ENGPAR   Imbalances <v, e0, ...>: 1.0500 1.8601 
ENGPAR   Step took 11.261639 seconds
ENGPAR   Imbalances <v, e0, ...>: 1.0500 1.8571 
ENGPAR   Step took 11.246337 seconds
ENGPAR   Imbalances <v, e0, ...>: 1.0500 1.8539 
ENGPAR   Step took 11.237575 seconds
ENGPAR   Imbalances <v, e0, ...>: 1.0500 1.8510 
ENGPAR   Step took 11.357033 seconds
ENGPAR   Imbalances <v, e0, ...>: 1.0500 1.8479 
ENGPAR   Step took 11.699902 seconds
ENGPAR   Imbalances <v, e0, ...>: 1.0500 1.8441 
ENGPAR   Step took 11.973542 seconds
ENGPAR   Imbalances <v, e0, ...>: 1.0500 1.8404 
ENGPAR   Step took 11.246661 seconds
ENGPAR   Imbalances <v, e0, ...>: 1.0500 1.8366 
ENGPAR   Step took 11.246806 seconds
ENGPAR   Imbalances <v, e0, ...>: 1.0500 1.8332 
ENGPAR   Step took 11.261596 seconds
ENGPAR   Imbalances <v, e0, ...>: 1.0500 1.8297 
ENGPAR   Step took 11.272153 seconds
ENGPAR   Imbalances <v, e0, ...>: 1.0500 1.8254 
ENGPAR   Step took 11.249693 seconds
ENGPAR   Imbalances <v, e0, ...>: 1.0500 1.8208 
ENGPAR   Step took 11.257568 seconds
ENGPAR   Imbalances <v, e0, ...>: 1.0500 1.8171 
ENGPAR Completed criteria type 0 in 31 steps and took 521.555379 seconds
ENGPAR EnGPar converged in 30 iterations in 521.564236 seconds
ENGPAR PARTITION : Empty Parts: 0
ENGPAR PARTITION : Disconnected Components: <max,tot> 32.000 2178.000
ENGPAR PARTITION : Neighbors: <max,min,avg,imb> 57.000 4.000 15.572 3.660
ENGPAR PARTITION : Edge Cut: <max,tot> 38356.000 15293242.000
ENGPAR PARTITION : Local Vertex Imbalance: <max,min,avg,imb> 18883.000 12467.000 17984.430 1.050
ENGPAR PARTITION : Total Vertex Imbalance: <max,min,avg,imb> 27127.000 16888.000 22674.342 1.196
ENGPAR PARTITION : Edges type 0: <max,min,avg,imb> 116620.000 38537.000 64179.314 1.817
