ENGPAR Git hash 246a25c51ad813408a0b1b95b1c3304ebbef374f
ENGPAR Loaded graph /gpfs/u/home/ITAP/ITAPdmnd/scratch/aepw/1024/_0.bgd.
ENGPAR Hyper N-graph Status
ENGPAR Vertices: 18416056
ENGPAR Edges: Type 0: 57808404 
ENGPAR Pins: Type 0: 281984140 
ENGPAR PARTITION : Empty Parts: 0
ENGPAR PARTITION : Disconnected Components: <max,tot> 1.000 5.000
ENGPAR PARTITION : Neighbors: <max,min,avg,imb> 34.000 3.000 11.541 2.946
ENGPAR PARTITION : Edge Cut: <max,tot> 28952.000 12167064.000
ENGPAR PARTITION : Local Vertex Imbalance: <max,min,avg,imb> 18851.000 12471.000 17984.430 1.048
ENGPAR PARTITION : Total Vertex Imbalance: <max,min,avg,imb> 25765.000 15657.000 21905.638 1.176
ENGPAR PARTITION : Edges type 0: <max,min,avg,imb> 124499.000 30019.000 62526.004 1.991
ENGPAR Starting criteria type -1 with imbalances: 1.0482 1.9912 
ENGPAR Side Tolerance is: 11881
ENGPAR Completed criteria type -1 in 0 steps and took 0.008119 seconds
ENGPAR Starting criteria type 0 with imbalances: 1.0482 1.9912 
ENGPAR Side Tolerance is: 11881
ENGPAR   Step took 40.851354 seconds
ENGPAR   Imbalances <v, e0, ...>: 1.0500 1.9684 
ENGPAR   Step took 42.247687 seconds
ENGPAR   Imbalances <v, e0, ...>: 1.0500 1.9534 
ENGPAR   Step took 43.125628 seconds
ENGPAR   Imbalances <v, e0, ...>: 1.0500 1.9390 
ENGPAR   Step took 43.903583 seconds
ENGPAR   Imbalances <v, e0, ...>: 1.0500 1.9252 
ENGPAR   Step took 28.403861 seconds
ENGPAR   Imbalances <v, e0, ...>: 1.0500 1.9137 
ENGPAR   Step took 28.401266 seconds
ENGPAR   Imbalances <v, e0, ...>: 1.0500 1.9032 
ENGPAR   Step took 17.363190 seconds
ENGPAR   Imbalances <v, e0, ...>: 1.0500 1.8928 
ENGPAR   Step took 18.549885 seconds
ENGPAR   Imbalances <v, e0, ...>: 1.0500 1.8822 
ENGPAR   Step took 18.973685 seconds
ENGPAR   Imbalances <v, e0, ...>: 1.0500 1.8736 
ENGPAR   Step took 19.593397 seconds
ENGPAR   Imbalances <v, e0, ...>: 1.0500 1.8615 
ENGPAR   Step took 19.794404 seconds
ENGPAR   Imbalances <v, e0, ...>: 1.0500 1.8514 
ENGPAR   Step took 19.727740 seconds
ENGPAR   Imbalances <v, e0, ...>: 1.0500 1.8419 
ENGPAR   Step took 19.848178 seconds
ENGPAR   Imbalances <v, e0, ...>: 1.0500 1.8348 
ENGPAR   Step took 20.444603 seconds
ENGPAR   Imbalances <v, e0, ...>: 1.0500 1.8295 
ENGPAR   Step took 19.837429 seconds
ENGPAR   Imbalances <v, e0, ...>: 1.0500 1.8224 
ENGPAR   Step took 19.832500 seconds
ENGPAR   Imbalances <v, e0, ...>: 1.0500 1.8158 
ENGPAR   Step took 19.832660 seconds
ENGPAR   Imbalances <v, e0, ...>: 1.0500 1.8106 
ENGPAR   Step took 19.859777 seconds
ENGPAR   Imbalances <v, e0, ...>: 1.0500 1.8042 
ENGPAR   Step took 19.895346 seconds
ENGPAR   Imbalances <v, e0, ...>: 1.0500 1.7966 
ENGPAR   Step took 19.881391 seconds
ENGPAR   Imbalances <v, e0, ...>: 1.0500 1.7899 
ENGPAR   Step took 19.875288 seconds
ENGPAR   Imbalances <v, e0, ...>: 1.0500 1.7833 
ENGPAR   Step took 19.900633 seconds
ENGPAR   Imbalances <v, e0, ...>: 1.0500 1.7764 
ENGPAR   Step took 19.955554 seconds
ENGPAR   Imbalances <v, e0, ...>: 1.0500 1.7693 
ENGPAR   Step took 19.959066 seconds
ENGPAR   Imbalances <v, e0, ...>: 1.0500 1.7616 
ENGPAR   Step took 19.919212 seconds
ENGPAR   Imbalances <v, e0, ...>: 1.0500 1.7538 
ENGPAR   Step took 20.008226 seconds
ENGPAR   Imbalances <v, e0, ...>: 1.0500 1.7458 
ENGPAR   Step took 19.969257 seconds
ENGPAR   Imbalances <v, e0, ...>: 1.0500 1.7386 
ENGPAR   Step took 20.024969 seconds
ENGPAR   Imbalances <v, e0, ...>: 1.0500 1.7308 
ENGPAR   Step took 19.984694 seconds
ENGPAR   Imbalances <v, e0, ...>: 1.0500 1.7240 
ENGPAR   Step took 19.983654 seconds
ENGPAR   Imbalances <v, e0, ...>: 1.0500 1.7146 
ENGPAR   Step took 20.020203 seconds
ENGPAR   Imbalances <v, e0, ...>: 1.0500 1.7061 
ENGPAR Completed criteria type 0 in 31 steps and took 783.403772 seconds
ENGPAR EnGPar converged in 30 iterations in 783.412685 seconds
ENGPAR PARTITION : Empty Parts: 0
ENGPAR PARTITION : Disconnected Components: <max,tot> 51.000 6311.000
ENGPAR PARTITION : Neighbors: <max,min,avg,imb> 92.000 4.000 23.301 3.948
ENGPAR PARTITION : Edge Cut: <max,tot> 43811.000 17823102.000
ENGPAR PARTITION : Local Vertex Imbalance: <max,min,avg,imb> 18883.000 11670.000 17984.430 1.050
ENGPAR PARTITION : Total Vertex Imbalance: <max,min,avg,imb> 30325.000 16094.000 23415.134 1.295
ENGPAR PARTITION : Edges type 0: <max,min,avg,imb> 112110.000 38739.000 65710.924 1.706
