ENGPAR Git hash 246a25c51ad813408a0b1b95b1c3304ebbef374f
ENGPAR Loaded graph /gpfs/u/home/ITAP/ITAPdmnd/scratch/aepw/1024/_0.bgd.
ENGPAR Hyper N-graph Status
ENGPAR Vertices: 18416056
ENGPAR Edges: Type 0: 57808404 
ENGPAR Pins: Type 0: 281984140 
ENGPAR PARTITION : Empty Parts: 0
ENGPAR PARTITION : Disconnected Components: <max,tot> 1.000 5.000
ENGPAR PARTITION : Neighbors: <max,min,avg,imb> 34.000 3.000 11.541 2.946
ENGPAR PARTITION : Edge Cut: <max,tot> 28952.000 12167064.000
ENGPAR PARTITION : Local Vertex Imbalance: <max,min,avg,imb> 18851.000 12471.000 17984.430 1.048
ENGPAR PARTITION : Total Vertex Imbalance: <max,min,avg,imb> 25765.000 15657.000 21905.638 1.176
ENGPAR PARTITION : Edges type 0: <max,min,avg,imb> 124499.000 30019.000 62526.004 1.991
ENGPAR Starting criteria type -1 with imbalances: 1.0482 1.9912 
ENGPAR Side Tolerance is: 11881
ENGPAR Completed criteria type -1 in 0 steps and took 0.008330 seconds
ENGPAR Starting criteria type 0 with imbalances: 1.0482 1.9912 
ENGPAR Side Tolerance is: 11881
ENGPAR   Step took 45.282061 seconds
ENGPAR   Imbalances <v, e0, ...>: 1.0500 1.9687 
ENGPAR   Step took 44.684220 seconds
ENGPAR   Imbalances <v, e0, ...>: 1.0500 1.9527 
ENGPAR   Step took 44.208732 seconds
ENGPAR   Imbalances <v, e0, ...>: 1.0500 1.9411 
ENGPAR   Step took 43.993407 seconds
ENGPAR   Imbalances <v, e0, ...>: 1.0500 1.9311 
ENGPAR   Step took 44.162246 seconds
ENGPAR   Imbalances <v, e0, ...>: 1.0500 1.9204 
ENGPAR   Step took 43.243649 seconds
ENGPAR   Imbalances <v, e0, ...>: 1.0500 1.9092 
ENGPAR   Step took 43.726946 seconds
ENGPAR   Imbalances <v, e0, ...>: 1.0500 1.8997 
ENGPAR   Step took 43.204610 seconds
ENGPAR   Imbalances <v, e0, ...>: 1.0500 1.8892 
ENGPAR   Step took 43.578040 seconds
ENGPAR   Imbalances <v, e0, ...>: 1.0500 1.8842 
ENGPAR   Step took 45.315363 seconds
ENGPAR   Imbalances <v, e0, ...>: 1.0500 1.8795 
ENGPAR   Step took 45.676940 seconds
ENGPAR   Imbalances <v, e0, ...>: 1.0500 1.8753 
ENGPAR   Step took 46.206647 seconds
ENGPAR   Imbalances <v, e0, ...>: 1.0500 1.8702 
ENGPAR   Step took 46.380562 seconds
ENGPAR   Imbalances <v, e0, ...>: 1.0500 1.8651 
ENGPAR   Step took 46.704888 seconds
ENGPAR   Imbalances <v, e0, ...>: 1.0500 1.8576 
ENGPAR   Step took 46.867785 seconds
ENGPAR   Imbalances <v, e0, ...>: 1.0500 1.8506 
ENGPAR   Step took 47.113176 seconds
ENGPAR   Imbalances <v, e0, ...>: 1.0500 1.8446 
ENGPAR   Step took 47.283275 seconds
ENGPAR   Imbalances <v, e0, ...>: 1.0500 1.8371 
ENGPAR   Step took 47.849009 seconds
ENGPAR   Imbalances <v, e0, ...>: 1.0500 1.8295 
ENGPAR   Step took 48.058799 seconds
ENGPAR   Imbalances <v, e0, ...>: 1.0500 1.8224 
ENGPAR   Step took 47.803236 seconds
ENGPAR   Imbalances <v, e0, ...>: 1.0500 1.8157 
ENGPAR   Step took 47.321695 seconds
ENGPAR   Imbalances <v, e0, ...>: 1.0500 1.8082 
ENGPAR   Step took 48.626222 seconds
ENGPAR   Imbalances <v, e0, ...>: 1.0500 1.7995 
ENGPAR   Step took 48.800181 seconds
ENGPAR   Imbalances <v, e0, ...>: 1.0500 1.7926 
ENGPAR   Step took 47.844890 seconds
ENGPAR   Imbalances <v, e0, ...>: 1.0500 1.7859 
ENGPAR   Step took 49.334535 seconds
ENGPAR   Imbalances <v, e0, ...>: 1.0500 1.7785 
ENGPAR   Step took 49.505317 seconds
ENGPAR   Imbalances <v, e0, ...>: 1.0500 1.7716 
ENGPAR   Step took 48.107106 seconds
ENGPAR   Imbalances <v, e0, ...>: 1.0500 1.7641 
ENGPAR   Step took 48.009362 seconds
ENGPAR   Imbalances <v, e0, ...>: 1.0500 1.7570 
ENGPAR   Step took 48.114223 seconds
ENGPAR   Imbalances <v, e0, ...>: 1.0500 1.7505 
ENGPAR   Step took 48.311536 seconds
ENGPAR   Imbalances <v, e0, ...>: 1.0500 1.7433 
ENGPAR   Step took 48.173884 seconds
ENGPAR   Imbalances <v, e0, ...>: 1.0500 1.7359 
ENGPAR Completed criteria type 0 in 31 steps and took 1506.595513 seconds
ENGPAR EnGPar converged in 30 iterations in 1506.604642 seconds
ENGPAR PARTITION : Empty Parts: 0
ENGPAR PARTITION : Disconnected Components: <max,tot> 21.000 1290.000
ENGPAR PARTITION : Neighbors: <max,min,avg,imb> 34.000 3.000 12.266 2.772
ENGPAR PARTITION : Edge Cut: <max,tot> 31391.000 13877840.000
ENGPAR PARTITION : Local Vertex Imbalance: <max,min,avg,imb> 18883.000 12301.000 17984.430 1.050
ENGPAR PARTITION : Total Vertex Imbalance: <max,min,avg,imb> 25795.000 16454.000 22264.036 1.159
ENGPAR PARTITION : Edges type 0: <max,min,avg,imb> 110051.000 38097.000 63396.376 1.736
