ENGPAR Git hash 246a25c51ad813408a0b1b95b1c3304ebbef374f
ENGPAR Loaded graph /gpfs/u/home/ITAP/ITAPdmnd/scratch/aepw/4096/_0.bgd.
ENGPAR Hyper N-graph Status
ENGPAR Vertices: 18416056
ENGPAR Edges: Type 0: 57808404 
ENGPAR Pins: Type 0: 281984140 
ENGPAR PARTITION : Empty Parts: 0
ENGPAR PARTITION : Disconnected Components: <max,tot> 1.000 16.000
ENGPAR PARTITION : Neighbors: <max,min,avg,imb> 37.000 5.000 12.843 2.881
ENGPAR PARTITION : Edge Cut: <max,tot> 11612.000 20187821.000
ENGPAR PARTITION : Local Vertex Imbalance: <max,min,avg,imb> 4720.000 2740.000 4496.107 1.050
ENGPAR PARTITION : Total Vertex Imbalance: <max,min,avg,imb> 7268.000 4209.000 6262.742 1.161
ENGPAR PARTITION : Edges type 0: <max,min,avg,imb> 33133.000 6853.000 16670.026 1.988
ENGPAR Starting criteria type -1 with imbalances: 1.0498 1.9876 
ENGPAR Side Tolerance is: 4928
ENGPAR Completed criteria type -1 in 0 steps and took 0.003422 seconds
ENGPAR Starting criteria type 0 with imbalances: 1.0498 1.9876 
ENGPAR Side Tolerance is: 4928
ENGPAR   Step took 9.850748 seconds
ENGPAR   Imbalances <v, e0, ...>: 1.0498 1.9763 
ENGPAR   Step took 10.117505 seconds
ENGPAR   Imbalances <v, e0, ...>: 1.0498 1.9653 
ENGPAR   Step took 9.998364 seconds
ENGPAR   Imbalances <v, e0, ...>: 1.0498 1.9558 
ENGPAR   Step took 10.189489 seconds
ENGPAR   Imbalances <v, e0, ...>: 1.0498 1.9457 
ENGPAR   Step took 10.595923 seconds
ENGPAR   Imbalances <v, e0, ...>: 1.0498 1.9378 
ENGPAR   Step took 10.956348 seconds
ENGPAR   Imbalances <v, e0, ...>: 1.0498 1.9299 
ENGPAR   Step took 11.333031 seconds
ENGPAR   Imbalances <v, e0, ...>: 1.0498 1.9230 
ENGPAR   Step took 11.814313 seconds
ENGPAR   Imbalances <v, e0, ...>: 1.0498 1.9172 
ENGPAR   Step took 12.125828 seconds
ENGPAR   Imbalances <v, e0, ...>: 1.0498 1.9109 
ENGPAR   Step took 12.392253 seconds
ENGPAR   Imbalances <v, e0, ...>: 1.0498 1.9070 
ENGPAR   Step took 12.678329 seconds
ENGPAR   Imbalances <v, e0, ...>: 1.0498 1.9036 
ENGPAR   Step took 13.009895 seconds
ENGPAR   Imbalances <v, e0, ...>: 1.0498 1.9001 
ENGPAR   Step took 13.160512 seconds
ENGPAR   Imbalances <v, e0, ...>: 1.0498 1.8969 
ENGPAR   Step took 13.408505 seconds
ENGPAR   Imbalances <v, e0, ...>: 1.0498 1.8946 
ENGPAR   Step took 13.565701 seconds
ENGPAR   Imbalances <v, e0, ...>: 1.0498 1.8915 
ENGPAR   Step took 12.319112 seconds
ENGPAR   Imbalances <v, e0, ...>: 1.0498 1.8878 
ENGPAR   Step took 12.448903 seconds
ENGPAR   Imbalances <v, e0, ...>: 1.0498 1.8850 
ENGPAR   Step took 12.644880 seconds
ENGPAR   Imbalances <v, e0, ...>: 1.0498 1.8823 
ENGPAR   Step took 12.730971 seconds
ENGPAR   Imbalances <v, e0, ...>: 1.0498 1.8795 
ENGPAR   Step took 12.835786 seconds
ENGPAR   Imbalances <v, e0, ...>: 1.0498 1.8759 
ENGPAR   Step took 6.413307 seconds
ENGPAR   Imbalances <v, e0, ...>: 1.0498 1.8738 
ENGPAR   Step took 6.421909 seconds
ENGPAR   Imbalances <v, e0, ...>: 1.0498 1.8714 
ENGPAR   Step took 6.408993 seconds
ENGPAR   Imbalances <v, e0, ...>: 1.0498 1.8686 
ENGPAR   Step took 6.416043 seconds
ENGPAR   Imbalances <v, e0, ...>: 1.0498 1.8668 
ENGPAR   Step took 6.410351 seconds
ENGPAR   Imbalances <v, e0, ...>: 1.0498 1.8650 
ENGPAR   Step took 6.409843 seconds
ENGPAR   Imbalances <v, e0, ...>: 1.0498 1.8628 
ENGPAR   Step took 6.414728 seconds
ENGPAR   Imbalances <v, e0, ...>: 1.0498 1.8608 
ENGPAR   Step took 6.401562 seconds
ENGPAR   Imbalances <v, e0, ...>: 1.0498 1.8589 
ENGPAR   Step took 6.412784 seconds
ENGPAR   Imbalances <v, e0, ...>: 1.0498 1.8570 
ENGPAR   Step took 6.410104 seconds
ENGPAR   Imbalances <v, e0, ...>: 1.0498 1.8556 
ENGPAR   Step took 6.411376 seconds
ENGPAR   Imbalances <v, e0, ...>: 1.0498 1.8538 
ENGPAR Completed criteria type 0 in 31 steps and took 326.077177 seconds
ENGPAR EnGPar converged in 30 iterations in 326.081539 seconds
ENGPAR PARTITION : Empty Parts: 0
ENGPAR PARTITION : Disconnected Components: <max,tot> 12.000 1916.000
ENGPAR PARTITION : Neighbors: <max,min,avg,imb> 44.000 5.000 14.990 2.935
ENGPAR PARTITION : Edge Cut: <max,tot> 13852.000 23851244.000
ENGPAR PARTITION : Local Vertex Imbalance: <max,min,avg,imb> 4720.000 2703.000 4496.107 1.050
ENGPAR PARTITION : Total Vertex Imbalance: <max,min,avg,imb> 8699.000 4463.000 6551.931 1.328
ENGPAR PARTITION : Edges type 0: <max,min,avg,imb> 31824.000 9994.000 17166.835 1.854
