MPIDI_Process.*
  verbose               : 22176976
  statistics            : 1
  contexts              : 0
  async_progress        : 1
  context_post          : 0
  pt2pt.limits
    application
      eager
        remote, local   : 1, 4097
      short
        remote, local   : 4097, 113
    internal
      eager
        remote, local   : 113, 0
      short
        remote, local   : 0, 0
  rma_pending           : 0
  shmem_pt2pt           : 1000
  disable_internal_eager_scale : 1
  optimized.collectives : 524288
  optimized.select_colls: 1
  optimized.subcomms    : 2
  optimized.memory      : 1
  optimized.num_requests: 0
  mpir_nbc              : 16
  numTasks              : 1
mpi thread level        : 'MPI_THREAD_SINGLE'
MPIU_THREAD_GRANULARITY : 'per object'
ASSERT_LEVEL            : 2
MPICH_LIBDIR           : not defined
The following MPICH_* environment variables were specified:
The following PAMID_* environment variables were specified:
  PAMID_VERBOSE=1
The following PAMI_* environment variables were specified:
The following COMMAGENT_* environment variables were specified:
The following MUSPI_* environment variables were specified:
The following BG_* environment variables were specified:
  BG_SHAREDMEMSIZE=64MB
model /projects/HighLift/cwsmith/phasta-boeing-1B/translated-model.dmg loaded in 0.501367 seconds
mesh bz2:/projects/HighLift/cwsmith/phasta-boeing-1B/512Ki/772205-mdsMesh_bz2/ loaded in 5.292686 seconds
number of tet 1289217728 hex 0 prism 0 pyramid 0
mesh entity counts: v 223775111 e 1518185201 f 2583627817 r 1289217728
PARMA_STATUS initial disconnected <max avg> 6 0.011
PARMA_STATUS initial neighbors <max avg> 65 16.384
PARMA_STATUS initial smallest side of max neighbor part 1
PARMA_STATUS initial num parts with max neighbors 1
PARMA_STATUS initial empty parts 0
PARMA_STATUS initial small neighbor counts 1:469938 2:229642 3:207530 4:190978 5:184298 6:179706 7:180194 8:184726 9:184332 10:185476 
PARMA_STATUS initial weighted vtx <tot max min avg> 319207859.0 644.0 495.0 608.841
PARMA_STATUS initial weighted edge <tot max min avg> 1779567974.0 3539.0 3079.0 3394.257
PARMA_STATUS initial weighted face <tot max min avg> 2750101238.0 5393.0 4557.0 5245.402
PARMA_STATUS initial weighted rgn <tot max min avg> 1289217728.0 2541.0 2036.0 2458.988
PARMA_STATUS initial owned bdry vtx <tot max min avg> 73296883 448 0 139.803
PARMA_STATUS initial shared bdry vtx <tot max min avg> 168729631 448 104 321.826
PARMA_STATUS initial model bdry vtx <tot max min avg> 6688691 191 0 12.758
PARMA_STATUS initial sharedSidesToElements <max min avg> 0.441 0.083 0.258
PARMA_STATUS initial entity imbalance <v e f r>: 1.06 1.04 1.03 1.03
PARMA_STATUS stepFactor 0.500
PARMA_STATUS sideTol 321
PARMA_STATUS vtxImb 1.057748 avgSides 321.826231
PARMA_STATUS vtx imbalance 1.058 avg 608.841
PARMA_STATUS imbSlope 1.000000 sidesSlope 1.000000
PARMA_STATUS 5388777 elements migrated in 0.209220 seconds
PARMA_STATUS vtxImb 1.039622 avgSides 321.815748
PARMA_STATUS vtx imbalance 1.040 avg 608.875
PARMA_STATUS imbSlope 1.000000 sidesSlope 1.000000
PARMA_STATUS vertices balanced in 1 steps to 1.050000 in 1.087559 seconds
PARMA_STATUS post vertices disconnected <max avg> 6 0.049
PARMA_STATUS post vertices neighbors <max avg> 67 16.400
PARMA_STATUS post vertices smallest side of max neighbor part 1
PARMA_STATUS post vertices num parts with max neighbors 1
PARMA_STATUS post vertices empty parts 0
PARMA_STATUS post vertices small neighbor counts 1:476428 2:233714 3:204164 4:188208 5:185036 6:180454 7:181586 8:184746 9:184040 10:183626 
PARMA_STATUS post vertices weighted vtx <tot max min avg> 319225900.0 633.0 509.0 608.875
PARMA_STATUS post vertices weighted edge <tot max min avg> 1779593223.0 3496.0 3093.0 3394.305
PARMA_STATUS post vertices weighted face <tot max min avg> 2750108224.0 5388.0 4490.0 5245.415
PARMA_STATUS post vertices weighted rgn <tot max min avg> 1289217728.0 2567.0 2007.0 2458.988
PARMA_STATUS post vertices owned bdry vtx <tot max min avg> 73273346 438 0 139.758
PARMA_STATUS post vertices shared bdry vtx <tot max min avg> 168724135 440 111 321.816
PARMA_STATUS post vertices model bdry vtx <tot max min avg> 6682601 192 0 12.746
PARMA_STATUS post vertices sharedSidesToElements <max min avg> 0.438 0.087 0.258
PARMA_STATUS post vertices entity imbalance <v e f r>: 1.04 1.03 1.03 1.04
PARMA_STATUS stepFactor 0.500
PARMA_STATUS maxVtx 633.000
PARMA_STATUS sideTol 321
PARMA_STATUS vtx imbalance 1.040
PARMA_STATUS elmImb 1.043926 avgSides 321.815748
PARMA_STATUS elm imbalance 1.044 avg 2458.988
PARMA_STATUS imbSlope 1.000000 sidesSlope 1.000000
PARMA_STATUS elements balanced in 0 steps to 1.050000 in 0.495034 seconds
PARMA_STATUS final disconnected <max avg> 6 0.049
PARMA_STATUS final neighbors <max avg> 67 16.400
PARMA_STATUS final smallest side of max neighbor part 1
PARMA_STATUS final num parts with max neighbors 1
PARMA_STATUS final empty parts 0
PARMA_STATUS final small neighbor counts 1:476428 2:233714 3:204164 4:188208 5:185036 6:180454 7:181586 8:184746 9:184040 10:183626 
PARMA_STATUS final weighted vtx <tot max min avg> 319225900.0 633.0 509.0 608.875
PARMA_STATUS final weighted edge <tot max min avg> 1779593223.0 3496.0 3093.0 3394.305
PARMA_STATUS final weighted face <tot max min avg> 2750108224.0 5388.0 4490.0 5245.415
PARMA_STATUS final weighted rgn <tot max min avg> 1289217728.0 2567.0 2007.0 2458.988
PARMA_STATUS final owned bdry vtx <tot max min avg> 73273346 438 0 139.758
PARMA_STATUS final shared bdry vtx <tot max min avg> 168724135 440 111 321.816
PARMA_STATUS final model bdry vtx <tot max min avg> 6682601 192 0 12.746
PARMA_STATUS final sharedSidesToElements <max min avg> 0.438 0.087 0.258
PARMA_STATUS final entity imbalance <v e f r>: 1.04 1.03 1.03 1.04
