MPIDI_Process.*
  verbose               : 22176976
  statistics            : 1
  contexts              : 0
  async_progress        : 1
  context_post          : 0
  pt2pt.limits
    application
      eager
        remote, local   : 1, 4097
      short
        remote, local   : 4097, 113
    internal
      eager
        remote, local   : 113, 0
      short
        remote, local   : 0, 0
  rma_pending           : 0
  shmem_pt2pt           : 1000
  disable_internal_eager_scale : 1
  optimized.collectives : 524288
  optimized.select_colls: 1
  optimized.subcomms    : 2
  optimized.memory      : 1
  optimized.num_requests: 0
  mpir_nbc              : 16
  numTasks              : 1
mpi thread level        : 'MPI_THREAD_SINGLE'
MPIU_THREAD_GRANULARITY : 'per object'
ASSERT_LEVEL            : 2
MPICH_LIBDIR           : not defined
The following MPICH_* environment variables were specified:
The following PAMID_* environment variables were specified:
  PAMID_VERBOSE=1
The following PAMI_* environment variables were specified:
The following COMMAGENT_* environment variables were specified:
The following MUSPI_* environment variables were specified:
The following BG_* environment variables were specified:
  BG_SHAREDMEMSIZE=64MB
model /projects/HighLift/cwsmith/phasta-boeing-1B/translated-model.dmg loaded in 0.648923 seconds
mesh bz2:/gpfs/mira-fs0/projects/HighLiftWing/mrasquin/Models/Boeing/Beta/Open27_B0_D30_U20/14-A2-12jets/ParmaTest2/chef/4k-4k-Sim-Adapt-6jets-UnsteadyBlowing-DDES-ts76800/8k-4k-chef-Tet-preRIBPostRIB1-SplitGlobalGraph1/512k-8k-chef-SplitLocalGraph1/mdsMesh_bz2/ loaded in 7.172906 seconds
number of tet 1289217728 hex 0 prism 0 pyramid 0
mesh entity counts: v 223775111 e 1518185201 f 2583627817 r 1289217728
PARMA_STATUS initial disconnected <max avg> 82 0.006
PARMA_STATUS initial neighbors <max avg> 85 16.632
PARMA_STATUS initial smallest side of max neighbor part 1
PARMA_STATUS initial num parts with max neighbors 2
PARMA_STATUS initial empty parts 0
PARMA_STATUS initial small neighbor counts 1:511636 2:244088 3:211194 4:208394 5:206964 6:196330 7:193678 8:188466 9:182744 10:179882 
PARMA_STATUS initial weighted vtx <tot max min avg> 320692946.0 938.0 494.0 611.673
PARMA_STATUS initial weighted edge <tot max min avg> 1782967988.0 4575.0 2924.0 3400.742
PARMA_STATUS initial weighted face <tot max min avg> 2752018224.0 6103.0 4666.0 5249.058
PARMA_STATUS initial weighted rgn <tot max min avg> 1289217728.0 2503.0 2190.0 2458.988
PARMA_STATUS initial owned bdry vtx <tot max min avg> 73769964 476 0 140.705
PARMA_STATUS initial shared bdry vtx <tot max min avg> 170687799 844 116 325.561
PARMA_STATUS initial model bdry vtx <tot max min avg> 6657577 186 0 12.698
PARMA_STATUS initial sharedSidesToElements <max min avg> 0.912 0.093 0.261
PARMA_STATUS initial entity imbalance <v e f r>: 1.53 1.35 1.16 1.02
PARMA_STATUS stepFactor 0.500
PARMA_STATUS sideTol 325
PARMA_STATUS vtxImb 1.533498 avgSides 325.561140
PARMA_STATUS vtx imbalance 1.533 avg 611.673
PARMA_STATUS imbSlope 1.000000 sidesSlope 1.000000
PARMA_STATUS 6495518 elements migrated in 0.390672 seconds
PARMA_STATUS vtxImb 1.336669 avgSides 326.011105
PARMA_STATUS vtx imbalance 1.337 avg 611.969
PARMA_STATUS imbSlope 1.000000 sidesSlope 1.000000
PARMA_STATUS 3479426 elements migrated in 0.262902 seconds
PARMA_STATUS vtxImb 1.271657 avgSides 325.799131
PARMA_STATUS vtx imbalance 1.272 avg 611.800
PARMA_STATUS imbSlope 0.579087 sidesSlope 0.926978
PARMA_STATUS 2614896 elements migrated in 0.207654 seconds
PARMA_STATUS vtxImb 1.227837 avgSides 325.604952
PARMA_STATUS vtx imbalance 1.228 avg 611.645
PARMA_STATUS imbSlope 0.415414 sidesSlope 0.640016
PARMA_STATUS 2184940 elements migrated in 0.192443 seconds
PARMA_STATUS vtxImb 1.196976 avgSides 325.476919
PARMA_STATUS vtx imbalance 1.197 avg 611.541
PARMA_STATUS imbSlope 0.322271 sidesSlope 0.466562
PARMA_STATUS 1924098 elements migrated in 0.189102 seconds
PARMA_STATUS vtxImb 1.161142 avgSides 325.385889
PARMA_STATUS vtx imbalance 1.161 avg 611.467
PARMA_STATUS imbSlope 0.263830 sidesSlope 0.364379
PARMA_STATUS 1747902 elements migrated in 0.179126 seconds
PARMA_STATUS vtxImb 1.138344 avgSides 325.323450
PARMA_STATUS vtx imbalance 1.138 avg 611.415
PARMA_STATUS imbSlope 0.220090 sidesSlope 0.297279
PARMA_STATUS 1630115 elements migrated in 0.170140 seconds
PARMA_STATUS vtxImb 1.122056 avgSides 325.282455
PARMA_STATUS vtx imbalance 1.122 avg 611.378
PARMA_STATUS imbSlope 0.189322 sidesSlope 0.250974
PARMA_STATUS 1546793 elements migrated in 0.171278 seconds
PARMA_STATUS vtxImb 1.105745 avgSides 325.258541
PARMA_STATUS vtx imbalance 1.106 avg 611.353
PARMA_STATUS imbSlope 0.062287 sidesSlope 0.119782
PARMA_STATUS 1485507 elements migrated in 0.189329 seconds
PARMA_STATUS vtxImb 1.094327 avgSides 325.244507
PARMA_STATUS vtx imbalance 1.094 avg 611.335
PARMA_STATUS imbSlope -0.065057 sidesSlope -0.008825
PARMA_STATUS 1441641 elements migrated in 0.156030 seconds
PARMA_STATUS vtxImb 1.082895 avgSides 325.241375
PARMA_STATUS vtx imbalance 1.083 avg 611.324
PARMA_STATUS imbSlope -0.033642 sidesSlope -0.108877
PARMA_STATUS 1401987 elements migrated in 0.153624 seconds
PARMA_STATUS vtxImb 1.074729 avgSides 325.242363
PARMA_STATUS vtx imbalance 1.075 avg 611.317
PARMA_STATUS imbSlope -0.025824 sidesSlope -0.081918
PARMA_STATUS 1372833 elements migrated in 0.159020 seconds
PARMA_STATUS vtxImb 1.068192 avgSides 325.247793
PARMA_STATUS vtx imbalance 1.068 avg 611.313
PARMA_STATUS imbSlope -0.020659 sidesSlope -0.053665
PARMA_STATUS 1350282 elements migrated in 0.153132 seconds
PARMA_STATUS vtxImb 1.060013 avgSides 325.258314
PARMA_STATUS vtx imbalance 1.060 avg 611.314
PARMA_STATUS imbSlope -0.017826 sidesSlope -0.034988
PARMA_STATUS 1325235 elements migrated in 0.161579 seconds
PARMA_STATUS vtxImb 1.051834 avgSides 325.267641
PARMA_STATUS vtx imbalance 1.052 avg 611.313
PARMA_STATUS imbSlope -0.013555 sidesSlope -0.020432
PARMA_STATUS 1305000 elements migrated in 0.153832 seconds
PARMA_STATUS vtxImb 1.046924 avgSides 325.280931
PARMA_STATUS vtx imbalance 1.047 avg 611.315
PARMA_STATUS imbSlope -0.011525 sidesSlope -0.010369
PARMA_STATUS vertices balanced in 15 steps to 1.050000 in 13.436953 seconds
PARMA_STATUS post vertices disconnected <max avg> 11 0.011
PARMA_STATUS post vertices neighbors <max avg> 81 16.567
PARMA_STATUS post vertices smallest side of max neighbor part 1
PARMA_STATUS post vertices num parts with max neighbors 1
PARMA_STATUS post vertices empty parts 0
PARMA_STATUS post vertices small neighbor counts 1:476874 2:234138 3:216306 4:203082 5:201928 6:194058 7:192174 8:189596 9:186806 10:182752 
PARMA_STATUS post vertices weighted vtx <tot max min avg> 320505056.0 640.0 544.0 611.315
PARMA_STATUS post vertices weighted edge <tot max min avg> 1782652078.0 3571.0 3056.0 3400.139
PARMA_STATUS post vertices weighted face <tot max min avg> 2751888877.0 5736.0 4517.0 5248.811
PARMA_STATUS post vertices weighted rgn <tot max min avg> 1289217728.0 2765.0 2054.0 2458.988
PARMA_STATUS post vertices owned bdry vtx <tot max min avg> 73810944 503 0 140.783
PARMA_STATUS post vertices shared bdry vtx <tot max min avg> 170540889 522 171 325.281
PARMA_STATUS post vertices model bdry vtx <tot max min avg> 6688802 207 0 12.758
PARMA_STATUS post vertices sharedSidesToElements <max min avg> 0.591 0.113 0.261
PARMA_STATUS post vertices entity imbalance <v e f r>: 1.05 1.05 1.09 1.12
PARMA_STATUS stepFactor 0.500
PARMA_STATUS maxVtx 640.000
PARMA_STATUS sideTol 325
PARMA_STATUS vtx imbalance 1.047
PARMA_STATUS elmImb 1.124446 avgSides 325.280931
PARMA_STATUS elm imbalance 1.124 avg 2458.988
PARMA_STATUS imbSlope 1.000000 sidesSlope 1.000000
PARMA_STATUS 5777401 elements migrated in 0.277603 seconds
PARMA_STATUS vtx imbalance 1.047
PARMA_STATUS elmImb 1.071173 avgSides 325.340532
PARMA_STATUS elm imbalance 1.071 avg 2458.988
PARMA_STATUS imbSlope 1.000000 sidesSlope 1.000000
PARMA_STATUS 3026002 elements migrated in 0.187401 seconds
PARMA_STATUS vtx imbalance 1.047
PARMA_STATUS elmImb 1.053686 avgSides 324.928207
PARMA_STATUS elm imbalance 1.054 avg 2458.988
PARMA_STATUS imbSlope 0.642944 sidesSlope 0.765188
PARMA_STATUS 2043630 elements migrated in 0.145667 seconds
PARMA_STATUS vtx imbalance 1.048
PARMA_STATUS elmImb 1.044739 avgSides 324.638151
PARMA_STATUS elm imbalance 1.045 avg 2458.988
PARMA_STATUS imbSlope 0.476769 sidesSlope 0.455526
PARMA_STATUS elements balanced in 3 steps to 1.050000 in 3.621712 seconds
PARMA_STATUS final disconnected <max avg> 10 0.082
PARMA_STATUS final neighbors <max avg> 80 16.561
PARMA_STATUS final smallest side of max neighbor part 1
PARMA_STATUS final num parts with max neighbors 1
PARMA_STATUS final empty parts 0
PARMA_STATUS final small neighbor counts 1:480974 2:234718 3:209678 4:198860 5:197746 6:193130 7:192142 8:190262 9:187018 10:184270 
PARMA_STATUS final weighted vtx <tot max min avg> 320318715.0 640.0 498.0 610.959
PARMA_STATUS final weighted edge <tot max min avg> 1782135644.0 3521.0 3063.0 3399.154
PARMA_STATUS final weighted face <tot max min avg> 2751558443.0 5400.0 4681.0 5248.181
PARMA_STATUS final weighted rgn <tot max min avg> 1289217728.0 2569.0 2125.0 2458.988
PARMA_STATUS final owned bdry vtx <tot max min avg> 73660283 479 0 140.496
PARMA_STATUS final shared bdry vtx <tot max min avg> 170203887 503 113 324.638
PARMA_STATUS final model bdry vtx <tot max min avg> 6695300 207 0 12.770
PARMA_STATUS final sharedSidesToElements <max min avg> 0.547 0.091 0.261
PARMA_STATUS final entity imbalance <v e f r>: 1.05 1.04 1.03 1.04
