MPIDI_Process.*
  verbose               : 22306640
  statistics            : 1
  contexts              : 0
  async_progress        : 1
  context_post          : 0
  pt2pt.limits
    application
      eager
        remote, local   : 1, 4097
      short
        remote, local   : 4097, 113
    internal
      eager
        remote, local   : 113, 4097
      short
        remote, local   : 4097, 113
  rma_pending           : 113
  shmem_pt2pt           : 1000
  disable_internal_eager_scale : 1
  optimized.collectives : 524288
  optimized.select_colls: 1
  optimized.subcomms    : 2
  optimized.memory      : 1
  optimized.num_requests: 0
  mpir_nbc              : 16
  numTasks              : 1
mpi thread level        : 'MPI_THREAD_SINGLE'
MPIU_THREAD_GRANULARITY : 'per object'
ASSERT_LEVEL            : 2
MPICH_LIBDIR           : not defined
The following MPICH_* environment variables were specified:
The following PAMID_* environment variables were specified:
  PAMID_VERBOSE=1
The following PAMI_* environment variables were specified:
The following COMMAGENT_* environment variables were specified:
The following MUSPI_* environment variables were specified:
The following BG_* environment variables were specified:
  BG_SHAREDMEMSIZE=64MB
EnGPar Git hash f6feb49cceea3d475ca3b66d318773fcb022e9e8
model /projects/TRAssembly_2/cwsmith/phasta-boeing-1B/translated-model.dmg loaded in 5.475776 seconds
mesh bz2:/projects/TRAssembly_2/cwsmith/phasta-boeing-1B/128Ki/mdsMesh_bz2/ loaded in 30.628241 seconds
number of tet 1289217728 hex 0 prism 0 pyramid 0
mesh entity counts: v 223775111 e 1518185201 f 2583627817 r 1289217728
render vtk off
PARMA_STATUS before disconnected <max avg> 3 0.003
PARMA_STATUS before neighbors <max avg> 98 15.341
PARMA_STATUS before smallest side of max neighbor part 1
PARMA_STATUS before num parts with max neighbors 1
PARMA_STATUS before empty parts 0
PARMA_STATUS before small neighbor counts 1:69768 2:35000 3:29408 4:27584 5:26862 6:25168 7:24484 8:23260 9:22646 10:22410 
PARMA_STATUS before weighted vtx <tot max min avg> 281333402.0 2424.0 1802.0 2146.404
PARMA_STATUS before weighted edge <tot max min avg> 1680751703.0 13450.0 11304.0 12823.118
PARMA_STATUS before weighted face <tot max min avg> 2688767101.0 21017.0 18297.0 20513.665
PARMA_STATUS before weighted rgn <tot max min avg> 1289217728.0 10013.0 8778.0 9835.951
PARMA_STATUS before owned bdry vtx <tot max min avg> 48683062 1197 0 371.422
PARMA_STATUS before shared bdry vtx <tot max min avg> 106241353 1246 280 810.557
PARMA_STATUS before model bdry vtx <tot max min avg> 6123536 423 0 46.719
PARMA_STATUS before sharedSidesToElements <max min avg> 0.255 0.057 0.163
PARMA_STATUS before entity imbalance <v e f r>: 1.13 1.05 1.02 1.02
Starting criteria type 0 with imbalances: 1.0180 1.1293 
Side Tolerance is: 810
  Step took 0.373444 seconds
  Imbalances <v, e0, ...>: 1.0237 1.0992 
  Step took 0.368168 seconds
  Imbalances <v, e0, ...>: 1.0280 1.0779 
  Step took 0.364819 seconds
  Imbalances <v, e0, ...>: 1.0353 1.0642 
  Step took 0.366458 seconds
  Imbalances <v, e0, ...>: 1.0412 1.0595 
  Step took 0.364550 seconds
  Imbalances <v, e0, ...>: 1.0488 1.0558 
  Step took 0.364838 seconds
  Imbalances <v, e0, ...>: 1.0509 1.0517 
  Step took 0.359724 seconds
  Imbalances <v, e0, ...>: 1.0558 1.0494 
Completed criteria type 0 in 7 steps and took 5.381105 seconds
Starting criteria type -1 with imbalances: 1.0558 1.0494 
Side Tolerance is: 812
  Step took 0.433945 seconds
  Imbalances <v, e0, ...>: 1.0492 1.0497 
Completed criteria type -1 in 1 steps and took 0.778251 seconds
EnGPar converged in 8 iterations in 6.162026 seconds
Local Vertices <max, min, avg, imb> = <10320.000000 8926.000000 9835.950684 1.049212>
Total Vertices <max, min, avg, imb> = <21740 12712 16555.399780 1.313167>
Edges type 0 <max, min, avg, imb> = <2255.000000 1862.000000 2148.309540 1.049663>
Total Time (s): 9.157374
Construct N-Graph from Mesh Time (s): 1.674570
EnGPar Balancing Time (s): 6.237549
Mesh Repartition Time (s): 1.284159
PARMA_STATUS after disconnected <max avg> 8 0.323
PARMA_STATUS after neighbors <max avg> 97 15.328
PARMA_STATUS after smallest side of max neighbor part 1
PARMA_STATUS after num parts with max neighbors 1
PARMA_STATUS after empty parts 0
PARMA_STATUS after small neighbor counts 1:60598 2:26602 3:18140 4:16248 5:16880 6:17924 7:19018 8:20078 9:21342 10:22696 
PARMA_STATUS after weighted vtx <tot max min avg> 281583228.0 2255.0 1862.0 2148.310
PARMA_STATUS after weighted edge <tot max min avg> 1681161204.0 13170.0 11815.0 12826.242
PARMA_STATUS after weighted face <tot max min avg> 2688923266.0 21253.0 18861.0 20514.856
PARMA_STATUS after weighted rgn <tot max min avg> 1289217728.0 10320.0 8926.0 9835.951
PARMA_STATUS after owned bdry vtx <tot max min avg> 48537546 1220 0 370.312
PARMA_STATUS after shared bdry vtx <tot max min avg> 106345663 1220 312 811.353
PARMA_STATUS after model bdry vtx <tot max min avg> 6149212 420 0 46.915
PARMA_STATUS after sharedSidesToElements <max min avg> 0.266 0.061 0.163
PARMA_STATUS after entity imbalance <v e f r>: 1.05 1.03 1.04 1.05

All tests passed
