MPIDI_Process.*
  verbose               : 22302936
  statistics            : 1
  contexts              : 0
  async_progress        : 1
  context_post          : 0
  pt2pt.limits
    application
      eager
        remote, local   : 1, 4097
      short
        remote, local   : 4097, 113
    internal
      eager
        remote, local   : 113, 4097
      short
        remote, local   : 4097, 113
  rma_pending           : 113
  shmem_pt2pt           : 1000
  disable_internal_eager_scale : 1
  optimized.collectives : 524288
  optimized.select_colls: 1
  optimized.subcomms    : 2
  optimized.memory      : 1
  optimized.num_requests: 0
  mpir_nbc              : 16
  numTasks              : 1
mpi thread level        : 'MPI_THREAD_SINGLE'
MPIU_THREAD_GRANULARITY : 'per object'
ASSERT_LEVEL            : 2
MPICH_LIBDIR           : not defined
The following MPICH_* environment variables were specified:
The following PAMID_* environment variables were specified:
  PAMID_VERBOSE=1
The following PAMI_* environment variables were specified:
The following COMMAGENT_* environment variables were specified:
The following MUSPI_* environment variables were specified:
The following BG_* environment variables were specified:
  BG_SHAREDMEMSIZE=64MB
EnGPar Git hash 50c591a477b982469cef63655078b98daf838688
model /projects/TRAssembly_2/cwsmith/phasta-boeing-1B//translated-model.dmg loaded in 0.407784 seconds
mesh bz2:/projects/TRAssembly_2/cwsmith/phasta-boeing-1B//256Ki/mdsMesh_bz2/ loaded in 29.231558 seconds
number of tet 1289217728 hex 0 prism 0 pyramid 0
mesh entity counts: v 223775111 e 1518185201 f 2583627817 r 1289217728
render vtk off
PARMA_STATUS before disconnected <max avg> 4 0.003
PARMA_STATUS before neighbors <max avg> 82 16.029
PARMA_STATUS before smallest side of max neighbor part 1
PARMA_STATUS before num parts with max neighbors 1
PARMA_STATUS before empty parts 0
PARMA_STATUS before small neighbor counts 1:188156 2:90248 3:77418 4:75292 5:73396 6:69554 7:68138 8:65704 9:63804 10:62794 
PARMA_STATUS before weighted vtx <tot max min avg> 298550833.0 1341.0 933.0 1138.881
PARMA_STATUS before weighted edge <tot max min avg> 1726270330.0 7079.0 5695.0 6585.199
PARMA_STATUS before weighted face <tot max min avg> 2717199569.0 10710.0 9224.0 10365.294
PARMA_STATUS before weighted rgn <tot max min avg> 1289217728.0 5005.0 4379.0 4917.975
PARMA_STATUS before owned bdry vtx <tot max min avg> 60331057 850 0 230.145
PARMA_STATUS before shared bdry vtx <tot max min avg> 135106779 871 221 515.391
PARMA_STATUS before model bdry vtx <tot max min avg> 6340019 297 0 24.185
PARMA_STATUS before sharedSidesToElements <max min avg> 0.354 0.080 0.207
PARMA_STATUS before entity imbalance <v e f r>: 1.18 1.07 1.03 1.02
Starting criteria type 0 with imbalances: 1.0177 1.1775 
Side Tolerance is: 696
  Step took 0.143858 seconds
  Imbalances <v, e0, ...>: 1.0260 1.1447 
    Migrating 4979000 vertices took 0.266833 seconds
  Step took 0.144045 seconds
  Imbalances <v, e0, ...>: 1.0372 1.1098 
    Migrating 4817840 vertices took 0.498250 seconds
  Step took 0.149288 seconds
  Imbalances <v, e0, ...>: 1.0417 1.0789 
    Slope: -0.119041
    Migrating 4371916 vertices took 0.707208 seconds
  Step took 0.150822 seconds
  Imbalances <v, e0, ...>: 1.0478 1.0576 
    Slope: -0.114076
    Migrating 3887271 vertices took 0.917413 seconds
  Step took 0.149617 seconds
  Imbalances <v, e0, ...>: 1.0533 1.0741 
    Slope: -0.088876
    Migrating 3621207 vertices took 1.127693 seconds
Completed criteria type 0 in 5 steps and took 2.284852 seconds
Starting criteria type -1 with imbalances: 1.0533 1.0741 
Side Tolerance is: 757
  Plan was trimmed from 2847753 to 2847320 vertices
  Step took 0.228029 seconds
  Imbalances <v, e0, ...>: 1.0484 1.0704 
    Migrating 2847320 vertices took 1.319968 seconds
Completed criteria type -1 in 1 steps and took 0.456523 seconds
EnGPar converged in 6 iterations in 2.744258 seconds
Migration took 1.320539 s, 48.120085% of the total time
Planning took 1.330759 s, 48.492479% of the total time
Distance Computation (part of Planning) took 0.287871 seconds, 10.489926% of the total time
Local Vertices <max, min, avg, imb> = <5156.000000 4412.000000 4917.975342 1.048399>
Total Vertices <max, min, avg, imb> = <13871 6719 9529.717609 1.455552>
Edges type 0 <max, min, avg, imb> = <1234.000000 991.000000 1152.878304 1.070364>
Total Time: 4.741867
Construct Time: 0.857995
Balancing Time: 2.807012
Repartition Time: 0.984308
PARMA_STATUS after disconnected <max avg> 38 2.344
PARMA_STATUS after neighbors <max avg> 129 17.426
PARMA_STATUS after smallest side of max neighbor part 1
PARMA_STATUS after num parts with max neighbors 1
PARMA_STATUS after empty parts 0
PARMA_STATUS after small neighbor counts 1:92082 2:48266 3:64312 4:78662 5:88284 6:98532 7:105536 8:107342 9:104018 10:97800 
PARMA_STATUS after weighted vtx <tot max min avg> 302220130.0 1234.0 991.0 1152.878
PARMA_STATUS after weighted edge <tot max min avg> 1734351433.0 6832.0 5943.0 6616.026
PARMA_STATUS after weighted face <tot max min avg> 2721583978.0 10735.0 9524.0 10382.019
PARMA_STATUS after weighted rgn <tot max min avg> 1289217728.0 5156.0 4412.0 4917.975
PARMA_STATUS after owned bdry vtx <tot max min avg> 60938963 795 0 232.464
PARMA_STATUS after shared bdry vtx <tot max min avg> 139383982 795 249 531.708
PARMA_STATUS after model bdry vtx <tot max min avg> 6389364 326 0 24.373
PARMA_STATUS after sharedSidesToElements <max min avg> 0.354 0.085 0.214
PARMA_STATUS after entity imbalance <v e f r>: 1.07 1.03 1.03 1.05

All tests passed
