MPIDI_Process.*
  verbose               : 22270720
  statistics            : 1
  contexts              : 0
  async_progress        : 1
  context_post          : 0
  pt2pt.limits
    application
      eager
        remote, local   : 1, 4097
      short
        remote, local   : 4097, 113
    internal
      eager
        remote, local   : 113, 0
      short
        remote, local   : 0, 0
  rma_pending           : 0
  shmem_pt2pt           : 1000
  disable_internal_eager_scale : 1
  optimized.collectives : 524288
  optimized.select_colls: 1
  optimized.subcomms    : 2
  optimized.memory      : 1
  optimized.num_requests: 0
  mpir_nbc              : 16
  numTasks              : 1
mpi thread level        : 'MPI_THREAD_SINGLE'
MPIU_THREAD_GRANULARITY : 'per object'
ASSERT_LEVEL            : 2
MPICH_LIBDIR           : not defined
The following MPICH_* environment variables were specified:
The following PAMID_* environment variables were specified:
  PAMID_VERBOSE=1
The following PAMI_* environment variables were specified:
The following COMMAGENT_* environment variables were specified:
The following MUSPI_* environment variables were specified:
The following BG_* environment variables were specified:
  BG_SHAREDMEMSIZE=64MB
EnGPar Git hash 1122a5292b23fbd139203030096e1339f7ee5655
model /projects/HighLift/cwsmith/phasta-boeing-1B/translated-model.dmg loaded in 0.150924 seconds
mesh bz2:/gpfs/mira-fs0/projects/HighLiftWing/mrasquin/Models/Boeing/Beta/Open27_B0_D30_U20/14-A2-12jets/ParmaTest2/chef/4k-4k-Sim-Adapt-6jets-UnsteadyBlowing-DDES-ts76800/8k-4k-chef-Tet-preRIBPostRIB1-SplitGlobalGraph1/512k-8k-chef-SplitLocalGraph1/mdsMesh_bz2/ loaded in 34.025368 seconds
number of tet 1289217728 hex 0 prism 0 pyramid 0
mesh entity counts: v 223775111 e 1518185201 f 2583627817 r 1289217728
render vtk off
PARMA_STATUS before disconnected <max avg> 82 0.006
PARMA_STATUS before neighbors <max avg> 85 16.632
PARMA_STATUS before smallest side of max neighbor part 1
PARMA_STATUS before num parts with max neighbors 2
PARMA_STATUS before empty parts 0
PARMA_STATUS before small neighbor counts 1:511636 2:244088 3:211194 4:208394 5:206964 6:196330 7:193678 8:188466 9:182744 10:179882 
PARMA_STATUS before weighted vtx <tot max min avg> 320692946.0 938.0 494.0 611.673
PARMA_STATUS before weighted edge <tot max min avg> 1782967988.0 4575.0 2924.0 3400.742
PARMA_STATUS before weighted face <tot max min avg> 2752018224.0 6103.0 4666.0 5249.058
PARMA_STATUS before weighted rgn <tot max min avg> 1289217728.0 2503.0 2190.0 2458.988
PARMA_STATUS before owned bdry vtx <tot max min avg> 73769964 476 0 140.705
PARMA_STATUS before shared bdry vtx <tot max min avg> 170687799 844 116 325.561
PARMA_STATUS before model bdry vtx <tot max min avg> 6657577 186 0 12.698
PARMA_STATUS before sharedSidesToElements <max min avg> 0.912 0.093 0.261
PARMA_STATUS before entity imbalance <v e f r>: 1.53 1.35 1.16 1.02
Starting criteria type 0 with imbalances: 1.0179 1.5335 
Step took 0.105007 seconds
Imbalances <v, e0, ...>: 1.0407 1.4160 
Migrating 10078952 vertices took 0.260308 seconds
Step took 0.102514 seconds
Imbalances <v, e0, ...>: 1.0561 1.3540 
Migrating 8608114 vertices took 0.183481 seconds
Step took 0.100854 seconds
Imbalances <v, e0, ...>: 1.0700 1.2802 
Slope: -0.300346
Migrating 7386433 vertices took 0.175538 seconds
Step took 0.100435 seconds
Imbalances <v, e0, ...>: 1.0817 1.2293 
Slope: -0.240689
Migrating 6927884 vertices took 0.178881 seconds
Step took 0.099838 seconds
Imbalances <v, e0, ...>: 1.0838 1.1969 
Slope: -0.212466
Migrating 6758387 vertices took 0.188590 seconds
Step took 0.105692 seconds
Imbalances <v, e0, ...>: 1.0944 1.1618 
Slope: -0.141175
Migrating 6702058 vertices took 0.188694 seconds
Step took 0.101502 seconds
Imbalances <v, e0, ...>: 1.0895 1.1286 
Slope: -0.118782
Migrating 6689653 vertices took 0.190289 seconds
Step took 0.107654 seconds
Imbalances <v, e0, ...>: 1.0944 1.1131 
Slope: -0.118978
Migrating 6704570 vertices took 0.192080 seconds
Step took 0.102273 seconds
Imbalances <v, e0, ...>: 1.0903 1.1389 
Slope: -0.080839
Migrating 6710472 vertices took 0.203149 seconds
Completed criteria type 0 in 9 steps and took 3.268921 seconds
Starting criteria type -1 with imbalances: 1.0903 1.1389 
Plan was trimmed from 5608043 to 5605862 vertices
Step took 0.172170 seconds
Imbalances <v, e0, ...>: 1.0793 1.1344 
Migrating 5605862 vertices took 0.174693 seconds
Plan was trimmed from 6331177 to 6312580 vertices
Step took 0.178713 seconds
Imbalances <v, e0, ...>: 1.0704 1.1355 
Migrating 6312580 vertices took 0.173976 seconds
Plan was trimmed from 6599495 to 6528074 vertices
Step took 0.178703 seconds
Imbalances <v, e0, ...>: 1.0651 1.1327 
Slope: -0.034364
Migrating 6528074 vertices took 0.160141 seconds
Plan was trimmed from 6237658 to 6096058 vertices
Step took 0.176819 seconds
Imbalances <v, e0, ...>: 1.0610 1.1303 
Slope: -0.023994
Migrating 6096058 vertices took 0.168865 seconds
Plan was trimmed from 5713011 to 5558561 vertices
Step took 0.178917 seconds
Imbalances <v, e0, ...>: 1.0561 1.1286 
Slope: -0.016064
Migrating 5558561 vertices took 0.162237 seconds
Plan was trimmed from 5383956 to 5257923 vertices
Step took 0.179124 seconds
Imbalances <v, e0, ...>: 1.0517 1.1275 
Slope: -0.015860
Migrating 5257923 vertices took 0.164097 seconds
Plan was trimmed from 5244842 to 5138009 vertices
Step took 0.178712 seconds
Imbalances <v, e0, ...>: 1.0472 1.1265 
Slope: -0.016267
Migrating 5138009 vertices took 0.168204 seconds
Completed criteria type -1 in 7 steps and took 2.463725 seconds
EnGPar converged in 18 iterations in 5.735690 seconds
Migration took 51.844035% of the total time
Distance Computation took 0.359916 seconds
Local Vertices <max, min, avg, imb> = <2575.000000 2123.000000 2458.987671 1.047179>
Total Vertices <max, min, avg, imb> = <9280 3682 5714.519815 1.623933>
Edges type 0 <max, min, avg, imb> = <718.000000 508.000000 637.353559 1.126533>
Total Time: 7.368588
Construct Time: 0.462424
Balancing Time: 5.763479
Repartition Time: 1.098542
PARMA_STATUS after disconnected <max avg> 56 5.181
PARMA_STATUS after neighbors <max avg> 160 20.588
PARMA_STATUS after smallest side of max neighbor part 1
PARMA_STATUS after num parts with max neighbors 1
PARMA_STATUS after empty parts 0
PARMA_STATUS after small neighbor counts 1:305616 2:185272 3:254038 4:277286 5:301744 6:330692 7:350654 8:356430 9:343396 10:320682 
PARMA_STATUS after weighted vtx <tot max min avg> 334156823.0 718.0 508.0 637.354
PARMA_STATUS after weighted edge <tot max min avg> 1813305017.0 3780.0 3111.0 3458.605
PARMA_STATUS after weighted face <tot max min avg> 2768749954.0 5483.0 4812.0 5280.971
PARMA_STATUS after weighted rgn <tot max min avg> 1289217728.0 2575.0 2123.0 2458.988
PARMA_STATUS after owned bdry vtx <tot max min avg> 76464389 606 0 145.844
PARMA_STATUS after shared bdry vtx <tot max min avg> 186846101 606 150 356.381
PARMA_STATUS after model bdry vtx <tot max min avg> 6768171 206 0 12.909
PARMA_STATUS after sharedSidesToElements <max min avg> 0.712 0.115 0.287
PARMA_STATUS after entity imbalance <v e f r>: 1.13 1.09 1.04 1.05

All tests passed
