MPIDI_Process.*
  verbose               : 22176976
  statistics            : 1
  contexts              : 0
  async_progress        : 1
  context_post          : 0
  pt2pt.limits
    application
      eager
        remote, local   : 1, 4097
      short
        remote, local   : 4097, 113
    internal
      eager
        remote, local   : 113, 4097
      short
        remote, local   : 4097, 113
  rma_pending           : 113
  shmem_pt2pt           : 1000
  disable_internal_eager_scale : 1
  optimized.collectives : 524288
  optimized.select_colls: 1
  optimized.subcomms    : 2
  optimized.memory      : 1
  optimized.num_requests: 0
  mpir_nbc              : 16
  numTasks              : 1
mpi thread level        : 'MPI_THREAD_SINGLE'
MPIU_THREAD_GRANULARITY : 'per object'
ASSERT_LEVEL            : 2
MPICH_LIBDIR           : not defined
The following MPICH_* environment variables were specified:
The following PAMID_* environment variables were specified:
  PAMID_VERBOSE=1
The following PAMI_* environment variables were specified:
The following COMMAGENT_* environment variables were specified:
The following MUSPI_* environment variables were specified:
The following BG_* environment variables were specified:
  BG_SHAREDMEMSIZE=64MB
model /projects/HighLift/cwsmith/phasta-boeing-1B/translated-model.dmg loaded in 1.933044 seconds
mesh bz2:/projects/HighLift/cwsmith/phasta-boeing-1B/128Ki/mdsMesh_bz2/ loaded in 30.107612 seconds
number of tet 1289217728 hex 0 prism 0 pyramid 0
mesh entity counts: v 223775111 e 1518185201 f 2583627817 r 1289217728
PARMA_STATUS initial disconnected <max avg> 3 0.003
PARMA_STATUS initial neighbors <max avg> 98 15.341
PARMA_STATUS initial smallest side of max neighbor part 1
PARMA_STATUS initial num parts with max neighbors 1
PARMA_STATUS initial empty parts 0
PARMA_STATUS initial small neighbor counts 1:69768 2:35000 3:29408 4:27584 5:26862 6:25168 7:24484 8:23260 9:22646 10:22410 
PARMA_STATUS initial weighted vtx <tot max min avg> 281333402.0 2424.0 1802.0 2146.404
PARMA_STATUS initial weighted edge <tot max min avg> 1680751703.0 13450.0 11304.0 12823.118
PARMA_STATUS initial weighted face <tot max min avg> 2688767101.0 21017.0 18297.0 20513.665
PARMA_STATUS initial weighted rgn <tot max min avg> 1289217728.0 10013.0 8778.0 9835.951
PARMA_STATUS initial owned bdry vtx <tot max min avg> 48683062 1197 0 371.422
PARMA_STATUS initial shared bdry vtx <tot max min avg> 106241353 1246 280 810.557
PARMA_STATUS initial model bdry vtx <tot max min avg> 6123536 423 0 46.719
PARMA_STATUS initial sharedSidesToElements <max min avg> 0.255 0.057 0.163
PARMA_STATUS initial entity imbalance <v e f r>: 1.13 1.05 1.02 1.02
PARMA_STATUS stepFactor 0.500
PARMA_STATUS sideTol 810
PARMA_STATUS vtxImb 1.129331 avgSides 810.557198
PARMA_STATUS vtx imbalance 1.129 avg 2146.404
PARMA_STATUS imbSlope 1.000000 sidesSlope 1.000000
PARMA_STATUS 3123858 elements migrated in 0.581986 seconds
PARMA_STATUS vtxImb 1.071188 avgSides 808.679207
PARMA_STATUS vtx imbalance 1.071 avg 2145.281
PARMA_STATUS imbSlope 1.000000 sidesSlope 1.000000
PARMA_STATUS 2033032 elements migrated in 0.383377 seconds
PARMA_STATUS vtxImb 1.064069 avgSides 807.604332
PARMA_STATUS vtx imbalance 1.064 avg 2144.597
PARMA_STATUS imbSlope 0.638782 sidesSlope -0.093183
PARMA_STATUS 1469798 elements migrated in 0.292844 seconds
PARMA_STATUS vtxImb 1.056866 avgSides 806.791847
PARMA_STATUS vtx imbalance 1.057 avg 2144.074
PARMA_STATUS imbSlope 0.477317 sidesSlope -0.371405
PARMA_STATUS 1193474 elements migrated in 0.268109 seconds
PARMA_STATUS vtxImb 1.053806 avgSides 806.145096
PARMA_STATUS vtx imbalance 1.054 avg 2143.659
PARMA_STATUS imbSlope 0.379999 sidesSlope -0.476194
PARMA_STATUS 1028360 elements migrated in 0.257602 seconds
PARMA_STATUS vtxImb 1.051176 avgSides 805.596336
PARMA_STATUS vtx imbalance 1.051 avg 2143.314
PARMA_STATUS imbSlope 0.316120 sidesSlope -0.512786
PARMA_STATUS 915840 elements migrated in 0.247925 seconds
PARMA_STATUS vtxImb 1.049919 avgSides 805.130943
PARMA_STATUS vtx imbalance 1.050 avg 2143.023
PARMA_STATUS imbSlope 0.270486 sidesSlope -0.523880
PARMA_STATUS vertices balanced in 6 steps to 1.050000 in 13.345845 seconds
PARMA_STATUS post vertices disconnected <max avg> 3 0.014
PARMA_STATUS post vertices neighbors <max avg> 85 15.307
PARMA_STATUS post vertices smallest side of max neighbor part 1
PARMA_STATUS post vertices num parts with max neighbors 1
PARMA_STATUS post vertices empty parts 0
PARMA_STATUS post vertices small neighbor counts 1:65380 2:33316 3:29386 4:26996 5:27134 6:25426 7:24534 8:24384 9:23340 10:22710 
PARMA_STATUS post vertices weighted vtx <tot max min avg> 280890285.0 2250.0 1868.0 2143.023
PARMA_STATUS post vertices weighted edge <tot max min avg> 1679595563.0 13137.0 11722.0 12814.297
PARMA_STATUS post vertices weighted face <tot max min avg> 2688053683.0 21293.0 18591.0 20508.222
PARMA_STATUS post vertices weighted rgn <tot max min avg> 1289217728.0 10343.0 8837.0 9835.951
PARMA_STATUS post vertices owned bdry vtx <tot max min avg> 48414949 1097 0 369.377
PARMA_STATUS post vertices shared bdry vtx <tot max min avg> 105530123 1097 336 805.131
PARMA_STATUS post vertices model bdry vtx <tot max min avg> 6139687 446 0 46.842
PARMA_STATUS post vertices sharedSidesToElements <max min avg> 0.236 0.065 0.162
PARMA_STATUS post vertices entity imbalance <v e f r>: 1.05 1.03 1.04 1.05
PARMA_STATUS stepFactor 0.500
PARMA_STATUS maxVtx 2250.000
PARMA_STATUS sideTol 805
PARMA_STATUS vtx imbalance 1.050
PARMA_STATUS elmImb 1.051551 avgSides 805.130943
PARMA_STATUS elm imbalance 1.052 avg 9835.951
PARMA_STATUS imbSlope 1.000000 sidesSlope 1.000000
PARMA_STATUS 3269492 elements migrated in 0.481435 seconds
PARMA_STATUS vtx imbalance 1.050
PARMA_STATUS elmImb 1.030810 avgSides 803.072998
PARMA_STATUS elm imbalance 1.031 avg 9835.951
PARMA_STATUS imbSlope 1.000000 sidesSlope 1.000000
PARMA_STATUS elements balanced in 1 steps to 1.050000 in 4.371568 seconds
PARMA_STATUS final disconnected <max avg> 6 0.147
PARMA_STATUS final neighbors <max avg> 91 15.300
PARMA_STATUS final smallest side of max neighbor part 1
PARMA_STATUS final num parts with max neighbors 1
PARMA_STATUS final empty parts 0
PARMA_STATUS final small neighbor counts 1:65922 2:33046 3:28146 4:26412 5:26364 6:24818 7:24980 8:24504 9:23330 10:22622 
PARMA_STATUS final weighted vtx <tot max min avg> 280751575.0 2250.0 1832.0 2141.965
PARMA_STATUS final weighted edge <tot max min avg> 1679197862.0 13120.0 11730.0 12811.263
PARMA_STATUS final weighted face <tot max min avg> 2687794014.0 20988.0 18998.0 20506.241
PARMA_STATUS final weighted rgn <tot max min avg> 1289217728.0 10139.0 9041.0 9835.951
PARMA_STATUS final owned bdry vtx <tot max min avg> 48283920 1125 0 368.377
PARMA_STATUS final shared bdry vtx <tot max min avg> 105260384 1125 289 803.073
PARMA_STATUS final model bdry vtx <tot max min avg> 6140803 431 0 46.851
PARMA_STATUS final sharedSidesToElements <max min avg> 0.237 0.058 0.162
PARMA_STATUS final entity imbalance <v e f r>: 1.05 1.02 1.02 1.03
